Series([], Name: pdb_file, dtype: object)
['flatness', 'DockQ', 'pdb_file', 'pdb_id']
/home/as4643/palmer_scratch/Protein-Decoy-Detection-SVR/predictions_capri/contacts_rsm_hydro.csv
BEGINNING TRAINING
DONE TRAINING
DONE PREDICTING
        MAE       MSE        R2
0  0.233215  0.110436 -0.132759
                                  pdb_file  actual_DockQ  prediction
0      complex.0_0_14_corrected_H_0001_T30         0.030    0.127453
1      complex.0_0_16_corrected_H_0001_T30         0.044    0.126123
2      complex.0_0_24_corrected_H_0001_T30         0.029    0.118641
3      complex.0_0_25_corrected_H_0001_T30         0.048    0.122245
4      complex.0_0_31_corrected_H_0001_T30         0.043    0.125162
...                                    ...           ...         ...
21301  complex.9752_1_corrected_H_0001_T54         0.071    0.126225
21302  complex.9768_3_corrected_H_0001_T54         0.026    0.128107
21303  complex.9780_3_corrected_H_0001_T54         0.067    0.125438
21304  complex.9780_5_corrected_H_0001_T54         0.072    0.125355
21305  complex.9964_5_corrected_H_0001_T54         0.156    0.127868

[21306 rows x 3 columns]
