Processing file 1a22_assembly1.pdb
Processing file 1a2x_assembly1.pdb
Processing file 1a6z_assembly1.pdb
Processing file 1abr_assembly1.pdb
Processing file 1agr_assembly1.pdb
Processing file 1aks_assembly1.pdb
Processing file 1all_assembly1.pdb
Processing file 1aqk_assembly1.pdb
Processing file 1aro_assembly1.pdb
Processing file 1aui_assembly1.pdb
Processing file 1aut_assembly1.pdb
Processing file 1avf_assembly1.pdb
Processing file 1avw_assembly1.pdb
Processing file 1ay1_assembly1.pdb
Processing file 1b34_assembly1.pdb
Processing file 1b5f_assembly3.pdb
Processing file 1b6c_assembly3.pdb
Processing file 1b8m_assembly1.pdb
Processing file 1bh9_assembly1.pdb
Processing file 1blx_assembly1.pdb
Processing file 1bml_assembly3.pdb
Processing file 1bpl_assembly1.pdb
Processing file 1brb_assembly1.pdb
Processing file 1brc_assembly1.pdb
Processing file 1brl_assembly1.pdb
Processing file 1buh_assembly1.pdb
Processing file 1bun_assembly1.pdb
Processing file 1bvl_assembly1.pdb
Processing file 1bvn_assembly1.pdb
Processing file 1bzx_assembly1.pdb
Processing file 1c1y_assembly1.pdb
Processing file 1c40_assembly1.pdb
Processing file 1c8o_assembly1.pdb
Processing file 1cgi_assembly1.pdb
Processing file 1clv_assembly1.pdb
Processing file 1co7_assembly1.pdb
Processing file 1cse_assembly1.pdb
Processing file 1ct4_assembly1.pdb
Processing file 1cxz_assembly1.pdb
Processing file 1d2z_assembly1.pdb
Processing file 1d3b_assembly2.pdb
Processing file 1d4x_assembly1.pdb
Processing file 1dee_assembly1.pdb
Processing file 1dev_assembly1.pdb
Processing file 1df0_assembly1.pdb
Processing file 1dkf_assembly1.pdb
Processing file 1dml_assembly3.pdb
Processing file 1dow_assembly1.pdb
Processing file 1dqd_assembly1.pdb
Processing file 1ds6_assembly1.pdb
Processing file 1dzb_assembly1.pdb
Processing file 1e50_assembly3.pdb
Processing file 1e96_assembly1.pdb
Processing file 1eai_assembly3.pdb
Processing file 1eaw_assembly1.pdb
Processing file 1eay_assembly1.pdb
Processing file 1egp_assembly1.pdb
Processing file 1eja_assembly1.pdb
Processing file 1ejm_assembly3.pdb
Processing file 1em8_assembly1.pdb
Processing file 1es0_assembly1.pdb
Processing file 1etr_assembly1.pdb
Processing file 1f2s_assembly1.pdb
Processing file 1f2t_assembly1.pdb
Processing file 1f3u_assembly3.pdb
Processing file 1f3v_assembly1.pdb
Processing file 1f45_assembly1.pdb
Processing file 1f59_assembly1.pdb
Processing file 1f5q_assembly1.pdb
Processing file 1f5r_assembly1.pdb
Processing file 1ffg_assembly1.pdb
Processing file 1fle_assembly1.pdb
Processing file 1fm2_assembly1.pdb
Processing file 1fma_assembly1.pdb
Processing file 1fq1_assembly1.pdb
Processing file 1fqj_assembly2.pdb
Processing file 1fqv_assembly3.pdb
Processing file 1fr2_assembly1.pdb
Processing file 1fs0_assembly1.pdb
Processing file 1fss_assembly1.pdb
Processing file 1ft1_assembly1.pdb
Processing file 1fxw_assembly1.pdb
Processing file 1fyh_assembly1.pdb
Processing file 1g0y_assembly1.pdb
Processing file 1g2l_assembly1.pdb
Processing file 1g3j_assembly1.pdb
Processing file 1g73_assembly1.pdb
Processing file 1g9i_assembly1.pdb
Processing file 1ghf_assembly1.pdb
Processing file 1gl0_assembly1.pdb
Processing file 1gl1_assembly3.pdb
Processing file 1gl4_assembly1.pdb
Processing file 1gng_assembly1.pdb
Processing file 1go3_assembly1.pdb
Processing file 1gpw_assembly3.pdb
Processing file 1gzh_assembly1.pdb
Processing file 1gzp_assembly1.pdb
Processing file 1gzs_assembly1.pdb
Processing file 1h2v_assembly1.pdb
Processing file 1h3o_assembly1.pdb
Processing file 1h6k_assembly3.pdb
Processing file 1h9h_assembly1.pdb
Processing file 1h9i_assembly1.pdb
Processing file 1he8_assembly1.pdb
Processing file 1hl6_assembly1.pdb
Processing file 1hr6_assembly3.pdb
Processing file 1huc_assembly1.pdb
Processing file 1hwm_assembly1.pdb
Processing file 1hx1_assembly1.pdb
Processing file 1i8l_assembly1.pdb
Processing file 1iar_assembly1.pdb
Processing file 1ibr_assembly1.pdb
Processing file 1iil_assembly3.pdb
Processing file 1iq5_assembly1.pdb
Processing file 1ira_assembly1.pdb
Processing file 1ird_assembly1.pdb
Processing file 1j2j_assembly1.pdb
Processing file 1jat_assembly1.pdb
Processing file 1jdh_assembly1.pdb
Processing file 1jen_assembly1.pdb
Processing file 1jeq_assembly1.pdb
Processing file 1jk0_assembly1.pdb
Processing file 1jkg_assembly1.pdb
Processing file 1jpw_assembly3.pdb
Processing file 1jql_assembly1.pdb
Processing file 1jsd_assembly1.pdb
Processing file 1jsm_assembly1.pdb
Processing file 1jtd_assembly1.pdb
Processing file 1jtg_assembly1.pdb
Processing file 1jwi_assembly1.pdb
Processing file 1k8r_assembly1.pdb
Processing file 1k90_assembly3.pdb
Processing file 1k93_assembly3.pdb
Processing file 1k9o_assembly1.pdb
Processing file 1ka9_assembly1.pdb
Processing file 1kd8_assembly3.pdb
Processing file 1kd9_assembly3.pdb
Processing file 1kdq_assembly1.pdb
Processing file 1kgc_assembly1.pdb
Processing file 1kps_assembly1.pdb
Processing file 1krl_assembly1.pdb
Processing file 1ksh_assembly1.pdb
Processing file 1kve_assembly1.pdb
Processing file 1kxp_assembly1.pdb
Processing file 1kxv_assembly1.pdb
Processing file 1kz7_assembly1.pdb
Processing file 1l0y_assembly2.pdb
Processing file 1l4d_assembly1.pdb
Processing file 1lb1_assembly3.pdb
Processing file 1ldj_assembly1.pdb
Processing file 1ldt_assembly1.pdb
Processing file 1lfd_assembly1.pdb
Processing file 1loe_assembly3.pdb
Processing file 1lq8_assembly3.pdb
Processing file 1luj_assembly1.pdb
Processing file 1m1e_assembly1.pdb
Processing file 1m2v_assembly1.pdb
Processing file 1m5n_assembly1.pdb
Processing file 1mct_assembly1.pdb
Processing file 1mcv_assembly1.pdb
Processing file 1mee_assembly1.pdb
Processing file 1mg9_assembly1.pdb
Processing file 1mhm_assembly1.pdb
Processing file 1mim_assembly1.pdb
Processing file 1mqs_assembly1.pdb
Processing file 1mr1_assembly1.pdb
Processing file 1mtp_assembly1.pdb
Processing file 1mxe_assembly1.pdb
Processing file 1mz8_assembly1.pdb
Processing file 1mzw_assembly1.pdb
Processing file 1n0l_assembly1.pdb
Processing file 1nbf_assembly1.pdb
Processing file 1nfu_assembly1.pdb
Processing file 1ngq_assembly1.pdb
Processing file 1nm1_assembly1.pdb
Processing file 1nw9_assembly1.pdb
Processing file 1o5e_assembly1.pdb
Processing file 1oc0_assembly1.pdb
Processing file 1oey_assembly3.pdb
Processing file 1oph_assembly1.pdb
Processing file 1oqs_assembly3.pdb
Processing file 1oz7_assembly1.pdb
Processing file 1p27_assembly3.pdb
Processing file 1p2k_assembly1.pdb
Processing file 1p5v_assembly1.pdb
Processing file 1p6a_assembly1.pdb
Processing file 1pid_assembly1.pdb
Processing file 1pjm_assembly1.pdb
Processing file 1pjn_assembly1.pdb
Processing file 1pk1_assembly1.pdb
Processing file 1plg_assembly1.pdb
Processing file 1ppe_assembly1.pdb
Processing file 1ppf_assembly1.pdb
Processing file 1pq1_assembly1.pdb
Processing file 1pvh_assembly1.pdb
Processing file 1qbk_assembly1.pdb
Processing file 1qbl_assembly1.pdb
Processing file 1qge_assembly1.pdb
Processing file 1qgk_assembly1.pdb
Processing file 1qgr_assembly1.pdb
Processing file 1qtx_assembly1.pdb
Processing file 1qun_assembly3.pdb
Processing file 1r0r_assembly1.pdb
Processing file 1r3h_assembly3.pdb
Processing file 1rkc_assembly1.pdb
Processing file 1rke_assembly1.pdb
Processing file 1rp3_assembly3.pdb
Processing file 1s1q_assembly1.pdb
Processing file 1sb2_assembly1.pdb
Processing file 1sbn_assembly1.pdb
Processing file 1scj_assembly1.pdb
Processing file 1shw_assembly1.pdb
Processing file 1spb_assembly1.pdb
Processing file 1sq0_assembly1.pdb
Processing file 1sq2_assembly1.pdb
Processing file 1sqk_assembly1.pdb
Processing file 1stf_assembly1.pdb
Processing file 1sv0_assembly1.pdb
Processing file 1svx_assembly1.pdb
Processing file 1syx_assembly3.pdb
Processing file 1t01_assembly1.pdb
Processing file 1t0h_assembly1.pdb
Processing file 1t1n_assembly1.pdb
Processing file 1tbg_assembly3.pdb
Processing file 1tej_assembly1.pdb
Processing file 1tfx_assembly1.pdb
Processing file 1tgs_assembly1.pdb
Processing file 1th1_assembly1.pdb
Processing file 1tmq_assembly1.pdb
Processing file 1tnr_assembly1.pdb
Processing file 1to2_assembly1.pdb
Processing file 1tue_assembly3.pdb
Processing file 1ty4_assembly3.pdb
Processing file 1u0s_assembly1.pdb
Processing file 1u58_assembly1.pdb
Processing file 1u6h_assembly1.pdb
Processing file 1uad_assembly1.pdb
Processing file 1ucb_assembly1.pdb
Processing file 1udi_assembly1.pdb
Processing file 1ugr_assembly1.pdb
Processing file 1uos_assembly3.pdb
Processing file 1us7_assembly1.pdb
Processing file 1usu_assembly1.pdb
Processing file 1uug_assembly1.pdb
Processing file 1uuz_assembly1.pdb
Processing file 1uzx_assembly1.pdb
Processing file 1v18_assembly1.pdb
Processing file 1v4l_assembly3.pdb
Processing file 1v74_assembly1.pdb
Processing file 1vrs_assembly3.pdb
Processing file 1vyt_assembly1.pdb
Processing file 1w1w_assembly3.pdb
Processing file 1w98_assembly1.pdb
Processing file 1wkw_assembly1.pdb
Processing file 1wr6_assembly3.pdb
Processing file 1wx5_assembly1.pdb
Processing file 1x3w_assembly1.pdb
Processing file 1xb2_assembly1.pdb
Processing file 1xcg_assembly1.pdb
Processing file 1xew_assembly1.pdb
Processing file 1xl3_assembly1.pdb
Processing file 1xou_assembly1.pdb
Processing file 1xqs_assembly2.pdb
Processing file 1xwj_assembly1.pdb
Processing file 1y01_assembly1.pdb
Processing file 1y14_assembly3.pdb
Processing file 1y8x_assembly1.pdb
Processing file 1y96_assembly1.pdb
Processing file 1yag_assembly1.pdb
Processing file 1ycs_assembly1.pdb
Processing file 1ydi_assembly1.pdb
Processing file 1ykh_assembly1.pdb
Processing file 1yov_assembly1.pdb
Processing file 1yrt_assembly1.pdb
Processing file 1yu6_assembly1.pdb
Processing file 1yvb_assembly1.pdb
Processing file 1z0j_assembly1.pdb
Processing file 1z0k_assembly1.pdb
Processing file 1z3e_assembly1.pdb
Processing file 1z92_assembly1.pdb
Processing file 1zbd_assembly1.pdb
Processing file 1zbx_assembly1.pdb
Processing file 1zc3_assembly1.pdb
Processing file 1zjd_assembly1.pdb
Processing file 1zoq_assembly1.pdb
Processing file 1zr0_assembly1.pdb
Processing file 1zs8_assembly3.pdb
Processing file 1zud_assembly3.pdb
Processing file 1zun_assembly1.pdb
Processing file 1zvz_assembly1.pdb
Processing file 1zw2_assembly1.pdb
Processing file 2a1j_assembly1.pdb
Processing file 2a5f_assembly1.pdb
Processing file 2a9k_assembly1.pdb
Processing file 2acl_assembly3.pdb
Processing file 2aho_assembly1.pdb
Processing file 2apo_assembly1.pdb
Processing file 2aq1_assembly3.pdb
Processing file 2b0z_assembly1.pdb
Processing file 2b42_assembly1.pdb
Processing file 2b59_assembly1.pdb
Processing file 2b5l_assembly1.pdb
Processing file 2b5u_assembly1.pdb
Processing file 2bcg_assembly1.pdb
Processing file 2bcx_assembly1.pdb
Processing file 2be6_assembly1.pdb
Processing file 2bec_assembly1.pdb
Processing file 2bex_assembly1.pdb
Processing file 2bf8_assembly1.pdb
Processing file 2bh1_assembly2.pdb
Processing file 2bkk_assembly1.pdb
Processing file 2bku_assembly1.pdb
Processing file 2bnu_assembly1.pdb
Processing file 2bov_assembly1.pdb
Processing file 2btc_assembly1.pdb
Processing file 2bym_assembly1.pdb
Processing file 2bz6_assembly1.pdb
Processing file 2bzw_assembly1.pdb
Processing file 2c0l_assembly1.pdb
Processing file 2c1m_assembly1.pdb
Processing file 2c1o_assembly1.pdb
Processing file 2c1t_assembly1.pdb
Processing file 2c35_assembly3.pdb
Processing file 2c5i_assembly1.pdb
Processing file 2c5l_assembly2.pdb
Processing file 2c7n_assembly3.pdb
Processing file 2ccl_assembly1.pdb
Processing file 2cdf_assembly1.pdb
Processing file 2cdg_assembly1.pdb
Processing file 2cmy_assembly1.pdb
Processing file 2cny_assembly1.pdb
Processing file 2cnz_assembly1.pdb
Processing file 2co1_assembly1.pdb
Processing file 2co4_assembly1.pdb
Processing file 2co6_assembly1.pdb
Processing file 2cyz_assembly1.pdb
Processing file 2d04_assembly3.pdb
Processing file 2d07_assembly1.pdb
Processing file 2d10_assembly3.pdb
Processing file 2d74_assembly1.pdb
Processing file 2d7c_assembly1.pdb
Processing file 2dbu_assembly1.pdb
Processing file 2doh_assembly1.pdb
Processing file 2ds2_assembly1.pdb
Processing file 2dyo_assembly1.pdb
Processing file 2dzn_assembly3.pdb
Processing file 2e31_assembly1.pdb
Processing file 2efd_assembly1.pdb
Processing file 2ehb_assembly1.pdb
Processing file 2ejg_assembly1.pdb
Processing file 2eke_assembly1.pdb
Processing file 2erh_assembly1.pdb
Processing file 2ex3_assembly3.pdb
Processing file 2eyr_assembly1.pdb
Processing file 2f31_assembly1.pdb
Processing file 2f4m_assembly1.pdb
Processing file 2f91_assembly1.pdb
Processing file 2f9z_assembly1.pdb
Processing file 2fdb_assembly1.pdb
Processing file 2fju_assembly1.pdb
Processing file 2fot_assembly1.pdb
Processing file 2fp4_assembly1.pdb
Processing file 2fu5_assembly1.pdb
Processing file 2fun_assembly1.pdb
Processing file 2fyc_assembly2.pdb
Processing file 2g45_assembly1.pdb
Processing file 2ga9_assembly1.pdb
Processing file 2gdc_assembly1.pdb
Processing file 2gjx_assembly1.pdb
Processing file 2gol_assembly1.pdb
Processing file 2grr_assembly1.pdb
Processing file 2gsk_assembly1.pdb
Processing file 2gtp_assembly1.pdb
Processing file 2guz_assembly3.pdb
Processing file 2gwf_assembly3.pdb
Processing file 2h47_assembly3.pdb
Processing file 2h4c_assembly3.pdb
Processing file 2h4p_assembly1.pdb
Processing file 2h4q_assembly1.pdb
Processing file 2h7v_assembly1.pdb
Processing file 2hdi_assembly1.pdb
Processing file 2hle_assembly1.pdb
Processing file 2hqh_assembly3.pdb
Processing file 2hrk_assembly1.pdb
Processing file 2hzm_assembly3.pdb
Processing file 2i25_assembly1.pdb
Processing file 2i26_assembly3.pdb
Processing file 2i3s_assembly3.pdb
Processing file 2i3t_assembly3.pdb
Processing file 2i9b_assembly3.pdb
Processing file 2ial_assembly1.pdb
Processing file 2ibg_assembly3.pdb
Processing file 2ido_assembly1.pdb
Processing file 2ie4_assembly1.pdb
Processing file 2ihb_assembly1.pdb
Processing file 2ik8_assembly2.pdb
Processing file 2iw5_assembly1.pdb
Processing file 2iwt_assembly1.pdb
Processing file 2iy1_assembly1.pdb
Processing file 2iyb_assembly3.pdb
Processing file 2j0m_assembly1.pdb
Processing file 2j59_assembly3.pdb
Processing file 2j9u_assembly1.pdb
Processing file 2jby_assembly1.pdb
Processing file 2jgz_assembly1.pdb
Processing file 2jjt_assembly1.pdb
Processing file 2kin_assembly1.pdb
Processing file 2ltn_assembly3.pdb
Processing file 2nla_assembly1.pdb
Processing file 2nnu_assembly1.pdb
Processing file 2npt_assembly1.pdb
Processing file 2nqo_assembly3.pdb
Processing file 2nts_assembly1.pdb
Processing file 2nw2_assembly1.pdb
Processing file 2nxn_assembly1.pdb
Processing file 2nxx_assembly3.pdb
Processing file 2nz8_assembly1.pdb
Processing file 2o25_assembly1.pdb
Processing file 2o2v_assembly1.pdb
Processing file 2o4x_assembly1.pdb
Processing file 2o60_assembly1.pdb
Processing file 2o8a_assembly1.pdb
Processing file 2ode_assembly1.pdb
Processing file 2okr_assembly1.pdb
Processing file 2omz_assembly1.pdb
Processing file 2oob_assembly1.pdb
Processing file 2ot3_assembly1.pdb
Processing file 2ov2_assembly1.pdb
Processing file 2ovp_assembly1.pdb
Processing file 2oxg_assembly3.pdb
Processing file 2oza_assembly1.pdb
Processing file 2ozn_assembly1.pdb
Processing file 2p1l_assembly3.pdb
Processing file 2p1m_assembly1.pdb
Processing file 2p24_assembly1.pdb
Processing file 2p7v_assembly1.pdb
Processing file 2p8q_assembly1.pdb
Processing file 2pcb_assembly1.pdb
Processing file 2pgb_assembly1.pdb
Processing file 2plx_assembly1.pdb
Processing file 2pmi_assembly1.pdb
Processing file 2pms_assembly1.pdb
Processing file 2pqa_assembly1.pdb
Processing file 2pqn_assembly1.pdb
Processing file 2pqr_assembly1.pdb
Processing file 2psm_assembly1.pdb
Processing file 2ptt_assembly1.pdb
Processing file 2q1z_assembly1.pdb
Processing file 2q86_assembly1.pdb
Processing file 2qho_assembly3.pdb
Processing file 2qk7_assembly1.pdb
Processing file 2qkh_assembly1.pdb
Processing file 2qkl_assembly1.pdb
Processing file 2qkm_assembly3.pdb
Processing file 2qn5_assembly1.pdb
Processing file 2qna_assembly1.pdb
Processing file 2qsf_assembly1.pdb
Processing file 2qtw_assembly1.pdb
Processing file 2qvs_assembly1.pdb
Processing file 2qwo_assembly1.pdb
Processing file 2qxv_assembly1.pdb
Processing file 2r40_assembly1.pdb
Processing file 2raw_assembly1.pdb
Processing file 2rd7_assembly1.pdb
Processing file 2rfe_assembly1.pdb
Processing file 2sni_assembly1.pdb
Processing file 2sta_assembly1.pdb
Processing file 2stb_assembly1.pdb
Processing file 2tec_assembly1.pdb
Processing file 2uuy_assembly1.pdb
Processing file 2uy7_assembly2.pdb
Processing file 2uyz_assembly1.pdb
Processing file 2uzx_assembly1.pdb
Processing file 2v1y_assembly1.pdb
Processing file 2v4z_assembly1.pdb
Processing file 2v5q_assembly1.pdb
Processing file 2v8s_assembly1.pdb
Processing file 2v9t_assembly1.pdb
Processing file 2vdu_assembly3.pdb
Processing file 2vdw_assembly1.pdb
Processing file 2vl5_assembly1.pdb
Processing file 2vlm_assembly1.pdb
Processing file 2vn5_assembly1.pdb
Processing file 2vn6_assembly1.pdb
Processing file 2voi_assembly1.pdb
Processing file 2vpb_assembly1.pdb
Processing file 2vrr_assembly1.pdb
Processing file 2vrw_assembly1.pdb
Processing file 2vso_assembly1.pdb
Processing file 2vt1_assembly1.pdb
Processing file 2vu8_assembly1.pdb
Processing file 2vut_assembly1.pdb
Processing file 2vzk_assembly2.pdb
Processing file 2w07_assembly1.pdb
Processing file 2w2x_assembly1.pdb
Processing file 2w81_assembly3.pdb
Processing file 2w8b_assembly3.pdb
Processing file 2w9z_assembly1.pdb
Processing file 2way_assembly1.pdb
Processing file 2wbw_assembly1.pdb
Processing file 2wd5_assembly1.pdb
Processing file 2wel_assembly1.pdb
Processing file 2wfv_assembly1.pdb
Processing file 2wjv_assembly1.pdb
Processing file 2wo2_assembly1.pdb
Processing file 2wo3_assembly1.pdb
Processing file 2wpv_assembly3.pdb
Processing file 2wus_assembly1.pdb
Processing file 2wwx_assembly1.pdb
Processing file 2wy3_assembly1.pdb
Processing file 2wy8_assembly1.pdb
Processing file 2x0g_assembly1.pdb
Processing file 2x51_assembly1.pdb
Processing file 2x7r_assembly3.pdb
Processing file 2x9a_assembly1.pdb
Processing file 2xa0_assembly1.pdb
Processing file 2xbb_assembly1.pdb
Processing file 2xg4_assembly1.pdb
Processing file 2xhe_assembly1.pdb
Processing file 2xjy_assembly1.pdb
Processing file 2xpn_assembly1.pdb
Processing file 2xpp_assembly1.pdb
Processing file 2xtt_assembly1.pdb
Processing file 2xv6_assembly2.pdb
Processing file 2xwu_assembly1.pdb
Processing file 2xze_assembly1.pdb
Processing file 2y3n_assembly1.pdb
Processing file 2y8t_assembly1.pdb
Processing file 2y9w_assembly1.pdb
Processing file 2yc2_assembly1.pdb
Processing file 2yho_assembly3.pdb
Processing file 2yin_assembly1.pdb
Processing file 2yle_assembly1.pdb
Processing file 2z35_assembly1.pdb
Processing file 2z3q_assembly1.pdb
Processing file 2z57_assembly1.pdb
Processing file 2z5b_assembly1.pdb
Processing file 2z64_assembly1.pdb
Processing file 2z6k_assembly1.pdb
Processing file 2z7f_assembly1.pdb
Processing file 2z8v_assembly1.pdb
Processing file 2zae_assembly1.pdb
Processing file 2zfd_assembly1.pdb
Processing file 2ziu_assembly1.pdb
Processing file 2ziv_assembly1.pdb
Processing file 2zsi_assembly1.pdb
Processing file 3a1g_assembly1.pdb
Processing file 3a1p_assembly1.pdb
Processing file 3a2f_assembly1.pdb
Processing file 3a3o_assembly1.pdb
Processing file 3a58_assembly1.pdb
Processing file 3a7q_assembly1.pdb
Processing file 3a8k_assembly1.pdb
Processing file 3a8y_assembly1.pdb
Processing file 3a98_assembly1.pdb
Processing file 3aa7_assembly1.pdb
Processing file 3ab3_assembly1.pdb
Processing file 3abd_assembly1.pdb
Processing file 3ajb_assembly1.pdb
Processing file 3aji_assembly1.pdb
Processing file 3ako_assembly1.pdb
Processing file 3al4_assembly1.pdb
Processing file 3amj_assembly3.pdb
Processing file 3anw_assembly1.pdb
Processing file 3aqb_assembly1.pdb
Processing file 3aqf_assembly1.pdb
Processing file 3au4_assembly1.pdb
Processing file 3axj_assembly1.pdb
Processing file 3axl_assembly1.pdb
Processing file 3ayh_assembly1.pdb
Processing file 3b08_assembly1.pdb
Processing file 3b0b_assembly3.pdb
Processing file 3b1s_assembly3.pdb
Processing file 3b82_assembly1.pdb
Processing file 3bc1_assembly1.pdb
Processing file 3bdw_assembly1.pdb
Processing file 3bei_assembly1.pdb
Processing file 3bik_assembly1.pdb
Processing file 3bji_assembly1.pdb
Processing file 3bk3_assembly3.pdb
Processing file 3blh_assembly1.pdb
Processing file 3brt_assembly3.pdb
Processing file 3brv_assembly3.pdb
Processing file 3bs5_assembly1.pdb
Processing file 3bya_assembly1.pdb
Processing file 3byt_assembly3.pdb
Processing file 3bzv_assembly1.pdb
Processing file 3c05_assembly1.pdb
Processing file 3c0t_assembly1.pdb
Processing file 3c4m_assembly1.pdb
Processing file 3c5t_assembly1.pdb
Processing file 3c66_assembly1.pdb
Processing file 3c7k_assembly1.pdb
Processing file 3caa_assembly1.pdb
Processing file 3cbj_assembly1.pdb
Processing file 3cjr_assembly1.pdb
Processing file 3cjt_assembly8.pdb
Processing file 3cnq_assembly1.pdb
Processing file 3cph_assembly1.pdb
Processing file 3cpj_assembly1.pdb
Processing file 3cpt_assembly1.pdb
Processing file 3cqc_assembly1.pdb
Processing file 3cqg_assembly1.pdb
Processing file 3csn_assembly1.pdb
Processing file 3cx8_assembly1.pdb
Processing file 3cy5_assembly3.pdb
Processing file 3czu_assembly1.pdb
Processing file 3d31_assembly3.pdb
Processing file 3d48_assembly1.pdb
Processing file 3d5r_assembly1.pdb
Processing file 3d65_assembly1.pdb
Processing file 3da7_assembly3.pdb
Processing file 3daw_assembly1.pdb
Processing file 3dg8_assembly1.pdb
Processing file 3dhr_assembly3.pdb
Processing file 3di2_assembly1.pdb
Processing file 3dlk_assembly1.pdb
Processing file 3dlq_assembly1.pdb
Processing file 3doe_assembly1.pdb
Processing file 3dom_assembly1.pdb
Processing file 3dpl_assembly1.pdb
Processing file 3dss_assembly1.pdb
Processing file 3duh_assembly1.pdb
Processing file 3dvj_assembly1.pdb
Processing file 3dvk_assembly1.pdb
Processing file 3dvm_assembly1.pdb
Processing file 3dvu_assembly1.pdb
Processing file 3dx9_assembly1.pdb
Processing file 3dxe_assembly1.pdb
Processing file 3e0j_assembly3.pdb
Processing file 3e2l_assembly1.pdb
Processing file 3e2u_assembly3.pdb
Processing file 3e5a_assembly1.pdb
Processing file 3ea5_assembly1.pdb
Processing file 3eab_assembly3.pdb
Processing file 3egg_assembly1.pdb
Processing file 3ei3_assembly1.pdb
Processing file 3f02_assembly1.pdb
Processing file 3f1p_assembly1.pdb
Processing file 3f62_assembly1.pdb
Processing file 3f6z_assembly3.pdb
Processing file 3f7p_assembly1.pdb
Processing file 3fal_assembly3.pdb
Processing file 3fbi_assembly1.pdb
Processing file 3fdl_assembly1.pdb
Processing file 3fhc_assembly1.pdb
Processing file 3fmo_assembly1.pdb
Processing file 3fn1_assembly1.pdb
Processing file 3fpu_assembly1.pdb
Processing file 3fqd_assembly1.pdb
Processing file 3fxd_assembly1.pdb
Processing file 3g08_assembly1.pdb
Processing file 3g3a_assembly3.pdb
Processing file 3g9k_assembly1.pdb
Processing file 3g9v_assembly1.pdb
Processing file 3g9w_assembly1.pdb
Processing file 3gb8_assembly1.pdb
Processing file 3gcg_assembly1.pdb
Processing file 3gfu_assembly1.pdb
Processing file 3gj3_assembly1.pdb
Processing file 3gj4_assembly1.pdb
Processing file 3gj5_assembly1.pdb
Processing file 3gj6_assembly1.pdb
Processing file 3gj7_assembly1.pdb
Processing file 3gj8_assembly1.pdb
Processing file 3gjn_assembly2.pdb
Processing file 3gkl_assembly1.pdb
Processing file 3gov_assembly1.pdb
Processing file 3gqb_assembly1.pdb
Processing file 3gs2_assembly3.pdb
Processing file 3gxu_assembly1.pdb
Processing file 3gym_assembly1.pdb
Processing file 3h2u_assembly1.pdb
Processing file 3h2v_assembly3.pdb
Processing file 3h3g_assembly1.pdb
Processing file 3h4s_assembly1.pdb
Processing file 3h6s_assembly3.pdb
Processing file 3h7h_assembly1.pdb
Processing file 3h8k_assembly1.pdb
Processing file 3hct_assembly1.pdb
Processing file 3hd8_assembly1.pdb
Processing file 3he5_assembly3.pdb
Processing file 3hei_assembly3.pdb
Processing file 3hhm_assembly1.pdb
Processing file 3hhs_assembly1.pdb
Processing file 3hi2_assembly2.pdb
Processing file 3hr4_assembly3.pdb
Processing file 3htu_assembly3.pdb
Processing file 3hve_assembly1.pdb
Processing file 3hvq_assembly3.pdb
Processing file 3hym_assembly3.pdb
Processing file 3iey_assembly1.pdb
Processing file 3if8_assembly1.pdb
Processing file 3ifq_assembly3.pdb
Processing file 3ima_assembly1.pdb
Processing file 3imq_assembly3.pdb
Processing file 3iwb_assembly3.pdb
Processing file 3ixs_assembly3.pdb
Processing file 3jua_assembly4.pdb
Processing file 3jza_assembly1.pdb
Processing file 3k1i_assembly1.pdb
Processing file 3k1r_assembly1.pdb
Processing file 3k6g_assembly3.pdb
Processing file 3k75_assembly1.pdb
Processing file 3k8p_assembly1.pdb
Processing file 3k9m_assembly1.pdb
Processing file 3k9o_assembly1.pdb
Processing file 3kbt_assembly1.pdb
Processing file 3kcp_assembly1.pdb
Processing file 3kf6_assembly1.pdb
Processing file 3kf8_assembly1.pdb
Processing file 3kfq_assembly1.pdb
Processing file 3kik_assembly3.pdb
Processing file 3kj0_assembly1.pdb
Processing file 3kld_assembly1.pdb
Processing file 3kmu_assembly1.pdb
Processing file 3knb_assembly1.pdb
Processing file 3kra_assembly3.pdb
Processing file 3kse_assembly3.pdb
Processing file 3kud_assembly1.pdb
Processing file 3kyj_assembly1.pdb
Processing file 3kz1_assembly1.pdb
Processing file 3l0i_assembly1.pdb
Processing file 3l0w_assembly1.pdb
Processing file 3l0x_assembly1.pdb
Processing file 3l2o_assembly1.pdb
Processing file 3l3t_assembly3.pdb
Processing file 3l9i_assembly1.pdb
Processing file 3l9j_assembly1.pdb
Processing file 3l9r_assembly3.pdb
Processing file 3lb8_assembly1.pdb
Processing file 3lbx_assembly1.pdb
Processing file 3lcp_assembly1.pdb
Processing file 3ldz_assembly3.pdb
Processing file 3lf4_assembly1.pdb
Processing file 3lpe_assembly3.pdb
Processing file 3lqv_assembly1.pdb
Processing file 3lxr_assembly1.pdb
Processing file 3m1c_assembly1.pdb
Processing file 3m1f_assembly1.pdb
Processing file 3m62_assembly1.pdb
Processing file 3m63_assembly1.pdb
Processing file 3m7f_assembly1.pdb
Processing file 3m7q_assembly1.pdb
Processing file 3mca_assembly1.pdb
Processing file 3mcb_assembly1.pdb
Processing file 3mdy_assembly1.pdb
Processing file 3me0_assembly1.pdb
Processing file 3mff_assembly1.pdb
Processing file 3mjh_assembly1.pdb
Processing file 3mkq_assembly3.pdb
Processing file 3mkr_assembly1.pdb
Processing file 3mml_assembly3.pdb
Processing file 3mmy_assembly3.pdb
Processing file 3mn5_assembly1.pdb
Processing file 3mn7_assembly1.pdb
Processing file 3mp7_assembly1.pdb
Processing file 3mqp_assembly1.pdb
Processing file 3mxn_assembly1.pdb
Processing file 3n3k_assembly1.pdb
Processing file 3n40_assembly1.pdb
Processing file 3n4i_assembly1.pdb
Processing file 3n7p_assembly3.pdb
Processing file 3n9y_assembly1.pdb
Processing file 3na0_assembly1.pdb
Processing file 3ndd_assembly1.pdb
Processing file 3nvn_assembly1.pdb
Processing file 3nyb_assembly1.pdb
Processing file 3o0g_assembly1.pdb
Processing file 3o42_assembly1.pdb
Processing file 3o65_assembly3.pdb
Processing file 3oak_assembly1.pdb
Processing file 3og4_assembly1.pdb
Processing file 3ogi_assembly1.pdb
Processing file 3oj3_assembly3.pdb
Processing file 3ojm_assembly1.pdb
Processing file 3ojv_assembly2.pdb
Processing file 3olm_assembly1.pdb
Processing file 3ong_assembly1.pdb
Processing file 3oss_assembly1.pdb
Processing file 3oun_assembly1.pdb
Processing file 3our_assembly3.pdb
Processing file 3oux_assembly1.pdb
Processing file 3owe_assembly3.pdb
Processing file 3oxu_assembly3.pdb
Processing file 3p73_assembly1.pdb
Processing file 3p95_assembly1.pdb
Processing file 3p9w_assembly3.pdb
Processing file 3pb1_assembly1.pdb
Processing file 3pge_assembly1.pdb
Processing file 3ph0_assembly1.pdb
Processing file 3pin_assembly1.pdb
Processing file 3pl7_assembly1.pdb
Processing file 3plv_assembly1.pdb
Processing file 3ptf_assembly1.pdb
Processing file 3pzd_assembly1.pdb
Processing file 3q87_assembly1.pdb
Processing file 3qbr_assembly1.pdb
Processing file 3qbt_assembly3.pdb
Processing file 3qbv_assembly1.pdb
Processing file 3qdr_assembly1.pdb
Processing file 3qeu_assembly1.pdb
Processing file 3qht_assembly2.pdb
Processing file 3qjf_assembly1.pdb
Processing file 3qjh_assembly1.pdb
Processing file 3qml_assembly1.pdb
Processing file 3qq8_assembly1.pdb
Processing file 3qrx_assembly1.pdb
Processing file 3qvg_assembly3.pdb
Processing file 3qwq_assembly1.pdb
Processing file 3qyh_assembly3.pdb
Processing file 3r0e_assembly1.pdb
Processing file 3r24_assembly1.pdb
Processing file 3r7w_assembly1.pdb
Processing file 3r84_assembly11.pdb
Processing file 3ra3_assembly1.pdb
Processing file 3rbb_assembly1.pdb
Processing file 3rdz_assembly1.pdb
Processing file 3rea_assembly1.pdb
Processing file 3req_assembly1.pdb
Processing file 3rnk_assembly1.pdb
Processing file 3rnq_assembly1.pdb
Processing file 3rt0_assembly2.pdb
Processing file 3rzw_assembly1.pdb
Processing file 3s90_assembly1.pdb
Processing file 3s97_assembly1.pdb
Processing file 3s9d_assembly1.pdb
Processing file 3sbt_assembly1.pdb
Processing file 3sci_assembly1.pdb
Processing file 3scj_assembly1.pdb
Processing file 3sf4_assembly3.pdb
Processing file 3sjh_assembly1.pdb
Processing file 3skn_assembly3.pdb
Processing file 3sri_assembly1.pdb
Processing file 3t04_assembly1.pdb
Processing file 3t5x_assembly1.pdb
Processing file 3t62_assembly3.pdb
Processing file 3t6g_assembly1.pdb
Processing file 3tad_assembly1.pdb
Processing file 3tbi_assembly1.pdb
Processing file 3tg1_assembly1.pdb
Processing file 3tgx_assembly3.pdb
Processing file 3tj3_assembly1.pdb
Processing file 3tj6_assembly1.pdb
Processing file 3tkl_assembly1.pdb
Processing file 3tl8_assembly3.pdb
Processing file 3tmp_assembly3.pdb
Processing file 3tnp_assembly3.pdb
Processing file 3tu3_assembly1.pdb
Processing file 3tw8_assembly1.pdb
Processing file 3tx7_assembly1.pdb
Processing file 3tz1_assembly1.pdb
Processing file 3u43_assembly1.pdb
Processing file 3u4n_assembly1.pdb
Processing file 3u5o_assembly3.pdb
Processing file 3u69_assembly1.pdb
Processing file 3u9d_assembly1.pdb
Processing file 3u9z_assembly1.pdb
Processing file 3ub5_assembly1.pdb
Processing file 3ufx_assembly3.pdb
Processing file 3ukx_assembly1.pdb
Processing file 3ukz_assembly1.pdb
Processing file 3ul0_assembly1.pdb
Processing file 3ul1_assembly1.pdb
Processing file 3ulq_assembly1.pdb
Processing file 3utp_assembly1.pdb
Processing file 3utz_assembly3.pdb
Processing file 3uvv_assembly1.pdb
Processing file 3uws_assembly1.pdb
Processing file 3uyo_assembly1.pdb
Processing file 3v4y_assembly3.pdb
Processing file 3v7d_assembly2.pdb
Processing file 3ve1_assembly2.pdb
Processing file 3vep_assembly3.pdb
Processing file 3veq_assembly1.pdb
Processing file 3vlb_assembly1.pdb
Processing file 3vpj_assembly3.pdb
Processing file 3vti_assembly3.pdb
Processing file 3vu9_assembly1.pdb
Processing file 3vxq_assembly1.pdb
Processing file 3vxt_assembly1.pdb
Processing file 3w0l_assembly1.pdb
Processing file 3w3d_assembly1.pdb
Processing file 3w5k_assembly1.pdb
Processing file 3w5u_assembly3.pdb
Processing file 3w8i_assembly1.pdb
Processing file 3wcy_assembly1.pdb
Processing file 3wex_assembly3.pdb
Processing file 3whr_assembly1.pdb
Processing file 3wn7_assembly1.pdb
Processing file 3woe_assembly1.pdb
Processing file 3wqb_assembly1.pdb
Processing file 3wso_assembly1.pdb
Processing file 3wxf_assembly1.pdb
Processing file 3wxm_assembly3.pdb
Processing file 3wxx_assembly1.pdb
Processing file 3wy9_assembly1.pdb
Processing file 3x37_assembly1.pdb
Processing file 3zdl_assembly1.pdb
Processing file 3zg7_assembly1.pdb
Processing file 3zhe_assembly1.pdb
Processing file 3zhp_assembly2.pdb
Processing file 3zi3_assembly1.pdb
Processing file 3znh_assembly1.pdb
Processing file 3zo5_assembly1.pdb
Processing file 3zpv_assembly13.pdb
Processing file 3zrz_assembly1.pdb
Processing file 3zu7_assembly1.pdb
Processing file 3zuv_assembly1.pdb
Processing file 3zvq_assembly1.pdb
Processing file 3zwl_assembly1.pdb
Processing file 4a1s_assembly1.pdb
Processing file 4a1u_assembly1.pdb
Processing file 4a49_assembly1.pdb
Processing file 4a5u_assembly1.pdb
Processing file 4a63_assembly3.pdb
Processing file 4a9a_assembly1.pdb
Processing file 4af3_assembly1.pdb
Processing file 4afj_assembly2.pdb
Processing file 4afq_assembly1.pdb
Processing file 4ag1_assembly1.pdb
Processing file 4aju_assembly1.pdb
Processing file 4akr_assembly1.pdb
Processing file 4an7_assembly1.pdb
Processing file 4aoq_assembly3.pdb
Processing file 4ap2_assembly1.pdb
Processing file 4aq1_assembly3.pdb
Processing file 4aqe_assembly1.pdb
Processing file 4at7_assembly1.pdb
Processing file 4aym_assembly1.pdb
Processing file 4b1w_assembly1.pdb
Processing file 4b1x_assembly1.pdb
Processing file 4b8a_assembly1.pdb
Processing file 4bl7_assembly1.pdb
Processing file 4bnr_assembly1.pdb
Processing file 4bpl_assembly1.pdb
Processing file 4bqd_assembly1.pdb
Processing file 4brw_assembly1.pdb
Processing file 4bwq_assembly3.pdb
Processing file 4bx9_assembly1.pdb
Processing file 4byf_assembly2.pdb
Processing file 4c0h_assembly1.pdb
Processing file 4c0o_assembly1.pdb
Processing file 4c2v_assembly1.pdb
Processing file 4c4p_assembly1.pdb
Processing file 4c57_assembly2.pdb
Processing file 4c5g_assembly1.pdb
Processing file 4c9v_assembly1.pdb
Processing file 4cc4_assembly1.pdb
Processing file 4cdg_assembly1.pdb
Processing file 4cdk_assembly3.pdb
Processing file 4cgy_assembly1.pdb
Processing file 4ci2_assembly1.pdb
Processing file 4ci6_assembly1.pdb
Processing file 4ckb_assembly1.pdb
Processing file 4clq_assembly1.pdb
Processing file 4cmm_assembly1.pdb
Processing file 4co6_assembly3.pdb
Processing file 4cru_assembly1.pdb
Processing file 4ct4_assembly1.pdb
Processing file 4cu4_assembly1.pdb
Processing file 4cvn_assembly3.pdb
Processing file 4cvw_assembly1.pdb
Processing file 4cz2_assembly3.pdb
Processing file 4czd_assembly1.pdb
Processing file 4czz_assembly1.pdb
Processing file 4d0g_assembly1.pdb
Processing file 4d8d_assembly1.pdb
Processing file 4dex_assembly1.pdb
Processing file 4dfc_assembly1.pdb
Processing file 4dga_assembly1.pdb
Processing file 4dh2_assembly1.pdb
Processing file 4did_assembly1.pdb
Processing file 4dj9_assembly1.pdb
Processing file 4dmu_assembly1.pdb
Processing file 4ds7_assembly1.pdb
Processing file 4dvg_assembly1.pdb
Processing file 4dx8_assembly1.pdb
Processing file 4dxa_assembly1.pdb
Processing file 4dzb_assembly1.pdb
Processing file 4dzu_assembly1.pdb
Processing file 4e17_assembly1.pdb
Processing file 4e18_assembly1.pdb
Processing file 4e42_assembly1.pdb
Processing file 4e6n_assembly1.pdb
Processing file 4e7u_assembly2.pdb
Processing file 4efh_assembly1.pdb
Processing file 4egc_assembly1.pdb
Processing file 4ei6_assembly1.pdb
Processing file 4ekx_assembly3.pdb
Processing file 4emj_assembly1.pdb
Processing file 4eoj_assembly2.pdb
Processing file 4eoz_assembly3.pdb
Processing file 4eqa_assembly1.pdb
Processing file 4etp_assembly1.pdb
Processing file 4eyy_assembly1.pdb
Processing file 4f3l_assembly1.pdb
Processing file 4f7e_assembly1.pdb
Processing file 4f7g_assembly1.pdb
Processing file 4f9c_assembly1.pdb
Processing file 4fbj_assembly1.pdb
Processing file 4fdd_assembly1.pdb
Processing file 4fhb_assembly1.pdb
Processing file 4fp9_assembly3.pdb
Processing file 4fq0_assembly1.pdb
Processing file 4fxw_assembly1.pdb
Processing file 4fzv_assembly1.pdb
Processing file 4g59_assembly1.pdb
Processing file 4g6d_assembly1.pdb
Processing file 4g6v_assembly3.pdb
Processing file 4g7x_assembly1.pdb
Processing file 4g8e_assembly1.pdb
Processing file 4g8f_assembly1.pdb
Processing file 4gaf_assembly1.pdb
Processing file 4geh_assembly1.pdb
Processing file 4gf3_assembly1.pdb
Processing file 4gft_assembly1.pdb
Processing file 4gh7_assembly1.pdb
Processing file 4gla_assembly1.pdb
Processing file 4gmj_assembly3.pdb
Processing file 4gn3_assembly3.pdb
Processing file 4gn4_assembly1.pdb
Processing file 4gn5_assembly1.pdb
Processing file 4goj_assembly1.pdb
Processing file 4gok_assembly1.pdb
Processing file 4gow_assembly1.pdb
Processing file 4gq2_assembly1.pdb
Processing file 4grm_assembly1.pdb
Processing file 4gux_assembly3.pdb
Processing file 4gvb_assembly1.pdb
Processing file 4gy2_assembly1.pdb
Processing file 4h6j_assembly1.pdb
Processing file 4h6s_assembly1.pdb
Processing file 4hdn_assembly1.pdb
Processing file 4hff_assembly1.pdb
Processing file 4hgm_assembly1.pdb
Processing file 4hlu_assembly1.pdb
Processing file 4hny_assembly2.pdb
Processing file 4hop_assembly3.pdb
Processing file 4hpl_assembly1.pdb
Processing file 4hrl_assembly1.pdb
Processing file 4hrn_assembly3.pdb
Processing file 4i0w_assembly1.pdb
Processing file 4i0x_assembly3.pdb
Processing file 4i1s_assembly1.pdb
Processing file 4i3z_assembly1.pdb
Processing file 4i43_assembly1.pdb
Processing file 4i6l_assembly1.pdb
Processing file 4ic7_assembly1.pdb
Processing file 4ihn_assembly1.pdb
Processing file 4ika_assembly1.pdb
Processing file 4ilh_assembly1.pdb
Processing file 4imi_assembly1.pdb
Processing file 4ip3_assembly1.pdb
Processing file 4irv_assembly3.pdb
Processing file 4iz7_assembly2.pdb
Processing file 4j2y_assembly1.pdb
Processing file 4j4l_assembly1.pdb
Processing file 4je4_assembly1.pdb
Processing file 4jeg_assembly1.pdb
Processing file 4jeh_assembly1.pdb
Processing file 4jhp_assembly1.pdb
Processing file 4joi_assembly1.pdb
Processing file 4jps_assembly1.pdb
Processing file 4jqw_assembly1.pdb
Processing file 4jra_assembly1.pdb
Processing file 4jw3_assembly1.pdb
Processing file 4jzz_assembly1.pdb
Processing file 4k5a_assembly1.pdb
Processing file 4k5b_assembly1.pdb
Processing file 4k81_assembly3.pdb
Processing file 4kbm_assembly1.pdb
Processing file 4kdl_assembly3.pdb
Processing file 4kf5_assembly1.pdb
Processing file 4kha_assembly1.pdb
Processing file 4khb_assembly3.pdb
Processing file 4kjy_assembly1.pdb
Processing file 4kml_assembly1.pdb
Processing file 4krd_assembly1.pdb
Processing file 4ksk_assembly2.pdb
Processing file 4ksl_assembly11.pdb
Processing file 4kt1_assembly1.pdb
Processing file 4kt3_assembly1.pdb
Processing file 4kt6_assembly1.pdb
Processing file 4kvg_assembly1.pdb
Processing file 4l0p_assembly1.pdb
Processing file 4l79_assembly1.pdb
Processing file 4lad_assembly1.pdb
Processing file 4lgp_assembly2.pdb
Processing file 4lgr_assembly1.pdb
Processing file 4lgs_assembly1.pdb
Processing file 4lhq_assembly1.pdb
Processing file 4ljp_assembly1.pdb
Processing file 4llo_assembly3.pdb
Processing file 4lo8_assembly3.pdb
Processing file 4loo_assembly1.pdb
Processing file 4lqw_assembly1.pdb
Processing file 4lv5_assembly1.pdb
Processing file 4lwz_assembly1.pdb
Processing file 4lx0_assembly1.pdb
Processing file 4lx3_assembly1.pdb
Processing file 4lyl_assembly1.pdb
Processing file 4lzx_assembly1.pdb
Processing file 4m0w_assembly1.pdb
Processing file 4m69_assembly1.pdb
Processing file 4m6b_assembly1.pdb
Processing file 4m6w_assembly1.pdb
Processing file 4mit_assembly3.pdb
Processing file 4mjs_assembly11.pdb
Processing file 4ml7_assembly1.pdb
Processing file 4mp0_assembly1.pdb
Processing file 4mq7_assembly1.pdb
Processing file 4mqv_assembly1.pdb
Processing file 4mr7_assembly1.pdb
Processing file 4ms4_assembly1.pdb
Processing file 4n9o_assembly1.pdb
Processing file 4nbx_assembly1.pdb
Processing file 4nbz_assembly1.pdb
Processing file 4nc0_assembly1.pdb
Processing file 4nc2_assembly1.pdb
Processing file 4nfu_assembly1.pdb
Processing file 4nib_assembly1.pdb
Processing file 4niy_assembly3.pdb
Processing file 4nl9_assembly1.pdb
Processing file 4noo_assembly1.pdb
Processing file 4nrh_assembly1.pdb
Processing file 4ntq_assembly1.pdb
Processing file 4nut_assembly1.pdb
Processing file 4nzl_assembly1.pdb
Processing file 4o22_assembly1.pdb
Processing file 4o4b_assembly1.pdb
Processing file 4o9p_assembly1.pdb
Processing file 4od8_assembly1.pdb
Processing file 4oh8_assembly1.pdb
Processing file 4ojk_assembly3.pdb
Processing file 4onm_assembly1.pdb
Processing file 4ons_assembly1.pdb
Processing file 4or9_assembly1.pdb
Processing file 4ovn_assembly4.pdb
Processing file 4owp_assembly1.pdb
Processing file 4oy2_assembly3.pdb
Processing file 4oyd_assembly1.pdb
Processing file 4ozt_assembly1.pdb
Processing file 4p2a_assembly1.pdb
Processing file 4p3y_assembly1.pdb
Processing file 4p5k_assembly1.pdb
Processing file 4pas_assembly1.pdb
Processing file 4pbv_assembly1.pdb
Processing file 4pbz_assembly1.pdb
Processing file 4pc0_assembly1.pdb
Processing file 4pem_assembly2.pdb
Processing file 4peq_assembly1.pdb
Processing file 4per_assembly1.pdb
Processing file 4pj2_assembly1.pdb
Processing file 4pvz_assembly2.pdb
Processing file 4q4h_assembly1.pdb
Processing file 4q57_assembly1.pdb
Processing file 4q5u_assembly1.pdb
Processing file 4qae_assembly1.pdb
Processing file 4qam_assembly1.pdb
Processing file 4qj3_assembly1.pdb
Processing file 4qjv_assembly1.pdb
Processing file 4qmf_assembly1.pdb
Processing file 4qo1_assembly1.pdb
Processing file 4qpl_assembly1.pdb
Processing file 4qt8_assembly1.pdb
Processing file 4qtt_assembly2.pdb
Processing file 4qvf_assembly1.pdb
Processing file 4qxa_assembly1.pdb
Processing file 4qxf_assembly1.pdb
Processing file 4r10_assembly1.pdb
Processing file 4r1d_assembly1.pdb
Processing file 4r62_assembly1.pdb
Processing file 4r8t_assembly1.pdb
Processing file 4ra9_assembly1.pdb
Processing file 4re1_assembly1.pdb
Processing file 4rey_assembly1.pdb
Processing file 4rhz_assembly1.pdb
Processing file 4riy_assembly1.pdb
Processing file 4rr2_assembly1.pdb
Processing file 4rt6_assembly1.pdb
Processing file 4rv0_assembly1.pdb
Processing file 4s0s_assembly1.pdb
Processing file 4sgb_assembly1.pdb
Processing file 4tkp_assembly1.pdb
Processing file 4tps_assembly1.pdb
Processing file 4tq0_assembly3.pdb
Processing file 4tq1_assembly1.pdb
Processing file 4tth_assembly1.pdb
Processing file 4tvs_assembly1.pdb
Processing file 4tx3_assembly1.pdb
Processing file 4txo_assembly3.pdb
Processing file 4txv_assembly1.pdb
Processing file 4u30_assembly3.pdb
Processing file 4u32_assembly1.pdb
Processing file 4u3s_assembly1.pdb
Processing file 4u4p_assembly1.pdb
Processing file 4u5y_assembly1.pdb
Processing file 4uad_assembly1.pdb
Processing file 4uae_assembly1.pdb
Processing file 4uaf_assembly1.pdb
Processing file 4udm_assembly1.pdb
Processing file 4udt_assembly1.pdb
Processing file 4ue9_assembly1.pdb
Processing file 4ueb_assembly3.pdb
Processing file 4uec_assembly1.pdb
Processing file 4ued_assembly1.pdb
Processing file 4uem_assembly1.pdb
Processing file 4uhp_assembly1.pdb
Processing file 4uik_assembly1.pdb
Processing file 4uim_assembly1.pdb
Processing file 4un2_assembly1.pdb
Processing file 4uqz_assembly1.pdb
Processing file 4urw_assembly1.pdb
Processing file 4uv8_assembly1.pdb
Processing file 4uy2_assembly1.pdb
Processing file 4uyq_assembly1.pdb
Processing file 4v0x_assembly1.pdb
Processing file 4w4k_assembly1.pdb
Processing file 4w6w_assembly1.pdb
Processing file 4w6x_assembly1.pdb
Processing file 4wfc_assembly3.pdb
Processing file 4wi0_assembly1.pdb
Processing file 4wks_assembly1.pdb
Processing file 4wlq_assembly1.pdb
Processing file 4wnn_assembly3.pdb
Processing file 4wnq_assembly1.pdb
Processing file 4wp5_assembly1.pdb
Processing file 4ww1_assembly1.pdb
Processing file 4ww7_assembly1.pdb
Processing file 4wwr_assembly3.pdb
Processing file 4wxa_assembly3.pdb
Processing file 4x6b_assembly1.pdb
Processing file 4x7s_assembly1.pdb
Processing file 4xa9_assembly3.pdb
Processing file 4xax_assembly1.pdb
Processing file 4xd9_assembly1.pdb
Processing file 4xdn_assembly1.pdb
Processing file 4xga_assembly1.pdb
Processing file 4xh9_assembly1.pdb
Processing file 4xhu_assembly1.pdb
Processing file 4xiz_assembly1.pdb
Processing file 4xkl_assembly1.pdb
Processing file 4xlg_assembly1.pdb
Processing file 4xoi_assembly1.pdb
Processing file 4xwj_assembly1.pdb
Processing file 4y5o_assembly1.pdb
Processing file 4y6d_assembly1.pdb
Processing file 4y7m_assembly1.pdb
Processing file 4y7o_assembly1.pdb
Processing file 4y8d_assembly1.pdb
Processing file 4y97_assembly1.pdb
Processing file 4yc6_assembly1.pdb
Processing file 4yc7_assembly1.pdb
Processing file 4ydd_assembly2.pdb
Processing file 4ydo_assembly1.pdb
Processing file 4ydy_assembly1.pdb
Processing file 4yga_assembly1.pdb
Processing file 4yh8_assembly1.pdb
Processing file 4yi0_assembly1.pdb
Processing file 4yiq_assembly1.pdb
Processing file 4yiz_assembly1.pdb
Processing file 4yk8_assembly1.pdb
Processing file 4yn0_assembly1.pdb
Processing file 4yoc_assembly1.pdb
Processing file 4yon_assembly1.pdb
Processing file 4yr8_assembly1.pdb
Processing file 4yu3_assembly1.pdb
Processing file 4ywc_assembly1.pdb
Processing file 4yx5_assembly1.pdb
Processing file 4yxc_assembly1.pdb
Processing file 4z3u_assembly1.pdb
Processing file 4z80_assembly1.pdb
Processing file 4zdh_assembly1.pdb
Processing file 4zdt_assembly1.pdb
Processing file 4zeq_assembly1.pdb
Processing file 4zgj_assembly1.pdb
Processing file 4zgn_assembly1.pdb
Processing file 4zgr_assembly1.pdb
Processing file 4zi2_assembly1.pdb
Processing file 4zjv_assembly1.pdb
Processing file 4zk9_assembly1.pdb
Processing file 4zlk_assembly1.pdb
Processing file 4zlt_assembly1.pdb
Processing file 4zn1_assembly1.pdb
Processing file 4zoq_assembly1.pdb
Processing file 4zp4_assembly1.pdb
Processing file 4zqk_assembly1.pdb
Processing file 4zrk_assembly1.pdb
Processing file 4zrl_assembly1.pdb
Processing file 4zv6_assembly1.pdb
Processing file 4zw2_assembly1.pdb
Processing file 4zxs_assembly1.pdb
Processing file 5a5h_assembly1.pdb
Processing file 5aav_assembly1.pdb
Processing file 5abv_assembly1.pdb
Processing file 5aby_assembly1.pdb
Processing file 5aek_assembly10.pdb
Processing file 5agx_assembly1.pdb
Processing file 5aie_assembly1.pdb
Processing file 5ays_assembly1.pdb
Processing file 5b3j_assembly2.pdb
Processing file 5b5w_assembly1.pdb
Processing file 5b78_assembly1.pdb
Processing file 5bmu_assembly1.pdb
Processing file 5bop_assembly1.pdb
Processing file 5brk_assembly1.pdb
Processing file 5bv1_assembly1.pdb
Processing file 5bw0_assembly1.pdb
Processing file 5bwd_assembly1.pdb
Processing file 5bxf_assembly1.pdb
Processing file 5bxv_assembly1.pdb
Processing file 5bz0_assembly1.pdb
Processing file 5c1m_assembly1.pdb
Processing file 5c2u_assembly1.pdb
Processing file 5c3f_assembly1.pdb
Processing file 5c4v_assembly1.pdb
Processing file 5c5b_assembly1.pdb
Processing file 5c6g_assembly1.pdb
Processing file 5c6h_assembly10.pdb
Processing file 5c6p_assembly1.pdb
Processing file 5c7j_assembly1.pdb
Processing file 5caw_assembly1.pdb
Processing file 5cer_assembly1.pdb
Processing file 5chl_assembly1.pdb
Processing file 5cm2_assembly1.pdb
Processing file 5cm8_assembly1.pdb
Processing file 5cm9_assembly1.pdb
Processing file 5cvm_assembly1.pdb
Processing file 5cw5_assembly1.pdb
Processing file 5cyz_assembly1.pdb
Processing file 5czf_assembly1.pdb
Processing file 5d1m_assembly1.pdb
Processing file 5d5g_assembly2.pdb
Processing file 5d5n_assembly1.pdb
Processing file 5d6h_assembly1.pdb
Processing file 5d6j_assembly1.pdb
Processing file 5d7j_assembly2.pdb
Processing file 5dc0_assembly1.pdb
Processing file 5dc4_assembly1.pdb
Processing file 5dca_assembly1.pdb
Processing file 5dcq_assembly2.pdb
Processing file 5di3_assembly1.pdb
Processing file 5djt_assembly1.pdb
Processing file 5dmk_assembly1.pdb
Processing file 5dmr_assembly1.pdb
Processing file 5do9_assembly1.pdb
Processing file 5doi_assembly1.pdb
Processing file 5dow_assembly1.pdb
Processing file 5dqs_assembly1.pdb
Processing file 5dse_assembly1.pdb
Processing file 5dud_assembly1.pdb
Processing file 5dxh_assembly1.pdb
Processing file 5e0q_assembly1.pdb
Processing file 5e1h_assembly1.pdb
Processing file 5e3e_assembly1.pdb
Processing file 5e5m_assembly1.pdb
Processing file 5e6s_assembly1.pdb
Processing file 5e8j_assembly1.pdb
Processing file 5eb1_assembly1.pdb
Processing file 5efq_assembly1.pdb
Processing file 5eg3_assembly1.pdb
Processing file 5elj_assembly3.pdb
Processing file 5ena_assembly1.pdb
Processing file 5et0_assembly1.pdb
Processing file 5et1_assembly2.pdb
Processing file 5eui_assembly1.pdb
Processing file 5f1k_assembly1.pdb
Processing file 5f1o_assembly1.pdb
Processing file 5f21_assembly1.pdb
Processing file 5f22_assembly1.pdb
Processing file 5f4e_assembly1.pdb
Processing file 5f5o_assembly1.pdb
Processing file 5f5s_assembly1.pdb
Processing file 5f5t_assembly1.pdb
Processing file 5f72_assembly1.pdb
Processing file 5f7k_assembly2.pdb
Processing file 5f7l_assembly1.pdb
Processing file 5f97_assembly1.pdb
Processing file 5f9a_assembly1.pdb
Processing file 5fbz_assembly1.pdb
Processing file 5fcg_assembly1.pdb
Processing file 5ffg_assembly1.pdb
Processing file 5ffn_assembly1.pdb
Processing file 5fir_assembly1.pdb
Processing file 5foy_assembly1.pdb
Processing file 5fq2_assembly1.pdb
Processing file 5fr1_assembly1.pdb
Processing file 5fv8_assembly1.pdb
Processing file 5fvd_assembly1.pdb
Processing file 5fvk_assembly1.pdb
Processing file 5fvl_assembly1.pdb
Processing file 5fwx_assembly2.pdb
Processing file 5fwy_assembly1.pdb
Processing file 5g15_assembly1.pdb
Processing file 5g1x_assembly1.pdb
Processing file 5ghr_assembly1.pdb
Processing file 5glh_assembly1.pdb
Processing file 5gna_assembly1.pdb
Processing file 5gpi_assembly1.pdb
Processing file 5gpy_assembly1.pdb
Processing file 5gtb_assembly1.pdb
Processing file 5gtu_assembly1.pdb
Processing file 5gxg_assembly1.pdb
Processing file 5gxw_assembly1.pdb
Processing file 5gy2_assembly1.pdb
Processing file 5gzt_assembly1.pdb
Processing file 5h65_assembly1.pdb
Processing file 5h7y_assembly1.pdb
Processing file 5h92_assembly1.pdb
Processing file 5hft_assembly1.pdb
Processing file 5hkq_assembly1.pdb
Processing file 5hkz_assembly1.pdb
Processing file 5hpk_assembly1.pdb
Processing file 5hpl_assembly1.pdb
Processing file 5hps_assembly1.pdb
Processing file 5hpt_assembly3.pdb
Processing file 5hxg_assembly1.pdb
Processing file 5hy7_assembly1.pdb
Processing file 5idn_assembly1.pdb
Processing file 5ifr_assembly1.pdb
Processing file 5ijb_assembly2.pdb
Processing file 5imm_assembly1.pdb
Processing file 5inw_assembly1.pdb
Processing file 5ioh_assembly1.pdb
Processing file 5ip4_assembly1.pdb
Processing file 5ius_assembly1.pdb
Processing file 5iv8_assembly1.pdb
Processing file 5iva_assembly1.pdb
Processing file 5iwb_assembly1.pdb
Processing file 5ixd_assembly1.pdb
Processing file 5ixi_assembly1.pdb
Processing file 5ixm_assembly1.pdb
Processing file 5j03_assembly1.pdb
Processing file 5j1a_assembly1.pdb
Processing file 5j1l_assembly1.pdb
Processing file 5j28_assembly1.pdb
Processing file 5j4a_assembly1.pdb
Processing file 5j4q_assembly1.pdb
Processing file 5j4s_assembly1.pdb
Processing file 5j57_assembly1.pdb
Processing file 5j76_assembly1.pdb
Processing file 5j7c_assembly1.pdb
Processing file 5j8y_assembly1.pdb
Processing file 5ja1_assembly1.pdb
Processing file 5ja8_assembly3.pdb
Processing file 5ja9_assembly2.pdb
Processing file 5jb9_assembly1.pdb
Processing file 5jcz_assembly3.pdb
Processing file 5jfz_assembly1.pdb
Processing file 5jg6_assembly1.pdb
Processing file 5jkt_assembly1.pdb
Processing file 5jmc_assembly1.pdb
Processing file 5jno_assembly1.pdb
Processing file 5jo5_assembly1.pdb
Processing file 5jp3_assembly1.pdb
Processing file 5jsb_assembly1.pdb
Processing file 5jsn_assembly1.pdb
Processing file 5jw9_assembly1.pdb
Processing file 5jwo_assembly1.pdb
Processing file 5jyl_assembly2.pdb
Processing file 5jyq_assembly1.pdb
Processing file 5k1a_assembly1.pdb
Processing file 5k35_assembly1.pdb
Processing file 5k39_assembly1.pdb
Processing file 5k3y_assembly1.pdb
Processing file 5kp6_assembly1.pdb
Processing file 5kya_assembly1.pdb
Processing file 5kyd_assembly1.pdb
Processing file 5kye_assembly1.pdb
Processing file 5l04_assembly1.pdb
Processing file 5l21_assembly1.pdb
Processing file 5l3d_assembly1.pdb
Processing file 5l9w_assembly1.pdb
Processing file 5lgt_assembly1.pdb
Processing file 5lhz_assembly1.pdb
Processing file 5lrw_assembly1.pdb
Processing file 5lrx_assembly1.pdb
Processing file 5lsb_assembly1.pdb
Processing file 5lsi_assembly1.pdb
Processing file 5lsl_assembly1.pdb
Processing file 5lz3_assembly1.pdb
Processing file 5lz6_assembly1.pdb
Processing file 5m14_assembly1.pdb
Processing file 5m15_assembly1.pdb
Processing file 5m2o_assembly1.pdb
Processing file 5m4y_assembly1.pdb
Processing file 5m6v_assembly1.pdb
Processing file 5mbl_assembly1.pdb
Processing file 5mbm_assembly1.pdb
Processing file 5mcq_assembly1.pdb
Processing file 5mkk_assembly1.pdb
Processing file 5moy_assembly1.pdb
Processing file 5mtm_assembly1.pdb
Processing file 5mtn_assembly1.pdb
Processing file 5mv9_assembly1.pdb
Processing file 5my6_assembly1.pdb
Processing file 5n38_assembly1.pdb
Processing file 5n47_assembly1.pdb
Processing file 5n48_assembly1.pdb
Processing file 5n4e_assembly1.pdb
Processing file 5n5p_assembly1.pdb
Processing file 5n7e_assembly1.pdb
Processing file 5n92_assembly1.pdb
Processing file 5nb5_assembly1.pdb
Processing file 5nbi_assembly1.pdb
Processing file 5nbt_assembly1.pdb
Processing file 5ncm_assembly1.pdb
Processing file 5nct_assembly1.pdb
Processing file 5nkk_assembly1.pdb
Processing file 5nkz_assembly1.pdb
Processing file 5nmd_assembly1.pdb
Processing file 5nqf_assembly1.pdb
Processing file 5nqg_assembly1.pdb
Processing file 5nrm_assembly1.pdb
Processing file 5nuh_assembly1.pdb
Processing file 5nvk_assembly1.pdb
Processing file 5nvl_assembly1.pdb
Processing file 5o02_assembly1.pdb
Processing file 5o8k_assembly1.pdb
Processing file 5o9e_assembly1.pdb
Processing file 5oc7_assembly1.pdb
Processing file 5ocl_assembly1.pdb
Processing file 5odw_assembly1.pdb
Processing file 5oen_assembly1.pdb
Processing file 5omn_assembly1.pdb
Processing file 5onb_assembly1.pdb
Processing file 5ons_assembly1.pdb
Processing file 5oov_assembly1.pdb
Processing file 5ooy_assembly1.pdb
Processing file 5op1_assembly1.pdb
Processing file 5oqq_assembly1.pdb
Processing file 5oqr_assembly1.pdb
Processing file 5ott_assembly1.pdb
Processing file 5otu_assembly1.pdb
Processing file 5ovn_assembly1.pdb
Processing file 5ovw_assembly3.pdb
Processing file 5owu_assembly1.pdb
Processing file 5oxz_assembly1.pdb
Processing file 5qqj_assembly1.pdb
Processing file 5r0d_assembly1.pdb
Processing file 5szh_assembly1.pdb
Processing file 5szi_assembly1.pdb
Processing file 5t0f_assembly1.pdb
Processing file 5t1x_assembly1.pdb
Processing file 5t47_assembly1.pdb
Processing file 5t48_assembly1.pdb
Processing file 5t7r_assembly1.pdb
Processing file 5t87_assembly1.pdb
Processing file 5t94_assembly1.pdb
Processing file 5tgi_assembly1.pdb
Processing file 5tl6_assembly1.pdb
Processing file 5tl7_assembly1.pdb
Processing file 5to3_assembly1.pdb
Processing file 5tp1_assembly1.pdb
Processing file 5tut_assembly1.pdb
Processing file 5tuu_assembly1.pdb
Processing file 5tvq_assembly1.pdb
Processing file 5ty4_assembly1.pdb
Processing file 5tzq_assembly1.pdb
Processing file 5u1t_assembly1.pdb
Processing file 5u56_assembly1.pdb
Processing file 5u5t_assembly1.pdb
Processing file 5u9m_assembly1.pdb
Processing file 5ua4_assembly1.pdb
Processing file 5ufq_assembly2.pdb
Processing file 5ulf_assembly1.pdb
Processing file 5un7_assembly1.pdb
Processing file 5uuk_assembly1.pdb
Processing file 5uul_assembly1.pdb
Processing file 5uv8_assembly1.pdb
Processing file 5uxx_assembly1.pdb
Processing file 5v5i_assembly1.pdb
Processing file 5v69_assembly1.pdb
Processing file 5v8w_assembly1.pdb
Processing file 5v8z_assembly1.pdb
Processing file 5va9_assembly1.pdb
Processing file 5vak_assembly1.pdb
Processing file 5van_assembly1.pdb
Processing file 5vau_assembly1.pdb
Processing file 5vbn_assembly2.pdb
Processing file 5vid_assembly1.pdb
Processing file 5vip_assembly1.pdb
Processing file 5vk3_assembly1.pdb
Processing file 5vkl_assembly1.pdb
Processing file 5vko_assembly1.pdb
Processing file 5vla_assembly1.pdb
Processing file 5vmr_assembly1.pdb
Processing file 5vnw_assembly1.pdb
Processing file 5vpc_assembly2.pdb
Processing file 5vzt_assembly1.pdb
Processing file 5w3x_assembly1.pdb
Processing file 5w83_assembly1.pdb
Processing file 5w89_assembly1.pdb
Processing file 5wb5_assembly1.pdb
Processing file 5wez_assembly1.pdb
Processing file 5wfn_assembly1.pdb
Processing file 5wjo_assembly2.pdb
Processing file 5wos_assembly1.pdb
Processing file 5wpa_assembly1.pdb
Processing file 5wsu_assembly1.pdb
Processing file 5wsv_assembly1.pdb
Processing file 5wuj_assembly1.pdb
Processing file 5wur_assembly1.pdb
Processing file 5wwl_assembly1.pdb
Processing file 5wwo_assembly1.pdb
Processing file 5wxl_assembly1.pdb
Processing file 5wy2_assembly1.pdb
Processing file 5wy5_assembly1.pdb
Processing file 5wyh_assembly1.pdb
Processing file 5wyl_assembly1.pdb
Processing file 5x0w_assembly1.pdb
Processing file 5x42_assembly1.pdb
Processing file 5x4l_assembly1.pdb
Processing file 5x5w_assembly1.pdb
Processing file 5xa5_assembly1.pdb
Processing file 5xco_assembly1.pdb
Processing file 5xl7_assembly1.pdb
Processing file 5xln_assembly1.pdb
Processing file 5xly_assembly1.pdb
Processing file 5xns_assembly1.pdb
Processing file 5xrw_assembly1.pdb
Processing file 5xuy_assembly1.pdb
Processing file 5xve_assembly1.pdb
Processing file 5y04_assembly1.pdb
Processing file 5y27_assembly1.pdb
Processing file 5y2z_assembly1.pdb
Processing file 5y38_assembly1.pdb
Processing file 5yah_assembly1.pdb
Processing file 5yee_assembly1.pdb
Processing file 5yip_assembly1.pdb
Processing file 5yk5_assembly1.pdb
Processing file 5ynm_assembly1.pdb
Processing file 5ypu_assembly1.pdb
Processing file 5yqz_assembly1.pdb
Processing file 5yr0_assembly1.pdb
Processing file 5yt6_assembly1.pdb
Processing file 5ywr_assembly1.pdb
Processing file 5z1g_assembly2.pdb
Processing file 5z2q_assembly1.pdb
Processing file 5z5k_assembly1.pdb
Processing file 5zng_assembly1.pdb
Processing file 5zq3_assembly1.pdb
Processing file 5zwl_assembly1.pdb
Processing file 5zzb_assembly1.pdb
Processing file 6a2u_assembly2.pdb
Processing file 6a6i_assembly1.pdb
Processing file 6aaf_assembly1.pdb
Processing file 6ahy_assembly3.pdb
Processing file 6amb_assembly1.pdb
Processing file 6ao5_assembly1.pdb
Processing file 6apx_assembly1.pdb
Processing file 6arq_assembly1.pdb
Processing file 6asr_assembly2.pdb
Processing file 6at6_assembly1.pdb
Processing file 6atg_assembly1.pdb
Processing file 6aw2_assembly1.pdb
Processing file 6aw3_assembly1.pdb
Processing file 6b12_assembly1.pdb
Processing file 6b4e_assembly1.pdb
Processing file 6b4h_assembly1.pdb
Processing file 6b8p_assembly1.pdb
Processing file 6b8q_assembly1.pdb
Processing file 6bc0_assembly1.pdb
Processing file 6bca_assembly1.pdb
Processing file 6bcb_assembly1.pdb
Processing file 6bcd_assembly1.pdb
Processing file 6bmh_assembly1.pdb
Processing file 6brp_assembly1.pdb
Processing file 6bsc_assembly1.pdb
Processing file 6bvv_assembly1.pdb
Processing file 6bw9_assembly1.pdb
Processing file 6bx5_assembly1.pdb
Processing file 6bx8_assembly2.pdb
Processing file 6bxa_assembly1.pdb
Processing file 6bxc_assembly1.pdb
Processing file 6byn_assembly1.pdb
Processing file 6bzf_assembly1.pdb
Processing file 6c61_assembly1.pdb
Processing file 6c68_assembly1.pdb
Processing file 6c97_assembly2.pdb
Processing file 6c9w_assembly1.pdb
Processing file 6ch2_assembly1.pdb
Processing file 6ch3_assembly1.pdb
Processing file 6cp9_assembly1.pdb
Processing file 6cza_assembly1.pdb
Processing file 6czo_assembly1.pdb
Processing file 6czw_assembly1.pdb
Processing file 6d0i_assembly1.pdb
Processing file 6d4p_assembly1.pdb
Processing file 6d67_assembly1.pdb
Processing file 6d68_assembly2.pdb
Processing file 6dad_assembly1.pdb
Processing file 6dbf_assembly1.pdb
Processing file 6dbg_assembly1.pdb
Processing file 6dfq_assembly1.pdb
Processing file 6dfv_assembly2.pdb
Processing file 6dgf_assembly1.pdb
Processing file 6dkm_assembly1.pdb
Processing file 6dlm_assembly1.pdb
Processing file 6dm9_assembly1.pdb
Processing file 6dre_assembly1.pdb
Processing file 6dxo_assembly1.pdb
Processing file 6dy3_assembly2.pdb
Processing file 6e2q_assembly1.pdb
Processing file 6e3j_assembly1.pdb
Processing file 6ea3_assembly1.pdb
Processing file 6eby_assembly2.pdb
Processing file 6eg1_assembly1.pdb
Processing file 6ejp_assembly2.pdb
Processing file 6ekl_assembly1.pdb
Processing file 6epg_assembly1.pdb
Processing file 6er6_assembly1.pdb
Processing file 6ere_assembly1.pdb
Processing file 6et1_assembly1.pdb
Processing file 6ey0_assembly1.pdb
Processing file 6f0f_assembly1.pdb
Processing file 6f2g_assembly1.pdb
Processing file 6f3z_assembly1.pdb
Processing file 6f4j_assembly1.pdb
Processing file 6f9n_assembly1.pdb
Processing file 6fbx_assembly1.pdb
Processing file 6fc0_assembly1.pdb
Processing file 6fc2_assembly1.pdb
Processing file 6fc3_assembly1.pdb
Processing file 6fcv_assembly1.pdb
Processing file 6ff3_assembly1.pdb
Processing file 6fhp_assembly1.pdb
Processing file 6fjy_assembly1.pdb
Processing file 6fkm_assembly1.pdb
Processing file 6fol_assembly1.pdb
Processing file 6fp6_assembly10.pdb
Processing file 6fqb_assembly1.pdb
Processing file 6fr7_assembly1.pdb
Processing file 6frb_assembly1.pdb
Processing file 6fu9_assembly1.pdb
Processing file 6g16_assembly1.pdb
Processing file 6g4j_assembly1.pdb
Processing file 6g8r_assembly1.pdb
Processing file 6gei_assembly1.pdb
Processing file 6gfi_assembly2.pdb
Processing file 6gho_assembly1.pdb
Processing file 6gp1_assembly1.pdb
Processing file 6gr8_assembly1.pdb
Processing file 6gs2_assembly1.pdb
Processing file 6gs4_assembly1.pdb
Processing file 6gu6_assembly1.pdb
Processing file 6gvk_assembly1.pdb
Processing file 6gw3_assembly2.pdb
Processing file 6gxz_assembly1.pdb
Processing file 6h02_assembly1.pdb
Processing file 6h16_assembly1.pdb
Processing file 6h1f_assembly1.pdb
Processing file 6h3m_assembly8.pdb
Processing file 6h46_assembly1.pdb
Processing file 6h47_assembly1.pdb
Processing file 6h4b_assembly1.pdb
Processing file 6h9n_assembly1.pdb
Processing file 6h9o_assembly1.pdb
Processing file 6h9u_assembly1.pdb
Processing file 6hei_assembly1.pdb
Processing file 6hgd_assembly1.pdb
Processing file 6hgh_assembly1.pdb
Processing file 6hil_assembly1.pdb
Processing file 6hln_assembly1.pdb
Processing file 6hlt_assembly2.pdb
Processing file 6hlv_assembly1.pdb
Processing file 6hlw_assembly2.pdb
Processing file 6hm3_assembly1.pdb
Processing file 6hm8_assembly1.pdb
Processing file 6hmv_assembly1.pdb
Processing file 6hom_assembly1.pdb
Processing file 6htf_assembly1.pdb
Processing file 6hul_assembly1.pdb
Processing file 6i1s_assembly1.pdb
Processing file 6i2p_assembly2.pdb
Processing file 6i8g_assembly1.pdb
Processing file 6ibb_assembly2.pdb
Processing file 6idx_assembly1.pdb
Processing file 6ieh_assembly1.pdb
Processing file 6if1_assembly1.pdb
Processing file 6if3_assembly1.pdb
Processing file 6igk_assembly1.pdb
Processing file 6igx_assembly1.pdb
Processing file 6ihj_assembly2.pdb
Processing file 6ii6_assembly2.pdb
Processing file 6in9_assembly2.pdb
Processing file 6ine_assembly1.pdb
Processing file 6ir2_assembly1.pdb
Processing file 6isc_assembly1.pdb
Processing file 6iua_assembly1.pdb
Processing file 6iuh_assembly1.pdb
Processing file 6iui_assembly1.pdb
Processing file 6iwa_assembly1.pdb
Processing file 6iwb_assembly2.pdb
Processing file 6iyb_assembly1.pdb
Processing file 6j08_assembly1.pdb
Processing file 6j0w_assembly2.pdb
Processing file 6j0y_assembly2.pdb
Processing file 6j56_assembly2.pdb
Processing file 6j62_assembly1.pdb
Processing file 6j6x_assembly1.pdb
Processing file 6j7w_assembly1.pdb
Processing file 6j8n_assembly2.pdb
Processing file 6jb6_assembly1.pdb
Processing file 6jb7_assembly1.pdb
Processing file 6jcu_assembly2.pdb
Processing file 6jfv_assembly2.pdb
Processing file 6jh0_assembly2.pdb
Processing file 6jh8_assembly1.pdb
Processing file 6jhw_assembly2.pdb
Processing file 6jmu_assembly1.pdb
Processing file 6jp6_assembly2.pdb
Processing file 6jqk_assembly1.pdb
Processing file 6k01_assembly1.pdb
Processing file 6k06_assembly1.pdb
Processing file 6k07_assembly1.pdb
Processing file 6k3b_assembly1.pdb
Processing file 6k3m_assembly1.pdb
Processing file 6k4k_assembly2.pdb
Processing file 6k67_assembly2.pdb
Processing file 6k69_assembly1.pdb
Processing file 6k6a_assembly2.pdb
Processing file 6k6b_assembly1.pdb
Processing file 6k73_assembly1.pdb
Processing file 6k8k_assembly1.pdb
Processing file 6k9p_assembly1.pdb
Processing file 6kbe_assembly1.pdb
Processing file 6kbm_assembly1.pdb
Processing file 6kbr_assembly1.pdb
Processing file 6kdt_assembly3.pdb
Processing file 6kgc_assembly1.pdb
Processing file 6kge_assembly1.pdb
Processing file 6kgm_assembly1.pdb
Processing file 6kip_assembly1.pdb
Processing file 6kkg_assembly2.pdb
Processing file 6kmq_assembly1.pdb
Processing file 6kn1_assembly2.pdb
Processing file 6ku0_assembly1.pdb
Processing file 6kxd_assembly1.pdb
Processing file 6kz7_assembly1.pdb
Processing file 6l4o_assembly1.pdb
Processing file 6l5k_assembly1.pdb
Processing file 6l7r_assembly1.pdb
Processing file 6l80_assembly1.pdb
Processing file 6l81_assembly1.pdb
Processing file 6l82_assembly1.pdb
Processing file 6l8g_assembly1.pdb
Processing file 6lbu_assembly1.pdb
Processing file 6lgq_assembly1.pdb
Processing file 6lir_assembly1.pdb
Processing file 6lki_assembly1.pdb
Processing file 6lnm_assembly1.pdb
Processing file 6lph_assembly1.pdb
Processing file 6lpi_assembly1.pdb
Processing file 6lr7_assembly1.pdb
Processing file 6lry_assembly1.pdb
Processing file 6lsa_assembly1.pdb
Processing file 6lyd_assembly1.pdb
Processing file 6lyj_assembly1.pdb
Processing file 6lyv_assembly1.pdb
Processing file 6m2c_assembly1.pdb
Processing file 6m3i_assembly1.pdb
Processing file 6m5i_assembly1.pdb
Processing file 6m7l_assembly1.pdb
Processing file 6mbb_assembly1.pdb
Processing file 6mbc_assembly1.pdb
Processing file 6mbd_assembly2.pdb
Processing file 6mff_assembly1.pdb
Processing file 6mgn_assembly1.pdb
Processing file 6mjc_assembly1.pdb
Processing file 6ml1_assembly2.pdb
Processing file 6mm8_assembly1.pdb
Processing file 6mof_assembly1.pdb
Processing file 6mra_assembly1.pdb
Processing file 6mrk_assembly2.pdb
Processing file 6mrq_assembly1.pdb
Processing file 6mua_assembly1.pdb
Processing file 6mud_assembly1.pdb
Processing file 6mxt_assembly1.pdb
Processing file 6n85_assembly1.pdb
Processing file 6n9g_assembly1.pdb
Processing file 6ndz_assembly2.pdb
Processing file 6njd_assembly2.pdb
Processing file 6nnq_assembly1.pdb
Processing file 6nrw_assembly1.pdb
Processing file 6ntc_assembly1.pdb
Processing file 6nvq_assembly1.pdb
Processing file 6nxk_assembly2.pdb
Processing file 6nyp_assembly2.pdb
Processing file 6o02_assembly1.pdb
Processing file 6o17_assembly1.pdb
Processing file 6o3c_assembly1.pdb
Processing file 6oam_assembly1.pdb
Processing file 6oau_assembly1.pdb
Processing file 6ob5_assembly2.pdb
Processing file 6obn_assembly2.pdb
Processing file 6ocf_assembly1.pdb
Processing file 6och_assembly2.pdb
Processing file 6od1_assembly1.pdb
Processing file 6okd_assembly1.pdb
Processing file 6onb_assembly2.pdb
Processing file 6oq6_assembly1.pdb
Processing file 6oq7_assembly1.pdb
Processing file 6oq8_assembly2.pdb
Processing file 6oqq_assembly2.pdb
Processing file 6ovm_assembly1.pdb
Processing file 6ox7_assembly1.pdb
Processing file 6oxc_assembly1.pdb
Processing file 6oyh_assembly4.pdb
Processing file 6p66_assembly1.pdb
Processing file 6p7y_assembly1.pdb
Processing file 6pjx_assembly1.pdb
Processing file 6plm_assembly2.pdb
Processing file 6pnp_assembly1.pdb
Processing file 6pog_assembly1.pdb
Processing file 6pol_assembly2.pdb
Processing file 6pqk_assembly1.pdb
Processing file 6pyr_assembly1.pdb
Processing file 6q67_assembly1.pdb
Processing file 6q76_assembly1.pdb
Processing file 6qb3_assembly1.pdb
Processing file 6qby_assembly1.pdb
Processing file 6qg8_assembly1.pdb
Processing file 6qgw_assembly1.pdb
Processing file 6qgy_assembly2.pdb
Processing file 6qpq_assembly2.pdb
Processing file 6qsp_assembly1.pdb
Processing file 6qsr_assembly1.pdb
Processing file 6r0n_assembly1.pdb
Processing file 6r6m_assembly1.pdb
Processing file 6r7t_assembly1.pdb
Processing file 6r8k_assembly1.pdb
Processing file 6rmb_assembly1.pdb
Processing file 6rmc_assembly2.pdb
Processing file 6roh_assembly1.pdb
Processing file 6rqm_assembly1.pdb
Processing file 6rrc_assembly2.pdb
Processing file 6rtw_assembly1.pdb
Processing file 6rvc_assembly2.pdb
Processing file 6rya_assembly3.pdb
Processing file 6s6d_assembly2.pdb
Processing file 6s8r_assembly1.pdb
Processing file 6s9j_assembly4.pdb
Processing file 6sak_assembly2.pdb
Processing file 6sh6_assembly1.pdb
Processing file 6shx_assembly1.pdb
Processing file 6sj5_assembly2.pdb
Processing file 6sja_assembly1.pdb
Processing file 6ski_assembly1.pdb
Processing file 6sm5_assembly1.pdb
Processing file 6sr6_assembly2.pdb
Processing file 6swt_assembly1.pdb
Processing file 6sxn_assembly1.pdb
Processing file 6tbn_assembly1.pdb
Processing file 6tdr_assembly2.pdb
Processing file 6thl_assembly1.pdb
Processing file 6tky_assembly2.pdb
Processing file 6tqp_assembly1.pdb
Processing file 6trs_assembly2.pdb
Processing file 6tun_assembly1.pdb
Processing file 6tx3_assembly1.pdb
Processing file 6ty2_assembly1.pdb
Processing file 6tz0_assembly1.pdb
Processing file 6u07_assembly1.pdb
Processing file 6u08_assembly1.pdb
Processing file 6u0o_assembly1.pdb
Processing file 6u1x_assembly1.pdb
Processing file 6u39_assembly9.pdb
Processing file 6u3v_assembly3.pdb
Processing file 6u3w_assembly1.pdb
Processing file 6ua3_assembly1.pdb
Processing file 6uc6_assembly2.pdb
Processing file 6uht_assembly2.pdb
Processing file 6ui4_assembly1.pdb
Processing file 6uk4_assembly2.pdb
Processing file 6uka_assembly1.pdb
Processing file 6umt_assembly1.pdb
Processing file 6urv_assembly4.pdb
Processing file 6uz6_assembly1.pdb
Processing file 6vcl_assembly1.pdb
Processing file 6ve5_assembly1.pdb
Processing file 6vek_assembly1.pdb
Processing file 6ver_assembly1.pdb
Processing file 6ves_assembly1.pdb
Processing file 6vet_assembly1.pdb
Processing file 6vri_assembly3.pdb
Processing file 6vtc_assembly1.pdb
Processing file 6vth_assembly1.pdb
Processing file 6vtm_assembly1.pdb
Processing file 6w0v_assembly1.pdb
Processing file 6w61_assembly1.pdb
Processing file 6w7z_assembly1.pdb
Processing file 6w9a_assembly1.pdb
Processing file 6wcw_assembly1.pdb
Processing file 6wh1_assembly1.pdb
Processing file 6wjc_assembly1.pdb
Processing file 6wmk_assembly1.pdb
Processing file 6wmz_assembly1.pdb
Processing file 6wtg_assembly1.pdb
Processing file 6wud_assembly1.pdb
Processing file 6ww9_assembly1.pdb
Processing file 6wy6_assembly1.pdb
Processing file 6x05_assembly1.pdb
Processing file 6x07_assembly1.pdb
Processing file 6x0a_assembly10.pdb
Processing file 6x1g_assembly1.pdb
Processing file 6x90_assembly1.pdb
Processing file 6x9o_assembly1.pdb
Processing file 6xa9_assembly1.pdb
Processing file 6xaa_assembly1.pdb
Processing file 6xc0_assembly1.pdb
Processing file 6xf1_assembly1.pdb
Processing file 6xgz_assembly1.pdb
Processing file 6xi7_assembly1.pdb
Processing file 6xm1_assembly1.pdb
Processing file 6xqq_assembly2.pdb
Processing file 6xy4_assembly1.pdb
Processing file 6xy6_assembly1.pdb
Processing file 6xz6_assembly2.pdb
Processing file 6xzu_assembly1.pdb
Processing file 6y4o_assembly1.pdb
Processing file 6ya8_assembly1.pdb
Processing file 6yev_assembly1.pdb
Processing file 6ygu_assembly2.pdb
Processing file 6yhu_assembly1.pdb
Processing file 6yld_assembly1.pdb
Processing file 6yr8_assembly1.pdb
Processing file 6yub_assembly1.pdb
Processing file 6yxq_assembly1.pdb
Processing file 6yxw_assembly1.pdb
Processing file 6z0m_assembly1.pdb
Processing file 6z20_assembly1.pdb
Processing file 6zdt_assembly1.pdb
Processing file 6zeg_assembly1.pdb
Processing file 6zeh_assembly1.pdb
Processing file 6zqh_assembly1.pdb
Processing file 6zqt_assembly2.pdb
Processing file 6zr5_assembly1.pdb
Processing file 6zrv_assembly1.pdb
Processing file 6zsh_assembly1.pdb
Processing file 6zsi_assembly1.pdb
Processing file 6ztf_assembly1.pdb
Processing file 6zwa_assembly1.pdb
Processing file 6zzg_assembly1.pdb
Processing file 7a17_assembly1.pdb
Processing file 7a48_assembly1.pdb
Processing file 7a4y_assembly2.pdb
Processing file 7a50_assembly1.pdb
Processing file 7a9d_assembly1.pdb
Processing file 7ac4_assembly1.pdb
Processing file 7ack_assembly2.pdb
Processing file 7acv_assembly1.pdb
Processing file 7acw_assembly1.pdb
Processing file 7acx_assembly1.pdb
Processing file 7al4_assembly1.pdb
Processing file 7al7_assembly1.pdb
Processing file 7apj_assembly1.pdb
Processing file 7aye_assembly1.pdb
Processing file 7azb_assembly1.pdb
Processing file 7b1i_assembly1.pdb
Processing file 7b55_assembly1.pdb
Processing file 7b5g_assembly1.pdb
Processing file 7bhe_assembly2.pdb
Processing file 7bu5_assembly1.pdb
Processing file 7bv5_assembly1.pdb
Processing file 7bxf_assembly1.pdb
Processing file 7bzk_assembly1.pdb
Processing file 7c2f_assembly1.pdb
Processing file 7c3f_assembly8.pdb
Processing file 7c7j_assembly1.pdb
Processing file 7c7s_assembly1.pdb
Processing file 7c8d_assembly1.pdb
Processing file 7c8w_assembly1.pdb
Processing file 7c96_assembly1.pdb
Processing file 7c9p_assembly1.pdb
Processing file 7ce5_assembly1.pdb
Processing file 7cea_assembly1.pdb
Processing file 7cee_assembly1.pdb
Processing file 7cei_assembly1.pdb
Processing file 7cko_assembly1.pdb
Processing file 7cq2_assembly1.pdb
Processing file 7cq3_assembly1.pdb
Processing file 7cqh_assembly1.pdb
Processing file 7cqp_assembly1.pdb
Processing file 7csl_assembly1.pdb
Processing file 7cui_assembly1.pdb
Processing file 7cyl_assembly1.pdb
Processing file 7czd_assembly2.pdb
Processing file 7d0p_assembly1.pdb
Processing file 7d2t_assembly2.pdb
Processing file 7d6y_assembly1.pdb
Processing file 7dg5_assembly1.pdb
Processing file 7dhg_assembly1.pdb
Processing file 7dhx_assembly1.pdb
Processing file 7diy_assembly1.pdb
Processing file 7dma_assembly1.pdb
Processing file 7dn8_assembly1.pdb
Processing file 7dqa_assembly1.pdb
Processing file 7e3j_assembly1.pdb
Processing file 7e40_assembly1.pdb
Processing file 7e9m_assembly1.pdb
Processing file 7ea6_assembly1.pdb
Processing file 7edp_assembly1.pdb
Processing file 7egs_assembly1.pdb
Processing file 7egt_assembly1.pdb
Processing file 7ejo_assembly1.pdb
Processing file 7ekh_assembly1.pdb
Processing file 7ekn_assembly1.pdb
Processing file 7eow_assembly1.pdb
Processing file 7eqx_assembly1.pdb
Processing file 7et0_assembly1.pdb
Processing file 7f07_assembly1.pdb
Processing file 7f0u_assembly1.pdb
Processing file 7f28_assembly1.pdb
Processing file 7f4p_assembly1.pdb
Processing file 7f5k_assembly1.pdb
Processing file 7f61_assembly1.pdb
Processing file 7f69_assembly1.pdb
Processing file 7fb5_assembly1.pdb
Processing file 7fbj_assembly1.pdb
Processing file 7fbk_assembly1.pdb
Processing file 7fdo_assembly1.pdb
Processing file 7fgm_assembly1.pdb
Processing file 7fiv_assembly1.pdb
Processing file 7fiw_assembly1.pdb
Processing file 7jhp_assembly1.pdb
Processing file 7jj0_assembly2.pdb
Processing file 7jqd_assembly1.pdb
Processing file 7jqk_assembly1.pdb
Processing file 7jr2_assembly1.pdb
Processing file 7jtu_assembly1.pdb
Processing file 7juw_assembly1.pdb
Processing file 7jw7_assembly1.pdb
Processing file 7jxd_assembly1.pdb
Processing file 7jxe_assembly1.pdb
Processing file 7jxu_assembly1.pdb
Processing file 7k84_assembly1.pdb
Processing file 7kgj_assembly1.pdb
Processing file 7kgk_assembly1.pdb
Processing file 7l3l_assembly1.pdb
Processing file 7lc1_assembly1.pdb
Processing file 7lc2_assembly1.pdb
Processing file 7ldj_assembly1.pdb
Processing file 7len_assembly1.pdb
Processing file 7lew_assembly1.pdb
Processing file 7lko_assembly1.pdb
Processing file 7lvs_assembly1.pdb
Processing file 7lwh_assembly1.pdb
Processing file 7m3q_assembly1.pdb
Processing file 7m4m_assembly2.pdb
Processing file 7m5a_assembly1.pdb
Processing file 7mez_assembly1.pdb
Processing file 7mji_assembly1.pdb
Processing file 7mkk_assembly1.pdb
Processing file 7mmy_assembly1.pdb
Processing file 7mni_assembly1.pdb
Processing file 7mnp_assembly1.pdb
Processing file 7mnr_assembly1.pdb
Processing file 7mns_assembly1.pdb
Processing file 7mnu_assembly1.pdb
Processing file 7mnv_assembly1.pdb
Processing file 7mnw_assembly1.pdb
Processing file 7mnx_assembly1.pdb
Processing file 7mny_assembly1.pdb
Processing file 7mnz_assembly1.pdb
Processing file 7mo0_assembly1.pdb
Processing file 7mo1_assembly1.pdb
Processing file 7mo2_assembly1.pdb
Processing file 7mo3_assembly1.pdb
Processing file 7mo5_assembly1.pdb
Processing file 7mon_assembly1.pdb
Processing file 7mrk_assembly1.pdb
Processing file 7mrs_assembly1.pdb
Processing file 7mvy_assembly1.pdb
Processing file 7mwq_assembly1.pdb
Processing file 7mwr_assembly1.pdb
Processing file 7mxh_assembly1.pdb
Processing file 7myf_assembly1.pdb
Processing file 7myh_assembly1.pdb
Processing file 7n0e_assembly1.pdb
Processing file 7n1c_assembly1.pdb
Processing file 7n1d_assembly1.pdb
Processing file 7n1n_assembly1.pdb
Processing file 7n4n_assembly1.pdb
Processing file 7n9h_assembly1.pdb
Processing file 7ndf_assembly1.pdb
Processing file 7nfq_assembly1.pdb
Processing file 7nfr_assembly1.pdb
Processing file 7nh7_assembly1.pdb
Processing file 7nj1_assembly1.pdb
Processing file 7nmi_assembly1.pdb
Processing file 7nmm_assembly2.pdb
Processing file 7now_assembly1.pdb
Processing file 7ny8_assembly1.pdb
Processing file 7nz9_assembly1.pdb
Processing file 7o06_assembly1.pdb
Processing file 7o0s_assembly1.pdb
Processing file 7opb_assembly1.pdb
Processing file 7owz_assembly1.pdb
Processing file 7p33_assembly1.pdb
Processing file 7p3i_assembly1.pdb
Processing file 7p8k_assembly1.pdb
Processing file 7p99_assembly1.pdb
Processing file 7pg5_assembly1.pdb
Processing file 7pi6_assembly1.pdb
Processing file 7pjh_assembly1.pdb
Processing file 7pp2_assembly1.pdb
Processing file 7ppz_assembly1.pdb
Processing file 7pu4_assembly1.pdb
Processing file 7q1s_assembly2.pdb
Processing file 7q1u_assembly1.pdb
Processing file 7q3q_assembly1.pdb
Processing file 7q72_assembly1.pdb
Processing file 7q83_assembly1.pdb
Processing file 7qac_assembly1.pdb
Processing file 7qaj_assembly1.pdb
Processing file 7qgs_assembly1.pdb
Processing file 7qih_assembly1.pdb
Processing file 7qm2_assembly1.pdb
Processing file 7qtw_assembly1.pdb
Processing file 7qu4_assembly1.pdb
Processing file 7qv8_assembly1.pdb
Processing file 7r49_assembly3.pdb
Processing file 7rbr_assembly1.pdb
Processing file 7rbs_assembly1.pdb
Processing file 7rby_assembly1.pdb
Processing file 7rnn_assembly1.pdb
Processing file 7rt7_assembly3.pdb
Processing file 7rx7_assembly1.pdb
Processing file 7s2s_assembly1.pdb
Processing file 7s4a_assembly1.pdb
Processing file 7s4n_assembly1.pdb
Processing file 7s58_assembly1.pdb
Processing file 7s59_assembly1.pdb
Processing file 7s5s_assembly1.pdb
Processing file 7s8i_assembly1.pdb
Processing file 7sak_assembly1.pdb
Processing file 7scs_assembly1.pdb
Processing file 7sct_assembly1.pdb
Processing file 7scv_assembly1.pdb
Processing file 7scw_assembly1.pdb
Processing file 7sej_assembly1.pdb
Processing file 7sh3_assembly1.pdb
Processing file 7sj3_assembly1.pdb
Processing file 7sj4_assembly1.pdb
Processing file 7sjq_assembly1.pdb
Processing file 7so0_assembly1.pdb
Processing file 7spo_assembly1.pdb
Processing file 7spp_assembly1.pdb
Processing file 7sr5_assembly1.pdb
Processing file 7srk_assembly1.pdb
Processing file 7szc_assembly1.pdb
Processing file 7t0y_assembly1.pdb
Processing file 7t6a_assembly2.pdb
Processing file 7t9l_assembly1.pdb
Processing file 7ta3_assembly1.pdb
Processing file 7ta6_assembly5.pdb
Processing file 7tj4_assembly1.pdb
Processing file 7tui_assembly1.pdb
Processing file 7tyd_assembly1.pdb
Processing file 7u9w_assembly1.pdb
Processing file 7ua8_assembly1.pdb
Processing file 7ubx_assembly1.pdb
Processing file 7uby_assembly1.pdb
Processing file 7ubz_assembly1.pdb
Processing file 7uc8_assembly1.pdb
Processing file 7ucq_assembly1.pdb
Processing file 7ufk_assembly1.pdb
Processing file 7ufw_assembly1.pdb
Processing file 7uhb_assembly1.pdb
Processing file 7ui8_assembly1.pdb
Processing file 7ul2_assembly1.pdb
Processing file 7ul4_assembly1.pdb
Processing file 7um4_assembly1.pdb
Processing file 7unz_assembly1.pdb
Processing file 7upm_assembly1.pdb
Processing file 7uzo_assembly1.pdb
Processing file 7uzu_assembly1.pdb
Processing file 7v7l_assembly1.pdb
Processing file 7v8e_assembly1.pdb
Processing file 7vbq_assembly1.pdb
Processing file 7vd7_assembly1.pdb
Processing file 7vdp_assembly2.pdb
Processing file 7ven_assembly1.pdb
Processing file 7vfa_assembly1.pdb
Processing file 7vfb_assembly1.pdb
Processing file 7vg7_assembly1.pdb
Processing file 7vkb_assembly1.pdb
Processing file 7vni_assembly2.pdb
Processing file 7voa_assembly1.pdb
Processing file 7vrc_assembly1.pdb
Processing file 7vsi_assembly1.pdb
Processing file 7vv9_assembly1.pdb
Processing file 7vvb_assembly1.pdb
Processing file 7vvh_assembly1.pdb
Processing file 7vw6_assembly1.pdb
Processing file 7w1s_assembly1.pdb
Processing file 7w36_assembly1.pdb
Processing file 7w47_assembly1.pdb
Processing file 7w6r_assembly1.pdb
Processing file 7w6u_assembly1.pdb
Processing file 7w8s_assembly1.pdb
Processing file 7wd1_assembly2.pdb
Processing file 7wd2_assembly1.pdb
Processing file 7wfc_assembly1.pdb
Processing file 7wiv_assembly1.pdb
Processing file 7wjq_assembly1.pdb
Processing file 7wki_assembly1.pdb
Processing file 7wko_assembly1.pdb
Processing file 7wpb_assembly1.pdb
Processing file 7wr3_assembly1.pdb
Processing file 7wrs_assembly1.pdb
Processing file 7wse_assembly1.pdb
Processing file 7wsf_assembly1.pdb
Processing file 7wsh_assembly1.pdb
Processing file 7wz6_assembly1.pdb
Processing file 7x2j_assembly1.pdb
Processing file 7xad_assembly1.pdb
Processing file 7xby_assembly1.pdb
Processing file 7xdd_assembly1.pdb
Processing file 7xge_assembly1.pdb
Processing file 7xky_assembly1.pdb
Processing file 7xqv_assembly1.pdb
Processing file 7xqw_assembly1.pdb
Processing file 7xtp_assembly1.pdb
Processing file 7xv1_assembly1.pdb
Processing file 7xvk_assembly1.pdb
Processing file 7xvo_assembly1.pdb
Processing file 7xyq_assembly1.pdb
Processing file 7y0e_assembly1.pdb
Processing file 7y4a_assembly1.pdb
Processing file 7y6b_assembly1.pdb
Processing file 7y9n_assembly1.pdb
Processing file 7ycj_assembly1.pdb
Processing file 7yco_assembly1.pdb
Processing file 7yk3_assembly1.pdb
Processing file 7yls_assembly1.pdb
Processing file 7ymf_assembly1.pdb
Processing file 7ytu_assembly1.pdb
Processing file 7yui_assembly1.pdb
Processing file 7z72_assembly1.pdb
Processing file 7z7c_assembly1.pdb
Processing file 7z9f_assembly1.pdb
Processing file 7zau_assembly2.pdb
Processing file 7zcm_assembly1.pdb
Processing file 7zh4_assembly1.pdb
Processing file 7zhr_assembly1.pdb
Processing file 7zmm_assembly1.pdb
Processing file 7zmv_assembly1.pdb
Processing file 7zr2_assembly1.pdb
Processing file 7zry_assembly1.pdb
Processing file 7zuy_assembly1.pdb
Processing file 7zw4_assembly1.pdb
Processing file 8a1g_assembly2.pdb
Processing file 8a4a_assembly1.pdb
Processing file 8a4b_assembly1.pdb
Processing file 8a4c_assembly1.pdb
Processing file 8a8f_assembly1.pdb
Processing file 8ae5_assembly1.pdb
Processing file 8ag0_assembly1.pdb
Processing file 8ahs_assembly1.pdb
Processing file 8aim_assembly1.pdb
Processing file 8ain_assembly1.pdb
Processing file 8ajn_assembly1.pdb
Processing file 8ak1_assembly1.pdb
Processing file 8ako_assembly1.pdb
Processing file 8aom_assembly1.pdb
Processing file 8aqs_assembly1.pdb
Processing file 8arb_assembly1.pdb
Processing file 8aw4_assembly1.pdb
Processing file 8b05_assembly1.pdb
Processing file 8b3s_assembly1.pdb
Processing file 8b8v_assembly1.pdb
Processing file 8bby_assembly1.pdb
Processing file 8bc9_assembly1.pdb
Processing file 8bct_assembly2.pdb
Processing file 8bec_assembly1.pdb
Processing file 8bfj_assembly1.pdb
Processing file 8bg2_assembly1.pdb
Processing file 8bg3_assembly2.pdb
Processing file 8bg4_assembly1.pdb
Processing file 8bg5_assembly1.pdb
Processing file 8bgm_assembly1.pdb
Processing file 8bj8_assembly1.pdb
Processing file 8bw8_assembly2.pdb
Processing file 8bzr_assembly1.pdb
Processing file 8c0g_assembly1.pdb
Processing file 8c26_assembly1.pdb
Processing file 8c3k_assembly1.pdb
Processing file 8c8g_assembly1.pdb
Processing file 8cd0_assembly1.pdb
Processing file 8cem_assembly1.pdb
Processing file 8cjb_assembly1.pdb
Processing file 8cnc_assembly1.pdb
Processing file 8cqz_assembly1.pdb
Processing file 8ct8_assembly1.pdb
Processing file 8cuv_assembly1.pdb
Processing file 8czf_assembly1.pdb
Processing file 8czg_assembly1.pdb
Processing file 8czh_assembly1.pdb
Processing file 8d4q_assembly1.pdb
Processing file 8d4s_assembly1.pdb
Processing file 8d4u_assembly1.pdb
Processing file 8d4v_assembly1.pdb
Processing file 8d5p_assembly1.pdb
Processing file 8dc0_assembly1.pdb
Processing file 8dce_assembly1.pdb
Processing file 8dcp_assembly1.pdb
Processing file 8dcx_assembly1.pdb
Processing file 8dly_assembly1.pdb
Processing file 8dm8_assembly1.pdb
Processing file 8dma_assembly1.pdb
Processing file 8dml_assembly1.pdb
Processing file 8dp0_assembly1.pdb
Processing file 8dwl_assembly1.pdb
Processing file 8dy5_assembly1.pdb
Processing file 8e0e_assembly1.pdb
Processing file 8e0g_assembly1.pdb
Processing file 8e0q_assembly1.pdb
Processing file 8efw_assembly1.pdb
Processing file 8efx_assembly1.pdb
Processing file 8el7_assembly1.pdb
Processing file 8en0_assembly1.pdb
Processing file 8enb_assembly1.pdb
Processing file 8epw_assembly1.pdb
Processing file 8ey4_assembly1.pdb
Processing file 8f2p_assembly1.pdb
Processing file 8fk6_assembly1.pdb
Processing file 8fml_assembly1.pdb
Processing file 8fn8_assembly1.pdb
Processing file 8fn9_assembly1.pdb
Processing file 8fzm_assembly1.pdb
Processing file 8fzz_assembly1.pdb
Processing file 8g0k_assembly1.pdb
Processing file 8g0p_assembly1.pdb
Processing file 8g3k_assembly1.pdb
Processing file 8g4h_assembly1.pdb
Processing file 8g4y_assembly1.pdb
Processing file 8gai_assembly1.pdb
Processing file 8gbq_assembly1.pdb
Processing file 8gic_assembly2.pdb
Processing file 8gjg_assembly1.pdb
Processing file 8gji_assembly1.pdb
Processing file 8gko_assembly1.pdb
Processing file 8gop_assembly1.pdb
Processing file 8gqe_assembly1.pdb
Processing file 8grg_assembly1.pdb
Processing file 8grj_assembly1.pdb
Processing file 8gti_assembly1.pdb
Processing file 8gtj_assembly1.pdb
Processing file 8gtx_assembly1.pdb
Processing file 8gu7_assembly1.pdb
Processing file 8guo_assembly1.pdb
Processing file 8gxe_assembly1.pdb
Processing file 8gzx_assembly1.pdb
Processing file 8h0n_assembly1.pdb
Processing file 8h1i_assembly1.pdb
Processing file 8h3x_assembly1.pdb
Processing file 8h3y_assembly1.pdb
Processing file 8h5c_assembly1.pdb
Processing file 8h5t_assembly1.pdb
Processing file 8h5u_assembly1.pdb
Processing file 8h64_assembly2.pdb
Processing file 8hbv_assembly1.pdb
Processing file 8hez_assembly1.pdb
Processing file 8hgi_assembly1.pdb
Processing file 8hhj_assembly1.pdb
Processing file 8hkh_assembly2.pdb
Processing file 8hln_assembly1.pdb
Processing file 8hm3_assembly1.pdb
Processing file 8hq2_assembly1.pdb
Processing file 8hsf_assembly1.pdb
Processing file 8htd_assembly1.pdb
Processing file 8htf_assembly1.pdb
Processing file 8i2f_assembly1.pdb
Processing file 8idi_assembly2.pdb
Processing file 8ido_assembly2.pdb
Processing file 8ifz_assembly1.pdb
Processing file 8igc_assembly1.pdb
Processing file 8ij9_assembly1.pdb
Processing file 8ikw_assembly1.pdb
Processing file 8im0_assembly1.pdb
Processing file 8ipl_assembly1.pdb
Processing file 8itp_assembly1.pdb
Processing file 8j1i_assembly1.pdb
Processing file 8j64_assembly1.pdb
Processing file 8jc5_assembly1.pdb
Processing file 8jca_assembly1.pdb
Processing file 8jcu_assembly1.pdb
Processing file 8jcz_assembly1.pdb
Processing file 8jd2_assembly1.pdb
Processing file 8jd4_assembly1.pdb
Processing file 8ji0_assembly1.pdb
Processing file 8jmq_assembly1.pdb
Processing file 8jtk_assembly1.pdb
Processing file 8jwj_assembly1.pdb
Processing file 8k00_assembly1.pdb
Processing file 8k3k_assembly1.pdb
Processing file 8odr_assembly1.pdb
Processing file 8oiz_assembly1.pdb
Processing file 8oky_assembly1.pdb
Processing file 8onw_assembly1.pdb
Processing file 8oot_assembly1.pdb
Processing file 8or7_assembly1.pdb
Processing file 8orn_assembly1.pdb
Processing file 8p7l_assembly1.pdb
Processing file 8p81_assembly1.pdb
Processing file 8pfc_assembly2.pdb
Processing file 8phv_assembly1.pdb
Processing file 8pn6_assembly1.pdb
Processing file 8pnl_assembly1.pdb
Processing file 8pq7_assembly1.pdb
Processing file 8q66_assembly1.pdb
Processing file 8qel_assembly1.pdb
Processing file 8qlo_assembly1.pdb
Processing file 8qvw_assembly1.pdb
Processing file 8r02_assembly1.pdb
Processing file 8r4u_assembly1.pdb
Processing file 8r7a_assembly1.pdb
Processing file 8sg7_assembly1.pdb
Processing file 8sk5_assembly1.pdb
Processing file 8sso_assembly1.pdb
Processing file 8svi_assembly1.pdb
Processing file 8t2d_assembly1.pdb
Processing file 8t48_assembly2.pdb
Processing file 8t5e_assembly1.pdb
Processing file 8t74_assembly1.pdb
Processing file 8t75_assembly1.pdb
Processing file 8tgd_assembly1.pdb
Processing file 8tuq_assembly1.pdb
Processing file 8tyj_assembly1.pdb
Processing file 8tyq_assembly1.pdb
Processing file 8tzc_assembly1.pdb
Processing file 8uc6_assembly1.pdb
Processing file 8uh1_assembly1.pdb
Processing file 8vkp_assembly1.pdb
Processing file 8vx9_assembly1.pdb
Processing file 8wgw_assembly1.pdb
Processing file 8wox_assembly1.pdb
Processing file 8wwy_assembly1.pdb
Processing file 8xld_assembly1.pdb
Processing file 9pai_assembly1.pdb
{'ALA': 176208, 'CYS': 60311, 'ASP': 200461, 'GLU': 284318, 'PHE': 351912, 'GLY': 165277, 'HIS': 141649, 'ILE': 266807, 'LYS': 265274, 'LEU': 491120, 'MET': 121447, 'ASN': 196942, 'PRO': 181561, 'GLN': 216027, 'ARG': 456648, 'SER': 215928, 'THR': 198205, 'VAL': 253928, 'TRP': 180672, 'TYR': 356821}
