Series([], Name: pdb_file, dtype: object)
['DockQ', 'pdb_file', 'pdb_id']
/home/as4643/palmer_scratch/Protein-Decoy-Detection-SVR/predictions_capri_rfe/all.csv
BEGINNING TRAINING
DONE TRAINING
Feature ranking: [1 1 3 2]
    Feature  Ranking
0  contacts        1
1       rsm        1
2  flatness        3
3     hydro        2
DONE PREDICTING
        MAE       MSE        R2
0  0.193038  0.071482  0.266794
                                  pdb_file  actual_DockQ  prediction
0      complex.0_0_14_corrected_H_0001_T30         0.030    0.109474
1      complex.0_0_16_corrected_H_0001_T30         0.044    0.109919
2      complex.0_0_24_corrected_H_0001_T30         0.029    0.106271
3      complex.0_0_25_corrected_H_0001_T30         0.048    0.109582
4      complex.0_0_31_corrected_H_0001_T30         0.043    0.111037
...                                    ...           ...         ...
21301  complex.9752_1_corrected_H_0001_T54         0.071    0.111604
21302  complex.9768_3_corrected_H_0001_T54         0.026    0.122659
21303  complex.9780_3_corrected_H_0001_T54         0.067    0.124288
21304  complex.9780_5_corrected_H_0001_T54         0.072    0.112183
21305  complex.9964_5_corrected_H_0001_T54         0.156    0.119426

[21306 rows x 3 columns]
