Series([], Name: pdb_file, dtype: object)
['DockQ', 'pdb_file', 'pdb_id']
/home/as4643/palmer_scratch/Protein-Decoy-Detection-SVR/predictions_capri_rfe/all_rbf.csv
BEGINNING TRAINING
Traceback (most recent call last):
  File "/home/as4643/palmer_scratch/Protein-Decoy-Detection-SVR/capri_svr_rfe.py", line 63, in <module>
    pipeline.fit(X_train, y_train)
  File "/home/as4643/.conda/envs/SVR/lib/python3.12/site-packages/sklearn/base.py", line 1473, in wrapper
    return fit_method(estimator, *args, **kwargs)
           ^^^^^^^^^^^^^^^^^^^^^^^^^^^^^^^^^^^^^^
  File "/home/as4643/.conda/envs/SVR/lib/python3.12/site-packages/sklearn/pipeline.py", line 472, in fit
    Xt = self._fit(X, y, routed_params)
         ^^^^^^^^^^^^^^^^^^^^^^^^^^^^^^
  File "/home/as4643/.conda/envs/SVR/lib/python3.12/site-packages/sklearn/pipeline.py", line 409, in _fit
    X, fitted_transformer = fit_transform_one_cached(
                            ^^^^^^^^^^^^^^^^^^^^^^^^^
  File "/home/as4643/.conda/envs/SVR/lib/python3.12/site-packages/joblib/memory.py", line 312, in __call__
    return self.func(*args, **kwargs)
           ^^^^^^^^^^^^^^^^^^^^^^^^^^
  File "/home/as4643/.conda/envs/SVR/lib/python3.12/site-packages/sklearn/pipeline.py", line 1329, in _fit_transform_one
    res = transformer.fit_transform(X, y, **params.get("fit_transform", {}))
          ^^^^^^^^^^^^^^^^^^^^^^^^^^^^^^^^^^^^^^^^^^^^^^^^^^^^^^^^^^^^^^^^^^
  File "/home/as4643/.conda/envs/SVR/lib/python3.12/site-packages/sklearn/utils/_set_output.py", line 313, in wrapped
    data_to_wrap = f(self, X, *args, **kwargs)
                   ^^^^^^^^^^^^^^^^^^^^^^^^^^^
  File "/home/as4643/.conda/envs/SVR/lib/python3.12/site-packages/sklearn/base.py", line 1101, in fit_transform
    return self.fit(X, y, **fit_params).transform(X)
           ^^^^^^^^^^^^^^^^^^^^^^^^^^^^
  File "/home/as4643/.conda/envs/SVR/lib/python3.12/site-packages/sklearn/base.py", line 1473, in wrapper
    return fit_method(estimator, *args, **kwargs)
           ^^^^^^^^^^^^^^^^^^^^^^^^^^^^^^^^^^^^^^
  File "/home/as4643/.conda/envs/SVR/lib/python3.12/site-packages/sklearn/feature_selection/_rfe.py", line 268, in fit
    return self._fit(X, y, **fit_params)
           ^^^^^^^^^^^^^^^^^^^^^^^^^^^^^
  File "/home/as4643/.conda/envs/SVR/lib/python3.12/site-packages/sklearn/feature_selection/_rfe.py", line 326, in _fit
    importances = _get_feature_importances(
                  ^^^^^^^^^^^^^^^^^^^^^^^^^
  File "/home/as4643/.conda/envs/SVR/lib/python3.12/site-packages/sklearn/feature_selection/_base.py", line 228, in _get_feature_importances
    raise ValueError(
ValueError: when `importance_getter=='auto'`, the underlying estimator SVR should have `coef_` or `feature_importances_` attribute. Either pass a fitted estimator to feature selector or call fit before calling transform.
