Series([], Name: pdb_file, dtype: object)
['flatness', 'DockQ', 'pdb_file', 'pdb_id']
/home/as4643/palmer_scratch/Protein-Decoy-Detection-SVR/predictions_hydro/no_flatness.csv
BEGINNING LOOPING
DATA SPLIT
BEGINNING TRAINING
DONE TRAINING
DONE PREDICTING
DATA SPLIT
BEGINNING TRAINING
DONE TRAINING
DONE PREDICTING
DATA SPLIT
BEGINNING TRAINING
DONE TRAINING
DONE PREDICTING
DATA SPLIT
BEGINNING TRAINING
DONE TRAINING
DONE PREDICTING
DATA SPLIT
BEGINNING TRAINING
DONE TRAINING
DONE PREDICTING
DATA SPLIT
BEGINNING TRAINING
DONE TRAINING
DONE PREDICTING
DATA SPLIT
BEGINNING TRAINING
DONE TRAINING
DONE PREDICTING
DATA SPLIT
BEGINNING TRAINING
DONE TRAINING
DONE PREDICTING
DATA SPLIT
BEGINNING TRAINING
DONE TRAINING
DONE PREDICTING
DATA SPLIT
BEGINNING TRAINING
DONE TRAINING
DONE PREDICTING
DATA SPLIT
BEGINNING TRAINING
DONE TRAINING
DONE PREDICTING
DATA SPLIT
BEGINNING TRAINING
DONE TRAINING
DONE PREDICTING
DATA SPLIT
BEGINNING TRAINING
DONE TRAINING
DONE PREDICTING
DATA SPLIT
BEGINNING TRAINING
DONE TRAINING
DONE PREDICTING
DATA SPLIT
BEGINNING TRAINING
DONE TRAINING
DONE PREDICTING
DATA SPLIT
BEGINNING TRAINING
DONE TRAINING
DONE PREDICTING
DATA SPLIT
BEGINNING TRAINING
DONE TRAINING
DONE PREDICTING
DATA SPLIT
BEGINNING TRAINING
DONE TRAINING
DONE PREDICTING
DATA SPLIT
BEGINNING TRAINING
DONE TRAINING
DONE PREDICTING
DATA SPLIT
BEGINNING TRAINING
DONE TRAINING
DONE PREDICTING
DATA SPLIT
BEGINNING TRAINING
DONE TRAINING
DONE PREDICTING
DATA SPLIT
BEGINNING TRAINING
DONE TRAINING
DONE PREDICTING
DATA SPLIT
BEGINNING TRAINING
DONE TRAINING
DONE PREDICTING
DATA SPLIT
BEGINNING TRAINING
DONE TRAINING
DONE PREDICTING
DATA SPLIT
BEGINNING TRAINING
DONE TRAINING
DONE PREDICTING
DATA SPLIT
BEGINNING TRAINING
DONE TRAINING
DONE PREDICTING
DATA SPLIT
BEGINNING TRAINING
DONE TRAINING
DONE PREDICTING
DATA SPLIT
BEGINNING TRAINING
DONE TRAINING
DONE PREDICTING
DATA SPLIT
BEGINNING TRAINING
DONE TRAINING
DONE PREDICTING
DATA SPLIT
BEGINNING TRAINING
DONE TRAINING
DONE PREDICTING
DATA SPLIT
BEGINNING TRAINING
DONE TRAINING
DONE PREDICTING
DATA SPLIT
BEGINNING TRAINING
DONE TRAINING
DONE PREDICTING
DATA SPLIT
BEGINNING TRAINING
DONE TRAINING
DONE PREDICTING
DATA SPLIT
BEGINNING TRAINING
DONE TRAINING
DONE PREDICTING
DATA SPLIT
BEGINNING TRAINING
DONE TRAINING
DONE PREDICTING
DATA SPLIT
BEGINNING TRAINING
DONE TRAINING
DONE PREDICTING
DATA SPLIT
BEGINNING TRAINING
DONE TRAINING
DONE PREDICTING
DATA SPLIT
BEGINNING TRAINING
DONE TRAINING
DONE PREDICTING
DATA SPLIT
BEGINNING TRAINING
DONE TRAINING
DONE PREDICTING
DATA SPLIT
BEGINNING TRAINING
DONE TRAINING
DONE PREDICTING
DATA SPLIT
BEGINNING TRAINING
DONE TRAINING
DONE PREDICTING
DATA SPLIT
BEGINNING TRAINING
DONE TRAINING
DONE PREDICTING
DATA SPLIT
BEGINNING TRAINING
DONE TRAINING
DONE PREDICTING
DATA SPLIT
BEGINNING TRAINING
DONE TRAINING
DONE PREDICTING
DATA SPLIT
BEGINNING TRAINING
DONE TRAINING
DONE PREDICTING
DATA SPLIT
BEGINNING TRAINING
DONE TRAINING
DONE PREDICTING
DATA SPLIT
BEGINNING TRAINING
DONE TRAINING
DONE PREDICTING
DATA SPLIT
BEGINNING TRAINING
DONE TRAINING
DONE PREDICTING
DATA SPLIT
BEGINNING TRAINING
DONE TRAINING
DONE PREDICTING
DATA SPLIT
BEGINNING TRAINING
DONE TRAINING
DONE PREDICTING
DATA SPLIT
BEGINNING TRAINING
DONE TRAINING
DONE PREDICTING
DATA SPLIT
BEGINNING TRAINING
DONE TRAINING
DONE PREDICTING
DATA SPLIT
BEGINNING TRAINING
DONE TRAINING
DONE PREDICTING
DATA SPLIT
BEGINNING TRAINING
DONE TRAINING
DONE PREDICTING
DATA SPLIT
BEGINNING TRAINING
DONE TRAINING
DONE PREDICTING
DATA SPLIT
BEGINNING TRAINING
DONE TRAINING
DONE PREDICTING
DATA SPLIT
BEGINNING TRAINING
DONE TRAINING
DONE PREDICTING
DATA SPLIT
BEGINNING TRAINING
DONE TRAINING
DONE PREDICTING
DATA SPLIT
BEGINNING TRAINING
DONE TRAINING
DONE PREDICTING
DATA SPLIT
BEGINNING TRAINING
DONE TRAINING
DONE PREDICTING
DATA SPLIT
BEGINNING TRAINING
DONE TRAINING
DONE PREDICTING
DATA SPLIT
BEGINNING TRAINING
DONE TRAINING
DONE PREDICTING
DATA SPLIT
BEGINNING TRAINING
DONE TRAINING
DONE PREDICTING
DATA SPLIT
BEGINNING TRAINING
DONE TRAINING
DONE PREDICTING
DATA SPLIT
BEGINNING TRAINING
DONE TRAINING
DONE PREDICTING
DATA SPLIT
BEGINNING TRAINING
DONE TRAINING
DONE PREDICTING
DATA SPLIT
BEGINNING TRAINING
DONE TRAINING
DONE PREDICTING
DATA SPLIT
BEGINNING TRAINING
DONE TRAINING
DONE PREDICTING
DATA SPLIT
BEGINNING TRAINING
DONE TRAINING
DONE PREDICTING
DATA SPLIT
BEGINNING TRAINING
DONE TRAINING
DONE PREDICTING
DATA SPLIT
BEGINNING TRAINING
DONE TRAINING
DONE PREDICTING
DATA SPLIT
BEGINNING TRAINING
DONE TRAINING
DONE PREDICTING
DATA SPLIT
BEGINNING TRAINING
DONE TRAINING
DONE PREDICTING
DATA SPLIT
BEGINNING TRAINING
DONE TRAINING
DONE PREDICTING
DATA SPLIT
BEGINNING TRAINING
DONE TRAINING
DONE PREDICTING
DATA SPLIT
BEGINNING TRAINING
DONE TRAINING
DONE PREDICTING
DATA SPLIT
BEGINNING TRAINING
DONE TRAINING
DONE PREDICTING
DATA SPLIT
BEGINNING TRAINING
DONE TRAINING
DONE PREDICTING
DATA SPLIT
BEGINNING TRAINING
DONE TRAINING
DONE PREDICTING
DATA SPLIT
BEGINNING TRAINING
DONE TRAINING
DONE PREDICTING
DATA SPLIT
BEGINNING TRAINING
DONE TRAINING
DONE PREDICTING
DATA SPLIT
BEGINNING TRAINING
DONE TRAINING
DONE PREDICTING
DATA SPLIT
BEGINNING TRAINING
DONE TRAINING
DONE PREDICTING
DATA SPLIT
BEGINNING TRAINING
DONE TRAINING
DONE PREDICTING
   Group       MAE       MSE        R2
0   1acb  0.197566  0.071080  0.220192
1   1ay7  0.165738  0.047877  0.481435
2   1c3a  0.222757  0.087206  0.196570
3   1euv  0.116505  0.020210  0.771180
4   1f60  0.102600  0.013745  0.866071
..   ...       ...       ...       ...
79  6zbk  0.171409  0.046923  0.584349
80  7bxh  0.186207  0.060161  0.320218
81  7joe  0.163990  0.041229  0.579131
82  7jxv  0.225316  0.101272 -0.186409
83  8enf  0.136228  0.032291  0.620354

[84 rows x 4 columns]
Traceback (most recent call last):
  File "/home/as4643/palmer_scratch/Protein-Decoy-Detection-SVR/test_svr.py", line 90, in <module>
    predictions_df.to_csv(args.output_path, index=False)
  File "/home/as4643/.conda/envs/SVR/lib/python3.12/site-packages/pandas/util/_decorators.py", line 333, in wrapper
    return func(*args, **kwargs)
           ^^^^^^^^^^^^^^^^^^^^^
  File "/home/as4643/.conda/envs/SVR/lib/python3.12/site-packages/pandas/core/generic.py", line 3967, in to_csv
    return DataFrameRenderer(formatter).to_csv(
           ^^^^^^^^^^^^^^^^^^^^^^^^^^^^^^^^^^^^
  File "/home/as4643/.conda/envs/SVR/lib/python3.12/site-packages/pandas/io/formats/format.py", line 1014, in to_csv
    csv_formatter.save()
  File "/home/as4643/.conda/envs/SVR/lib/python3.12/site-packages/pandas/io/formats/csvs.py", line 251, in save
    with get_handle(
         ^^^^^^^^^^^
  File "/home/as4643/.conda/envs/SVR/lib/python3.12/site-packages/pandas/io/common.py", line 749, in get_handle
    check_parent_directory(str(handle))
  File "/home/as4643/.conda/envs/SVR/lib/python3.12/site-packages/pandas/io/common.py", line 616, in check_parent_directory
    raise OSError(rf"Cannot save file into a non-existent directory: '{parent}'")
OSError: Cannot save file into a non-existent directory: '/home/as4643/palmer_scratch/Protein-Decoy-Detection-SVR/predictions_hydro'
