PDB id is T35
Path is /home/as4643/palmer_scratch/Decoys/Capri_SuperSampled/Capri_subsets/T35/sampled_T35/sampled_T35_relaxed
Filename is T35_sampled_NoH
File did not pass requirements.
Filename is complex.0_0_12_corrected_H_0001.pdb
Processing complex.0_0_12_corrected_H_0001.pdb
58
Contacts in Chain A: 58 + Contacts in Chain B: 58
Lengths are equal. Proceeding to compare hydrophobicities.
-----------------------------------------------------
Contact between PHE and PHE
Hydrophobicities = 0.0814021 and 0.0814021
Contact between ILE and PHE
Hydrophobicities = 0.06280283 and 0.0814021
Contact between GLN and PHE
Hydrophobicities = 0.72278272 and 0.0814021
Contact between GLN and GLY
Hydrophobicities = 0.72278272 and 0.46477639
Contact between GLN and GLU
Hydrophobicities = 0.72278272 and 0.87591947
Contact between GLN and ASN
Hydrophobicities = 0.72278272 and 0.67819213
Contact between TYR and PHE
Hydrophobicities = 0.21646225 and 0.0814021
Contact between PRO and PHE
Hydrophobicities = 0.65123555 and 0.0814021
Contact between PRO and GLY
Hydrophobicities = 0.65123555 and 0.46477639
Contact between SER and PHE
Hydrophobicities = 0.52365422 and 0.0814021
Contact between LEU and PHE
Hydrophobicities = 0.10211201 and 0.0814021
Contact between PHE and PHE
Hydrophobicities = 0.0814021 and 0.0814021
Contact between ARG and PHE
Hydrophobicities = 0.72002943 and 0.0814021
Contact between ARG and CYS
Hydrophobicities = 0.72002943 and 0
Contact between ARG and GLY
Hydrophobicities = 0.72002943 and 0.46477639
Contact between ARG and TRP
Hydrophobicities = 0.72002943 and 0.14290738
Contact between ARG and LEU
Hydrophobicities = 0.72002943 and 0.10211201
Contact between ARG and ASN
Hydrophobicities = 0.72002943 and 0.67819213
Contact between ARG and MET
Hydrophobicities = 0.72002943 and 0.18184843
Contact between LYS and CYS
Hydrophobicities = 1 and 0
Contact between PRO and PHE
Hydrophobicities = 0.65123555 and 0.0814021
Contact between PRO and TYR
Hydrophobicities = 0.65123555 and 0.21646225
Contact between ALA and GLY
Hydrophobicities = 0.30953653 and 0.46477639
Contact between ALA and GLU
Hydrophobicities = 0.30953653 and 0.87591947
Contact between ALA and TYR
Hydrophobicities = 0.30953653 and 0.21646225
Contact between ALA and ASP
Hydrophobicities = 0.30953653 and 0.75367063
Contact between ALA and SER
Hydrophobicities = 0.30953653 and 0.52365422
Contact between ALA and ASN
Hydrophobicities = 0.30953653 and 0.67819213
Contact between ALA and LYS
Hydrophobicities = 0.30953653 and 1
Contact between ASN and TYR
Hydrophobicities = 0.67819213 and 0.21646225
Contact between ASN and ASP
Hydrophobicities = 0.67819213 and 0.75367063
Contact between ASN and ASP
Hydrophobicities = 0.67819213 and 0.75367063
Contact between ASN and VAL
Hydrophobicities = 0.67819213 and 0.10992156
Contact between CYS and TYR
Hydrophobicities = 0 and 0.21646225
Contact between CYS and ASN
Hydrophobicities = 0 and 0.67819213
Contact between LYS and ASN
Hydrophobicities = 1 and 0.67819213
Contact between LYS and VAL
Hydrophobicities = 1 and 0.10992156
Contact between LYS and ASP
Hydrophobicities = 1 and 0.75367063
Contact between LEU and ASN
Hydrophobicities = 0.10211201 and 0.67819213
Contact between LEU and PHE
Hydrophobicities = 0.10211201 and 0.0814021
Contact between TYR and ARG
Hydrophobicities = 0.21646225 and 0.72002943
Contact between TYR and VAL
Hydrophobicities = 0.21646225 and 0.10992156
Contact between TYR and GLU
Hydrophobicities = 0.21646225 and 0.87591947
Contact between TYR and GLU
Hydrophobicities = 0.21646225 and 0.87591947
Contact between ASN and THR
Hydrophobicities = 0.67819213 and 0.47798833
Contact between GLY and ARG
Hydrophobicities = 0.46477639 and 0.72002943
Contact between GLY and PHE
Hydrophobicities = 0.46477639 and 0.0814021
Contact between LEU and PHE
Hydrophobicities = 0.10211201 and 0.0814021
Contact between LEU and VAL
Hydrophobicities = 0.10211201 and 0.10992156
Contact between ASP and VAL
Hydrophobicities = 0.75367063 and 0.10992156
Contact between ASP and ASN
Hydrophobicities = 0.75367063 and 0.67819213
Contact between GLY and VAL
Hydrophobicities = 0.46477639 and 0.10992156
Contact between GLY and GLU
Hydrophobicities = 0.46477639 and 0.87591947
Contact between CYS and VAL
Hydrophobicities = 0 and 0.10992156
Contact between ASP and VAL
Hydrophobicities = 0.75367063 and 0.10992156
Contact between LYS and GLU
Hydrophobicities = 1 and 0.87591947
Contact between LYS and GLU
Hydrophobicities = 1 and 0.87591947
Contact between LYS and VAL
Hydrophobicities = 1 and 0.10992156
Filename is complex.0_0_22_corrected_H_0001.pdb
Processing complex.0_0_22_corrected_H_0001.pdb
44
Contacts in Chain A: 44 + Contacts in Chain B: 44
Lengths are equal. Proceeding to compare hydrophobicities.
-----------------------------------------------------
Contact between ASN and PHE
Hydrophobicities = 0.67819213 and 0.0814021
Contact between ASN and LEU
Hydrophobicities = 0.67819213 and 0.10211201
Contact between ASN and THR
Hydrophobicities = 0.67819213 and 0.47798833
Contact between ALA and PHE
Hydrophobicities = 0.30953653 and 0.0814021
Contact between ALA and VAL
Hydrophobicities = 0.30953653 and 0.10992156
Contact between ALA and ASN
Hydrophobicities = 0.30953653 and 0.67819213
Contact between ALA and ALA
Hydrophobicities = 0.30953653 and 0.30953653
Contact between VAL and PHE
Hydrophobicities = 0.10992156 and 0.0814021
Contact between ASN and ASN
Hydrophobicities = 0.67819213 and 0.67819213
Contact between ASN and ASN
Hydrophobicities = 0.67819213 and 0.67819213
Contact between ASN and PHE
Hydrophobicities = 0.67819213 and 0.0814021
Contact between SER and ASN
Hydrophobicities = 0.52365422 and 0.67819213
Contact between SER and GLU
Hydrophobicities = 0.52365422 and 0.87591947
Contact between SER and LYS
Hydrophobicities = 0.52365422 and 1
Contact between SER and GLY
Hydrophobicities = 0.52365422 and 0.46477639
Contact between SER and GLU
Hydrophobicities = 0.52365422 and 0.87591947
Contact between SER and GLY
Hydrophobicities = 0.52365422 and 0.46477639
Contact between SER and PHE
Hydrophobicities = 0.52365422 and 0.0814021
Contact between SER and LYS
Hydrophobicities = 0.52365422 and 1
Contact between SER and TYR
Hydrophobicities = 0.52365422 and 0.21646225
Contact between ILE and PHE
Hydrophobicities = 0.06280283 and 0.0814021
Contact between LYS and GLU
Hydrophobicities = 1 and 0.87591947
Contact between ALA and GLU
Hydrophobicities = 0.30953653 and 0.87591947
Contact between ALA and CYS
Hydrophobicities = 0.30953653 and 0
Contact between ALA and GLY
Hydrophobicities = 0.30953653 and 0.46477639
Contact between ARG and PHE
Hydrophobicities = 0.72002943 and 0.0814021
Contact between ARG and ASP
Hydrophobicities = 0.72002943 and 0.75367063
Contact between ARG and GLY
Hydrophobicities = 0.72002943 and 0.46477639
Contact between ARG and TRP
Hydrophobicities = 0.72002943 and 0.14290738
Contact between ARG and ASN
Hydrophobicities = 0.72002943 and 0.67819213
Contact between GLU and ASN
Hydrophobicities = 0.87591947 and 0.67819213
Contact between ASN and PHE
Hydrophobicities = 0.67819213 and 0.0814021
Contact between ASN and PHE
Hydrophobicities = 0.67819213 and 0.0814021
Contact between ALA and PHE
Hydrophobicities = 0.30953653 and 0.0814021
Contact between ASN and PHE
Hydrophobicities = 0.67819213 and 0.0814021
Contact between ASN and TYR
Hydrophobicities = 0.67819213 and 0.21646225
Contact between ASN and PHE
Hydrophobicities = 0.67819213 and 0.0814021
Contact between ASN and TYR
Hydrophobicities = 0.67819213 and 0.21646225
Contact between GLN and TYR
Hydrophobicities = 0.72278272 and 0.21646225
Contact between PRO and ASN
Hydrophobicities = 0.65123555 and 0.67819213
Contact between TYR and VAL
Hydrophobicities = 0.21646225 and 0.10992156
Contact between TYR and ASN
Hydrophobicities = 0.21646225 and 0.67819213
Contact between ASN and VAL
Hydrophobicities = 0.67819213 and 0.10992156
Contact between GLN and ARG
Hydrophobicities = 0.72278272 and 0.72002943
Filename is complex.0_0_28_corrected_H_0001.pdb
Processing complex.0_0_28_corrected_H_0001.pdb
16
Contacts in Chain A: 16 + Contacts in Chain B: 16
Lengths are equal. Proceeding to compare hydrophobicities.
-----------------------------------------------------
Contact between ASN and PHE
Hydrophobicities = 0.67819213 and 0.0814021
Contact between ASN and GLU
Hydrophobicities = 0.67819213 and 0.87591947
Contact between ARG and GLU
Hydrophobicities = 0.72002943 and 0.87591947
Contact between ARG and THR
Hydrophobicities = 0.72002943 and 0.47798833
Contact between TYR and ASP
Hydrophobicities = 0.21646225 and 0.75367063
Contact between TYR and ASN
Hydrophobicities = 0.21646225 and 0.67819213
Contact between TYR and ASN
Hydrophobicities = 0.21646225 and 0.67819213
Contact between TYR and PHE
Hydrophobicities = 0.21646225 and 0.0814021
Contact between TYR and HIS
Hydrophobicities = 0.21646225 and 0.48907553
Contact between TYR and THR
Hydrophobicities = 0.21646225 and 0.47798833
Contact between TYR and ASN
Hydrophobicities = 0.21646225 and 0.67819213
Contact between TYR and PHE
Hydrophobicities = 0.21646225 and 0.0814021
Contact between TYR and ASN
Hydrophobicities = 0.21646225 and 0.67819213
Contact between TYR and TRP
Hydrophobicities = 0.21646225 and 0.14290738
Contact between GLY and ASN
Hydrophobicities = 0.46477639 and 0.67819213
Contact between ASP and ASN
Hydrophobicities = 0.75367063 and 0.67819213
Filename is complex.0_0_30_corrected_H_0001.pdb
Processing complex.0_0_30_corrected_H_0001.pdb
37
Contacts in Chain A: 37 + Contacts in Chain B: 37
Lengths are equal. Proceeding to compare hydrophobicities.
-----------------------------------------------------
Contact between SER and TYR
Hydrophobicities = 0.52365422 and 0.21646225
Contact between SER and CYS
Hydrophobicities = 0.52365422 and 0
Contact between GLY and ASN
Hydrophobicities = 0.46477639 and 0.67819213
Contact between GLY and TYR
Hydrophobicities = 0.46477639 and 0.21646225
Contact between GLY and CYS
Hydrophobicities = 0.46477639 and 0
Contact between SER and ASN
Hydrophobicities = 0.52365422 and 0.67819213
Contact between THR and ASN
Hydrophobicities = 0.47798833 and 0.67819213
Contact between THR and TYR
Hydrophobicities = 0.47798833 and 0.21646225
Contact between THR and PHE
Hydrophobicities = 0.47798833 and 0.0814021
Contact between THR and TYR
Hydrophobicities = 0.47798833 and 0.21646225
Contact between THR and LEU
Hydrophobicities = 0.47798833 and 0.10211201
Contact between ASN and PHE
Hydrophobicities = 0.67819213 and 0.0814021
Contact between ASN and ASN
Hydrophobicities = 0.67819213 and 0.67819213
Contact between ASN and TRP
Hydrophobicities = 0.67819213 and 0.14290738
Contact between ASN and CYS
Hydrophobicities = 0.67819213 and 0
Contact between ASN and LEU
Hydrophobicities = 0.67819213 and 0.10211201
Contact between ARG and CYS
Hydrophobicities = 0.72002943 and 0
Contact between ARG and GLY
Hydrophobicities = 0.72002943 and 0.46477639
Contact between ARG and TRP
Hydrophobicities = 0.72002943 and 0.14290738
Contact between ARG and SER
Hydrophobicities = 0.72002943 and 0.52365422
Contact between ARG and GLU
Hydrophobicities = 0.72002943 and 0.87591947
Contact between ASN and PHE
Hydrophobicities = 0.67819213 and 0.0814021
Contact between ASN and ASN
Hydrophobicities = 0.67819213 and 0.67819213
Contact between ALA and PHE
Hydrophobicities = 0.30953653 and 0.0814021
Contact between LYS and ASN
Hydrophobicities = 1 and 0.67819213
Contact between LYS and VAL
Hydrophobicities = 1 and 0.10992156
Contact between ASN and ASN
Hydrophobicities = 0.67819213 and 0.67819213
Contact between ALA and ASN
Hydrophobicities = 0.30953653 and 0.67819213
Contact between GLU and ASP
Hydrophobicities = 0.87591947 and 0.75367063
Contact between GLU and GLY
Hydrophobicities = 0.87591947 and 0.46477639
Contact between ARG and TYR
Hydrophobicities = 0.72002943 and 0.21646225
Contact between ARG and ASP
Hydrophobicities = 0.72002943 and 0.75367063
Contact between ARG and ASP
Hydrophobicities = 0.72002943 and 0.75367063
Contact between ARG and HIS
Hydrophobicities = 0.72002943 and 0.48907553
Contact between GLN and PHE
Hydrophobicities = 0.72278272 and 0.0814021
Contact between GLN and TYR
Hydrophobicities = 0.72278272 and 0.21646225
Contact between TYR and PHE
Hydrophobicities = 0.21646225 and 0.0814021
Filename is complex.0_0_32_corrected_H_0001.pdb
Processing complex.0_0_32_corrected_H_0001.pdb
42
Contacts in Chain A: 42 + Contacts in Chain B: 42
Lengths are equal. Proceeding to compare hydrophobicities.
-----------------------------------------------------
Contact between TRP and ASN
Hydrophobicities = 0.14290738 and 0.67819213
Contact between VAL and ASN
Hydrophobicities = 0.10992156 and 0.67819213
Contact between SER and ASN
Hydrophobicities = 0.52365422 and 0.67819213
Contact between GLN and ASN
Hydrophobicities = 0.72278272 and 0.67819213
Contact between ARG and LYS
Hydrophobicities = 0.72002943 and 1
Contact between TYR and LYS
Hydrophobicities = 0.21646225 and 1
Contact between TYR and ALA
Hydrophobicities = 0.21646225 and 0.30953653
Contact between TYR and SER
Hydrophobicities = 0.21646225 and 0.52365422
Contact between TYR and LYS
Hydrophobicities = 0.21646225 and 1
Contact between TYR and ALA
Hydrophobicities = 0.21646225 and 0.30953653
Contact between TYR and LYS
Hydrophobicities = 0.21646225 and 1
Contact between TYR and SER
Hydrophobicities = 0.21646225 and 0.52365422
Contact between TYR and SER
Hydrophobicities = 0.21646225 and 0.52365422
Contact between TYR and GLU
Hydrophobicities = 0.21646225 and 0.87591947
Contact between GLU and LYS
Hydrophobicities = 0.87591947 and 1
Contact between GLU and ASP
Hydrophobicities = 0.87591947 and 0.75367063
Contact between PRO and TRP
Hydrophobicities = 0.65123555 and 0.14290738
Contact between PRO and THR
Hydrophobicities = 0.65123555 and 0.47798833
Contact between PRO and GLU
Hydrophobicities = 0.65123555 and 0.87591947
Contact between ARG and GLU
Hydrophobicities = 0.72002943 and 0.87591947
Contact between ARG and TRP
Hydrophobicities = 0.72002943 and 0.14290738
Contact between ARG and THR
Hydrophobicities = 0.72002943 and 0.47798833
Contact between VAL and PHE
Hydrophobicities = 0.10992156 and 0.0814021
Contact between VAL and GLU
Hydrophobicities = 0.10992156 and 0.87591947
Contact between GLN and PHE
Hydrophobicities = 0.72278272 and 0.0814021
Contact between GLN and ASN
Hydrophobicities = 0.72278272 and 0.67819213
Contact between GLN and ASN
Hydrophobicities = 0.72278272 and 0.67819213
Contact between GLN and TRP
Hydrophobicities = 0.72278272 and 0.14290738
Contact between GLN and THR
Hydrophobicities = 0.72278272 and 0.47798833
Contact between GLN and GLU
Hydrophobicities = 0.72278272 and 0.87591947
Contact between ILE and PHE
Hydrophobicities = 0.06280283 and 0.0814021
Contact between ILE and ASN
Hydrophobicities = 0.06280283 and 0.67819213
Contact between ILE and ASN
Hydrophobicities = 0.06280283 and 0.67819213
Contact between TYR and PHE
Hydrophobicities = 0.21646225 and 0.0814021
Contact between GLY and PHE
Hydrophobicities = 0.46477639 and 0.0814021
Contact between GLY and GLU
Hydrophobicities = 0.46477639 and 0.87591947
Contact between GLY and LYS
Hydrophobicities = 0.46477639 and 1
Contact between GLY and SER
Hydrophobicities = 0.46477639 and 0.52365422
Contact between ASP and LYS
Hydrophobicities = 0.75367063 and 1
Contact between ASP and SER
Hydrophobicities = 0.75367063 and 0.52365422
Contact between LYS and GLU
Hydrophobicities = 1 and 0.87591947
Contact between ASN and ASP
Hydrophobicities = 0.67819213 and 0.75367063
Filename is complex.0_0_38_corrected_H_0001.pdb
Processing complex.0_0_38_corrected_H_0001.pdb
49
Contacts in Chain A: 49 + Contacts in Chain B: 49
Lengths are equal. Proceeding to compare hydrophobicities.
-----------------------------------------------------
Contact between ASN and PHE
Hydrophobicities = 0.67819213 and 0.0814021
Contact between SER and PHE
Hydrophobicities = 0.52365422 and 0.0814021
Contact between SER and TYR
Hydrophobicities = 0.52365422 and 0.21646225
Contact between SER and ASP
Hydrophobicities = 0.52365422 and 0.75367063
Contact between SER and GLY
Hydrophobicities = 0.52365422 and 0.46477639
Contact between GLY and PHE
Hydrophobicities = 0.46477639 and 0.0814021
Contact between VAL and PHE
Hydrophobicities = 0.10992156 and 0.0814021
Contact between ASN and GLU
Hydrophobicities = 0.67819213 and 0.87591947
Contact between GLU and ASN
Hydrophobicities = 0.87591947 and 0.67819213
Contact between ASN and ASN
Hydrophobicities = 0.67819213 and 0.67819213
Contact between GLU and PHE
Hydrophobicities = 0.87591947 and 0.0814021
Contact between GLU and TYR
Hydrophobicities = 0.87591947 and 0.21646225
Contact between ASP and HIS
Hydrophobicities = 0.75367063 and 0.48907553
Contact between ASP and THR
Hydrophobicities = 0.75367063 and 0.47798833
Contact between ASP and GLU
Hydrophobicities = 0.75367063 and 0.87591947
Contact between LEU and GLU
Hydrophobicities = 0.10211201 and 0.87591947
Contact between VAL and GLU
Hydrophobicities = 0.10992156 and 0.87591947
Contact between VAL and TYR
Hydrophobicities = 0.10992156 and 0.21646225
Contact between GLN and GLU
Hydrophobicities = 0.72278272 and 0.87591947
Contact between SER and GLU
Hydrophobicities = 0.52365422 and 0.87591947
Contact between SER and ASP
Hydrophobicities = 0.52365422 and 0.75367063
Contact between SER and TYR
Hydrophobicities = 0.52365422 and 0.21646225
Contact between SER and ALA
Hydrophobicities = 0.52365422 and 0.30953653
Contact between GLY and ASP
Hydrophobicities = 0.46477639 and 0.75367063
Contact between ARG and TYR
Hydrophobicities = 0.72002943 and 0.21646225
Contact between ARG and ASP
Hydrophobicities = 0.72002943 and 0.75367063
Contact between SER and GLU
Hydrophobicities = 0.52365422 and 0.87591947
Contact between SER and VAL
Hydrophobicities = 0.52365422 and 0.10992156
Contact between ASN and PHE
Hydrophobicities = 0.67819213 and 0.0814021
Contact between ASN and TYR
Hydrophobicities = 0.67819213 and 0.21646225
Contact between ASN and VAL
Hydrophobicities = 0.67819213 and 0.10992156
Contact between ASN and ARG
Hydrophobicities = 0.67819213 and 0.72002943
Contact between ARG and VAL
Hydrophobicities = 0.72002943 and 0.10992156
Contact between ARG and TYR
Hydrophobicities = 0.72002943 and 0.21646225
Contact between ARG and PHE
Hydrophobicities = 0.72002943 and 0.0814021
Contact between ARG and HIS
Hydrophobicities = 0.72002943 and 0.48907553
Contact between ARG and ASP
Hydrophobicities = 0.72002943 and 0.75367063
Contact between ARG and VAL
Hydrophobicities = 0.72002943 and 0.10992156
Contact between ARG and ASP
Hydrophobicities = 0.72002943 and 0.75367063
Contact between ALA and PHE
Hydrophobicities = 0.30953653 and 0.0814021
Contact between ALA and PHE
Hydrophobicities = 0.30953653 and 0.0814021
Contact between SER and PHE
Hydrophobicities = 0.52365422 and 0.0814021
Contact between SER and GLY
Hydrophobicities = 0.52365422 and 0.46477639
Contact between ILE and PHE
Hydrophobicities = 0.06280283 and 0.0814021
Contact between SER and GLU
Hydrophobicities = 0.52365422 and 0.87591947
Contact between GLN and GLU
Hydrophobicities = 0.72278272 and 0.87591947
Contact between GLN and VAL
Hydrophobicities = 0.72278272 and 0.10992156
Contact between THR and GLU
Hydrophobicities = 0.47798833 and 0.87591947
Contact between TYR and GLU
Hydrophobicities = 0.21646225 and 0.87591947
Filename is complex.0_0_49_corrected_H_0001.pdb
Processing complex.0_0_49_corrected_H_0001.pdb
41
Contacts in Chain A: 41 + Contacts in Chain B: 41
Lengths are equal. Proceeding to compare hydrophobicities.
-----------------------------------------------------
Contact between ARG and VAL
Hydrophobicities = 0.72002943 and 0.10992156
Contact between ASN and ASP
Hydrophobicities = 0.67819213 and 0.75367063
Contact between ASN and VAL
Hydrophobicities = 0.67819213 and 0.10992156
Contact between ARG and TYR
Hydrophobicities = 0.72002943 and 0.21646225
Contact between ARG and THR
Hydrophobicities = 0.72002943 and 0.47798833
Contact between ALA and TYR
Hydrophobicities = 0.30953653 and 0.21646225
Contact between ALA and ILE
Hydrophobicities = 0.30953653 and 0.06280283
Contact between ALA and ASN
Hydrophobicities = 0.30953653 and 0.67819213
Contact between ASN and TYR
Hydrophobicities = 0.67819213 and 0.21646225
Contact between ASN and ASN
Hydrophobicities = 0.67819213 and 0.67819213
Contact between ASN and ASP
Hydrophobicities = 0.67819213 and 0.75367063
Contact between CYS and TYR
Hydrophobicities = 0 and 0.21646225
Contact between LYS and TYR
Hydrophobicities = 1 and 0.21646225
Contact between LYS and ASN
Hydrophobicities = 1 and 0.67819213
Contact between TYR and ARG
Hydrophobicities = 0.21646225 and 0.72002943
Contact between TYR and VAL
Hydrophobicities = 0.21646225 and 0.10992156
Contact between TYR and ASN
Hydrophobicities = 0.21646225 and 0.67819213
Contact between TYR and PHE
Hydrophobicities = 0.21646225 and 0.0814021
Contact between ASN and VAL
Hydrophobicities = 0.67819213 and 0.10992156
Contact between ASN and ARG
Hydrophobicities = 0.67819213 and 0.72002943
Contact between GLY and ARG
Hydrophobicities = 0.46477639 and 0.72002943
Contact between ASP and TYR
Hydrophobicities = 0.75367063 and 0.21646225
Contact between ILE and ASN
Hydrophobicities = 0.06280283 and 0.67819213
Contact between ILE and VAL
Hydrophobicities = 0.06280283 and 0.10992156
Contact between GLY and ASN
Hydrophobicities = 0.46477639 and 0.67819213
Contact between GLY and PHE
Hydrophobicities = 0.46477639 and 0.0814021
Contact between ARG and PHE
Hydrophobicities = 0.72002943 and 0.0814021
Contact between THR and PHE
Hydrophobicities = 0.47798833 and 0.0814021
Contact between SER and GLY
Hydrophobicities = 0.52365422 and 0.46477639
Contact between SER and GLU
Hydrophobicities = 0.52365422 and 0.87591947
Contact between LYS and GLY
Hydrophobicities = 1 and 0.46477639
Contact between LYS and ASP
Hydrophobicities = 1 and 0.75367063
Contact between LYS and PHE
Hydrophobicities = 1 and 0.0814021
Contact between LYS and TRP
Hydrophobicities = 1 and 0.14290738
Contact between LYS and ASN
Hydrophobicities = 1 and 0.67819213
Contact between LYS and CYS
Hydrophobicities = 1 and 0
Contact between LYS and TYR
Hydrophobicities = 1 and 0.21646225
Contact between ASN and VAL
Hydrophobicities = 0.67819213 and 0.10992156
Contact between PRO and VAL
Hydrophobicities = 0.65123555 and 0.10992156
Contact between ALA and TYR
Hydrophobicities = 0.30953653 and 0.21646225
Contact between ALA and ASN
Hydrophobicities = 0.30953653 and 0.67819213
Filename is complex.0_0_8_corrected_H_0001.pdb
Processing complex.0_0_8_corrected_H_0001.pdb
45
Contacts in Chain A: 45 + Contacts in Chain B: 45
Lengths are equal. Proceeding to compare hydrophobicities.
-----------------------------------------------------
Contact between GLN and TYR
Hydrophobicities = 0.72278272 and 0.21646225
Contact between LYS and TYR
Hydrophobicities = 1 and 0.21646225
Contact between GLY and ASN
Hydrophobicities = 0.46477639 and 0.67819213
Contact between ASN and ASP
Hydrophobicities = 0.67819213 and 0.75367063
Contact between TRP and ASP
Hydrophobicities = 0.14290738 and 0.75367063
Contact between TRP and VAL
Hydrophobicities = 0.14290738 and 0.10992156
Contact between TRP and THR
Hydrophobicities = 0.14290738 and 0.47798833
Contact between TRP and TYR
Hydrophobicities = 0.14290738 and 0.21646225
Contact between TRP and ASN
Hydrophobicities = 0.14290738 and 0.67819213
Contact between VAL and VAL
Hydrophobicities = 0.10992156 and 0.10992156
Contact between ASP and PHE
Hydrophobicities = 0.75367063 and 0.0814021
Contact between ALA and PHE
Hydrophobicities = 0.30953653 and 0.0814021
Contact between ASN and PHE
Hydrophobicities = 0.67819213 and 0.0814021
Contact between ASN and GLU
Hydrophobicities = 0.67819213 and 0.87591947
Contact between ASN and ASN
Hydrophobicities = 0.67819213 and 0.67819213
Contact between ASN and GLY
Hydrophobicities = 0.67819213 and 0.46477639
Contact between ARG and TYR
Hydrophobicities = 0.72002943 and 0.21646225
Contact between TYR and ASN
Hydrophobicities = 0.21646225 and 0.67819213
Contact between TYR and LEU
Hydrophobicities = 0.21646225 and 0.10211201
Contact between TYR and VAL
Hydrophobicities = 0.21646225 and 0.10992156
Contact between TYR and GLU
Hydrophobicities = 0.21646225 and 0.87591947
Contact between TYR and ASN
Hydrophobicities = 0.21646225 and 0.67819213
Contact between GLU and CYS
Hydrophobicities = 0.87591947 and 0
Contact between PRO and CYS
Hydrophobicities = 0.65123555 and 0
Contact between PRO and ASN
Hydrophobicities = 0.65123555 and 0.67819213
Contact between PRO and TYR
Hydrophobicities = 0.65123555 and 0.21646225
Contact between GLY and ASN
Hydrophobicities = 0.46477639 and 0.67819213
Contact between GLY and TYR
Hydrophobicities = 0.46477639 and 0.21646225
Contact between TYR and TYR
Hydrophobicities = 0.21646225 and 0.21646225
Contact between TYR and PHE
Hydrophobicities = 0.21646225 and 0.0814021
Contact between GLY and PHE
Hydrophobicities = 0.46477639 and 0.0814021
Contact between ASN and PHE
Hydrophobicities = 0.67819213 and 0.0814021
Contact between ASN and ASN
Hydrophobicities = 0.67819213 and 0.67819213
Contact between ASN and VAL
Hydrophobicities = 0.67819213 and 0.10992156
Contact between ARG and PHE
Hydrophobicities = 0.72002943 and 0.0814021
Contact between ARG and TRP
Hydrophobicities = 0.72002943 and 0.14290738
Contact between ARG and ASN
Hydrophobicities = 0.72002943 and 0.67819213
Contact between ARG and LEU
Hydrophobicities = 0.72002943 and 0.10211201
Contact between ARG and MET
Hydrophobicities = 0.72002943 and 0.18184843
Contact between ARG and TYR
Hydrophobicities = 0.72002943 and 0.21646225
Contact between GLN and VAL
Hydrophobicities = 0.72278272 and 0.10992156
Contact between GLN and ASN
Hydrophobicities = 0.72278272 and 0.67819213
Contact between GLN and GLY
Hydrophobicities = 0.72278272 and 0.46477639
Contact between GLN and THR
Hydrophobicities = 0.72278272 and 0.47798833
Contact between GLN and ASP
Hydrophobicities = 0.72278272 and 0.75367063
Filename is complex.0_10_12_corrected_H_0001.pdb
Processing complex.0_10_12_corrected_H_0001.pdb
42
Contacts in Chain A: 42 + Contacts in Chain B: 42
Lengths are equal. Proceeding to compare hydrophobicities.
-----------------------------------------------------
Contact between LEU and PHE
Hydrophobicities = 0.10211201 and 0.0814021
Contact between SER and VAL
Hydrophobicities = 0.52365422 and 0.10992156
Contact between SER and ASN
Hydrophobicities = 0.52365422 and 0.67819213
Contact between GLY and VAL
Hydrophobicities = 0.46477639 and 0.10992156
Contact between VAL and PHE
Hydrophobicities = 0.10992156 and 0.0814021
Contact between VAL and GLY
Hydrophobicities = 0.10992156 and 0.46477639
Contact between ASN and GLY
Hydrophobicities = 0.67819213 and 0.46477639
Contact between ASN and PHE
Hydrophobicities = 0.67819213 and 0.0814021
Contact between ASN and LEU
Hydrophobicities = 0.67819213 and 0.10211201
Contact between ASN and ASP
Hydrophobicities = 0.67819213 and 0.75367063
Contact between ASN and GLY
Hydrophobicities = 0.67819213 and 0.46477639
Contact between ASN and ALA
Hydrophobicities = 0.67819213 and 0.30953653
Contact between ASN and VAL
Hydrophobicities = 0.67819213 and 0.10992156
Contact between ASN and ASN
Hydrophobicities = 0.67819213 and 0.67819213
Contact between ASN and ILE
Hydrophobicities = 0.67819213 and 0.06280283
Contact between ASN and GLY
Hydrophobicities = 0.67819213 and 0.46477639
Contact between ASN and ASP
Hydrophobicities = 0.67819213 and 0.75367063
Contact between SER and ASP
Hydrophobicities = 0.52365422 and 0.75367063
Contact between SER and PHE
Hydrophobicities = 0.52365422 and 0.0814021
Contact between LYS and PHE
Hydrophobicities = 1 and 0.0814021
Contact between LYS and TYR
Hydrophobicities = 1 and 0.21646225
Contact between ARG and VAL
Hydrophobicities = 0.72002943 and 0.10992156
Contact between ASN and CYS
Hydrophobicities = 0.67819213 and 0
Contact between ASN and TYR
Hydrophobicities = 0.67819213 and 0.21646225
Contact between ASN and GLU
Hydrophobicities = 0.67819213 and 0.87591947
Contact between ASN and ASN
Hydrophobicities = 0.67819213 and 0.67819213
Contact between ARG and GLU
Hydrophobicities = 0.72002943 and 0.87591947
Contact between ARG and ASN
Hydrophobicities = 0.72002943 and 0.67819213
Contact between ALA and GLU
Hydrophobicities = 0.30953653 and 0.87591947
Contact between ALA and CYS
Hydrophobicities = 0.30953653 and 0
Contact between SER and GLU
Hydrophobicities = 0.52365422 and 0.87591947
Contact between SER and PHE
Hydrophobicities = 0.52365422 and 0.0814021
Contact between ILE and PHE
Hydrophobicities = 0.06280283 and 0.0814021
Contact between ASN and ASP
Hydrophobicities = 0.67819213 and 0.75367063
Contact between ASN and GLY
Hydrophobicities = 0.67819213 and 0.46477639
Contact between PHE and PHE
Hydrophobicities = 0.0814021 and 0.0814021
Contact between GLN and ASP
Hydrophobicities = 0.72278272 and 0.75367063
Contact between GLN and TYR
Hydrophobicities = 0.72278272 and 0.21646225
Contact between GLN and ASN
Hydrophobicities = 0.72278272 and 0.67819213
Contact between TYR and ASN
Hydrophobicities = 0.21646225 and 0.67819213
Contact between TYR and GLY
Hydrophobicities = 0.21646225 and 0.46477639
Contact between PRO and ASN
Hydrophobicities = 0.65123555 and 0.67819213
Filename is complex.0_10_33_corrected_H_0001.pdb
Processing complex.0_10_33_corrected_H_0001.pdb
59
Contacts in Chain A: 59 + Contacts in Chain B: 59
Lengths are equal. Proceeding to compare hydrophobicities.
-----------------------------------------------------
Contact between LEU and PHE
Hydrophobicities = 0.10211201 and 0.0814021
Contact between SER and GLU
Hydrophobicities = 0.52365422 and 0.87591947
Contact between GLY and ASN
Hydrophobicities = 0.46477639 and 0.67819213
Contact between THR and PHE
Hydrophobicities = 0.47798833 and 0.0814021
Contact between VAL and PHE
Hydrophobicities = 0.10992156 and 0.0814021
Contact between VAL and GLU
Hydrophobicities = 0.10992156 and 0.87591947
Contact between VAL and GLY
Hydrophobicities = 0.10992156 and 0.46477639
Contact between ASN and GLY
Hydrophobicities = 0.67819213 and 0.46477639
Contact between ASN and PHE
Hydrophobicities = 0.67819213 and 0.0814021
Contact between ASN and ASN
Hydrophobicities = 0.67819213 and 0.67819213
Contact between ASN and GLU
Hydrophobicities = 0.67819213 and 0.87591947
Contact between ASN and LYS
Hydrophobicities = 0.67819213 and 1
Contact between ASN and ILE
Hydrophobicities = 0.67819213 and 0.06280283
Contact between ASN and GLY
Hydrophobicities = 0.67819213 and 0.46477639
Contact between ASN and PHE
Hydrophobicities = 0.67819213 and 0.0814021
Contact between SER and GLY
Hydrophobicities = 0.52365422 and 0.46477639
Contact between SER and PHE
Hydrophobicities = 0.52365422 and 0.0814021
Contact between LYS and PHE
Hydrophobicities = 1 and 0.0814021
Contact between LYS and TYR
Hydrophobicities = 1 and 0.21646225
Contact between VAL and TYR
Hydrophobicities = 0.10992156 and 0.21646225
Contact between SER and ASP
Hydrophobicities = 0.52365422 and 0.75367063
Contact between VAL and TYR
Hydrophobicities = 0.10992156 and 0.21646225
Contact between SER and TYR
Hydrophobicities = 0.52365422 and 0.21646225
Contact between SER and ASN
Hydrophobicities = 0.52365422 and 0.67819213
Contact between LEU and PHE
Hydrophobicities = 0.10211201 and 0.0814021
Contact between ASN and PHE
Hydrophobicities = 0.67819213 and 0.0814021
Contact between ASN and TRP
Hydrophobicities = 0.67819213 and 0.14290738
Contact between ASN and CYS
Hydrophobicities = 0.67819213 and 0
Contact between ASN and ASN
Hydrophobicities = 0.67819213 and 0.67819213
Contact between ASN and LEU
Hydrophobicities = 0.67819213 and 0.10211201
Contact between ASN and TYR
Hydrophobicities = 0.67819213 and 0.21646225
Contact between ARG and CYS
Hydrophobicities = 0.72002943 and 0
Contact between ARG and ASN
Hydrophobicities = 0.72002943 and 0.67819213
Contact between ARG and VAL
Hydrophobicities = 0.72002943 and 0.10992156
Contact between ALA and CYS
Hydrophobicities = 0.30953653 and 0
Contact between ALA and GLY
Hydrophobicities = 0.30953653 and 0.46477639
Contact between ALA and ASP
Hydrophobicities = 0.30953653 and 0.75367063
Contact between ALA and PHE
Hydrophobicities = 0.30953653 and 0.0814021
Contact between ALA and TRP
Hydrophobicities = 0.30953653 and 0.14290738
Contact between SER and GLY
Hydrophobicities = 0.52365422 and 0.46477639
Contact between SER and CYS
Hydrophobicities = 0.52365422 and 0
Contact between SER and GLU
Hydrophobicities = 0.52365422 and 0.87591947
Contact between ASN and ASN
Hydrophobicities = 0.67819213 and 0.67819213
Contact between ASN and ASP
Hydrophobicities = 0.67819213 and 0.75367063
Contact between ASN and GLY
Hydrophobicities = 0.67819213 and 0.46477639
Contact between ASN and TYR
Hydrophobicities = 0.67819213 and 0.21646225
Contact between PHE and PHE
Hydrophobicities = 0.0814021 and 0.0814021
Contact between ALA and ASN
Hydrophobicities = 0.30953653 and 0.67819213
Contact between GLN and TYR
Hydrophobicities = 0.72278272 and 0.21646225
Contact between GLN and ASP
Hydrophobicities = 0.72278272 and 0.75367063
Contact between GLU and TYR
Hydrophobicities = 0.87591947 and 0.21646225
Contact between ARG and VAL
Hydrophobicities = 0.72002943 and 0.10992156
Contact between GLN and VAL
Hydrophobicities = 0.72278272 and 0.10992156
Contact between GLN and ASN
Hydrophobicities = 0.72278272 and 0.67819213
Contact between GLN and PHE
Hydrophobicities = 0.72278272 and 0.0814021
Contact between GLN and ALA
Hydrophobicities = 0.72278272 and 0.30953653
Contact between TYR and ASN
Hydrophobicities = 0.21646225 and 0.67819213
Contact between TYR and PHE
Hydrophobicities = 0.21646225 and 0.0814021
Contact between PRO and VAL
Hydrophobicities = 0.65123555 and 0.10992156
Filename is complex.0_10_46_corrected_H_0001.pdb
Processing complex.0_10_46_corrected_H_0001.pdb
24
Contacts in Chain A: 24 + Contacts in Chain B: 24
Lengths are equal. Proceeding to compare hydrophobicities.
-----------------------------------------------------
Contact between LEU and PHE
Hydrophobicities = 0.10211201 and 0.0814021
Contact between THR and PHE
Hydrophobicities = 0.47798833 and 0.0814021
Contact between VAL and PHE
Hydrophobicities = 0.10992156 and 0.0814021
Contact between VAL and GLU
Hydrophobicities = 0.10992156 and 0.87591947
Contact between VAL and GLY
Hydrophobicities = 0.10992156 and 0.46477639
Contact between ASN and GLU
Hydrophobicities = 0.67819213 and 0.87591947
Contact between ASN and GLY
Hydrophobicities = 0.67819213 and 0.46477639
Contact between ASN and ASN
Hydrophobicities = 0.67819213 and 0.67819213
Contact between ASN and VAL
Hydrophobicities = 0.67819213 and 0.10992156
Contact between SER and ASP
Hydrophobicities = 0.52365422 and 0.75367063
Contact between LYS and PHE
Hydrophobicities = 1 and 0.0814021
Contact between LYS and ASP
Hydrophobicities = 1 and 0.75367063
Contact between SER and PHE
Hydrophobicities = 0.52365422 and 0.0814021
Contact between ILE and PHE
Hydrophobicities = 0.06280283 and 0.0814021
Contact between ASN and TYR
Hydrophobicities = 0.67819213 and 0.21646225
Contact between PHE and TYR
Hydrophobicities = 0.0814021 and 0.21646225
Contact between PHE and PHE
Hydrophobicities = 0.0814021 and 0.0814021
Contact between GLN and TYR
Hydrophobicities = 0.72278272 and 0.21646225
Contact between ARG and VAL
Hydrophobicities = 0.72002943 and 0.10992156
Contact between GLN and VAL
Hydrophobicities = 0.72278272 and 0.10992156
Contact between GLN and ASN
Hydrophobicities = 0.72278272 and 0.67819213
Contact between TYR and VAL
Hydrophobicities = 0.21646225 and 0.10992156
Contact between TYR and ASN
Hydrophobicities = 0.21646225 and 0.67819213
Contact between PRO and VAL
Hydrophobicities = 0.65123555 and 0.10992156
Filename is complex.0_11_13_corrected_H_0001.pdb
Processing complex.0_11_13_corrected_H_0001.pdb
32
Contacts in Chain A: 32 + Contacts in Chain B: 32
Lengths are equal. Proceeding to compare hydrophobicities.
-----------------------------------------------------
Contact between LEU and PHE
Hydrophobicities = 0.10211201 and 0.0814021
Contact between THR and PHE
Hydrophobicities = 0.47798833 and 0.0814021
Contact between VAL and PHE
Hydrophobicities = 0.10992156 and 0.0814021
Contact between VAL and GLY
Hydrophobicities = 0.10992156 and 0.46477639
Contact between VAL and GLU
Hydrophobicities = 0.10992156 and 0.87591947
Contact between ASN and GLY
Hydrophobicities = 0.67819213 and 0.46477639
Contact between ASN and ASN
Hydrophobicities = 0.67819213 and 0.67819213
Contact between ASN and VAL
Hydrophobicities = 0.67819213 and 0.10992156
Contact between SER and ASP
Hydrophobicities = 0.52365422 and 0.75367063
Contact between LYS and PHE
Hydrophobicities = 1 and 0.0814021
Contact between LYS and GLY
Hydrophobicities = 1 and 0.46477639
Contact between LYS and ASP
Hydrophobicities = 1 and 0.75367063
Contact between LYS and TYR
Hydrophobicities = 1 and 0.21646225
Contact between ARG and TYR
Hydrophobicities = 0.72002943 and 0.21646225
Contact between ASN and CYS
Hydrophobicities = 0.67819213 and 0
Contact between ALA and GLY
Hydrophobicities = 0.30953653 and 0.46477639
Contact between SER and PHE
Hydrophobicities = 0.52365422 and 0.0814021
Contact between SER and GLU
Hydrophobicities = 0.52365422 and 0.87591947
Contact between ILE and PHE
Hydrophobicities = 0.06280283 and 0.0814021
Contact between ASN and TYR
Hydrophobicities = 0.67819213 and 0.21646225
Contact between ASN and ASN
Hydrophobicities = 0.67819213 and 0.67819213
Contact between ASN and ASP
Hydrophobicities = 0.67819213 and 0.75367063
Contact between PHE and PHE
Hydrophobicities = 0.0814021 and 0.0814021
Contact between PHE and TYR
Hydrophobicities = 0.0814021 and 0.21646225
Contact between GLN and TYR
Hydrophobicities = 0.72278272 and 0.21646225
Contact between ARG and VAL
Hydrophobicities = 0.72002943 and 0.10992156
Contact between ARG and ASN
Hydrophobicities = 0.72002943 and 0.67819213
Contact between GLN and VAL
Hydrophobicities = 0.72278272 and 0.10992156
Contact between GLN and ASN
Hydrophobicities = 0.72278272 and 0.67819213
Contact between TYR and VAL
Hydrophobicities = 0.21646225 and 0.10992156
Contact between TYR and ASN
Hydrophobicities = 0.21646225 and 0.67819213
Contact between PRO and VAL
Hydrophobicities = 0.65123555 and 0.10992156
Filename is complex.0_11_18_corrected_H_0001.pdb
Processing complex.0_11_18_corrected_H_0001.pdb
49
Contacts in Chain A: 49 + Contacts in Chain B: 49
Lengths are equal. Proceeding to compare hydrophobicities.
-----------------------------------------------------
Contact between LEU and PHE
Hydrophobicities = 0.10211201 and 0.0814021
Contact between SER and GLU
Hydrophobicities = 0.52365422 and 0.87591947
Contact between SER and ASN
Hydrophobicities = 0.52365422 and 0.67819213
Contact between SER and VAL
Hydrophobicities = 0.52365422 and 0.10992156
Contact between GLY and VAL
Hydrophobicities = 0.46477639 and 0.10992156
Contact between GLY and ASN
Hydrophobicities = 0.46477639 and 0.67819213
Contact between VAL and PHE
Hydrophobicities = 0.10992156 and 0.0814021
Contact between VAL and GLY
Hydrophobicities = 0.10992156 and 0.46477639
Contact between VAL and GLU
Hydrophobicities = 0.10992156 and 0.87591947
Contact between VAL and ASN
Hydrophobicities = 0.10992156 and 0.67819213
Contact between ASN and GLY
Hydrophobicities = 0.67819213 and 0.46477639
Contact between ASN and PHE
Hydrophobicities = 0.67819213 and 0.0814021
Contact between ASN and ASN
Hydrophobicities = 0.67819213 and 0.67819213
Contact between ASN and LEU
Hydrophobicities = 0.67819213 and 0.10211201
Contact between ASN and ASP
Hydrophobicities = 0.67819213 and 0.75367063
Contact between ASN and ALA
Hydrophobicities = 0.67819213 and 0.30953653
Contact between ASN and VAL
Hydrophobicities = 0.67819213 and 0.10992156
Contact between ASN and ILE
Hydrophobicities = 0.67819213 and 0.06280283
Contact between ASN and GLY
Hydrophobicities = 0.67819213 and 0.46477639
Contact between SER and ASP
Hydrophobicities = 0.52365422 and 0.75367063
Contact between LYS and PHE
Hydrophobicities = 1 and 0.0814021
Contact between LYS and TYR
Hydrophobicities = 1 and 0.21646225
Contact between VAL and VAL
Hydrophobicities = 0.10992156 and 0.10992156
Contact between SER and VAL
Hydrophobicities = 0.52365422 and 0.10992156
Contact between SER and ASP
Hydrophobicities = 0.52365422 and 0.75367063
Contact between ARG and TYR
Hydrophobicities = 0.72002943 and 0.21646225
Contact between ARG and VAL
Hydrophobicities = 0.72002943 and 0.10992156
Contact between ARG and THR
Hydrophobicities = 0.72002943 and 0.47798833
Contact between ARG and ASP
Hydrophobicities = 0.72002943 and 0.75367063
Contact between ARG and ASN
Hydrophobicities = 0.72002943 and 0.67819213
Contact between SER and ASN
Hydrophobicities = 0.52365422 and 0.67819213
Contact between ASN and CYS
Hydrophobicities = 0.67819213 and 0
Contact between ASN and TYR
Hydrophobicities = 0.67819213 and 0.21646225
Contact between ASN and GLU
Hydrophobicities = 0.67819213 and 0.87591947
Contact between ASN and ASN
Hydrophobicities = 0.67819213 and 0.67819213
Contact between ARG and GLU
Hydrophobicities = 0.72002943 and 0.87591947
Contact between ARG and TYR
Hydrophobicities = 0.72002943 and 0.21646225
Contact between ALA and GLY
Hydrophobicities = 0.30953653 and 0.46477639
Contact between ALA and CYS
Hydrophobicities = 0.30953653 and 0
Contact between SER and GLU
Hydrophobicities = 0.52365422 and 0.87591947
Contact between SER and PHE
Hydrophobicities = 0.52365422 and 0.0814021
Contact between ILE and PHE
Hydrophobicities = 0.06280283 and 0.0814021
Contact between ASN and GLY
Hydrophobicities = 0.67819213 and 0.46477639
Contact between ASN and ASP
Hydrophobicities = 0.67819213 and 0.75367063
Contact between ASN and TYR
Hydrophobicities = 0.67819213 and 0.21646225
Contact between PHE and PHE
Hydrophobicities = 0.0814021 and 0.0814021
Contact between GLN and TYR
Hydrophobicities = 0.72278272 and 0.21646225
Contact between GLN and ASN
Hydrophobicities = 0.72278272 and 0.67819213
Contact between TYR and ASN
Hydrophobicities = 0.21646225 and 0.67819213
Filename is complex.0_11_25_corrected_H_0001.pdb
Processing complex.0_11_25_corrected_H_0001.pdb
48
Contacts in Chain A: 48 + Contacts in Chain B: 48
Lengths are equal. Proceeding to compare hydrophobicities.
-----------------------------------------------------
Contact between LEU and PHE
Hydrophobicities = 0.10211201 and 0.0814021
Contact between SER and ASN
Hydrophobicities = 0.52365422 and 0.67819213
Contact between THR and PHE
Hydrophobicities = 0.47798833 and 0.0814021
Contact between VAL and PHE
Hydrophobicities = 0.10992156 and 0.0814021
Contact between VAL and GLY
Hydrophobicities = 0.10992156 and 0.46477639
Contact between VAL and GLU
Hydrophobicities = 0.10992156 and 0.87591947
Contact between VAL and ASN
Hydrophobicities = 0.10992156 and 0.67819213
Contact between ASN and GLY
Hydrophobicities = 0.67819213 and 0.46477639
Contact between ASN and ASP
Hydrophobicities = 0.67819213 and 0.75367063
Contact between ASN and VAL
Hydrophobicities = 0.67819213 and 0.10992156
Contact between ASN and ASN
Hydrophobicities = 0.67819213 and 0.67819213
Contact between ASN and ILE
Hydrophobicities = 0.67819213 and 0.06280283
Contact between SER and ASP
Hydrophobicities = 0.52365422 and 0.75367063
Contact between LYS and PHE
Hydrophobicities = 1 and 0.0814021
Contact between LYS and TYR
Hydrophobicities = 1 and 0.21646225
Contact between LYS and ASP
Hydrophobicities = 1 and 0.75367063
Contact between ASN and CYS
Hydrophobicities = 0.67819213 and 0
Contact between ASN and TYR
Hydrophobicities = 0.67819213 and 0.21646225
Contact between ALA and GLY
Hydrophobicities = 0.30953653 and 0.46477639
Contact between ALA and CYS
Hydrophobicities = 0.30953653 and 0
Contact between SER and GLU
Hydrophobicities = 0.52365422 and 0.87591947
Contact between SER and PHE
Hydrophobicities = 0.52365422 and 0.0814021
Contact between ILE and PHE
Hydrophobicities = 0.06280283 and 0.0814021
Contact between ASN and GLY
Hydrophobicities = 0.67819213 and 0.46477639
Contact between ASN and ASP
Hydrophobicities = 0.67819213 and 0.75367063
Contact between ASN and ASN
Hydrophobicities = 0.67819213 and 0.67819213
Contact between ASN and SER
Hydrophobicities = 0.67819213 and 0.52365422
Contact between ASN and LYS
Hydrophobicities = 0.67819213 and 1
Contact between ASN and TYR
Hydrophobicities = 0.67819213 and 0.21646225
Contact between PHE and PHE
Hydrophobicities = 0.0814021 and 0.0814021
Contact between PHE and TYR
Hydrophobicities = 0.0814021 and 0.21646225
Contact between ALA and ASN
Hydrophobicities = 0.30953653 and 0.67819213
Contact between GLN and TYR
Hydrophobicities = 0.72278272 and 0.21646225
Contact between GLN and ASP
Hydrophobicities = 0.72278272 and 0.75367063
Contact between GLN and ASP
Hydrophobicities = 0.72278272 and 0.75367063
Contact between ASN and TYR
Hydrophobicities = 0.67819213 and 0.21646225
Contact between ARG and PHE
Hydrophobicities = 0.72002943 and 0.0814021
Contact between GLN and PHE
Hydrophobicities = 0.72278272 and 0.0814021
Contact between GLN and ASN
Hydrophobicities = 0.72278272 and 0.67819213
Contact between GLN and ASP
Hydrophobicities = 0.72278272 and 0.75367063
Contact between TYR and ASN
Hydrophobicities = 0.21646225 and 0.67819213
Contact between TYR and GLY
Hydrophobicities = 0.21646225 and 0.46477639
Contact between TYR and ASP
Hydrophobicities = 0.21646225 and 0.75367063
Contact between PRO and ASN
Hydrophobicities = 0.65123555 and 0.67819213
Contact between PRO and VAL
Hydrophobicities = 0.65123555 and 0.10992156
Contact between PRO and PHE
Hydrophobicities = 0.65123555 and 0.0814021
Contact between SER and VAL
Hydrophobicities = 0.52365422 and 0.10992156
Contact between SER and ASN
Hydrophobicities = 0.52365422 and 0.67819213
Filename is complex.0_11_26_corrected_H_0001.pdb
Processing complex.0_11_26_corrected_H_0001.pdb
55
Contacts in Chain A: 55 + Contacts in Chain B: 55
Lengths are equal. Proceeding to compare hydrophobicities.
-----------------------------------------------------
Contact between LEU and PHE
Hydrophobicities = 0.10211201 and 0.0814021
Contact between SER and ASN
Hydrophobicities = 0.52365422 and 0.67819213
Contact between SER and VAL
Hydrophobicities = 0.52365422 and 0.10992156
Contact between VAL and PHE
Hydrophobicities = 0.10992156 and 0.0814021
Contact between VAL and GLY
Hydrophobicities = 0.10992156 and 0.46477639
Contact between ASN and GLY
Hydrophobicities = 0.67819213 and 0.46477639
Contact between ASN and PHE
Hydrophobicities = 0.67819213 and 0.0814021
Contact between ASN and ASP
Hydrophobicities = 0.67819213 and 0.75367063
Contact between ASN and VAL
Hydrophobicities = 0.67819213 and 0.10992156
Contact between LYS and PHE
Hydrophobicities = 1 and 0.0814021
Contact between LYS and TYR
Hydrophobicities = 1 and 0.21646225
Contact between ARG and VAL
Hydrophobicities = 0.72002943 and 0.10992156
Contact between SER and TYR
Hydrophobicities = 0.52365422 and 0.21646225
Contact between LEU and TYR
Hydrophobicities = 0.10211201 and 0.21646225
Contact between ASN and TYR
Hydrophobicities = 0.67819213 and 0.21646225
Contact between ASN and GLU
Hydrophobicities = 0.67819213 and 0.87591947
Contact between ASN and THR
Hydrophobicities = 0.67819213 and 0.47798833
Contact between ARG and GLU
Hydrophobicities = 0.72002943 and 0.87591947
Contact between ARG and ASN
Hydrophobicities = 0.72002943 and 0.67819213
Contact between ARG and GLU
Hydrophobicities = 0.72002943 and 0.87591947
Contact between ALA and GLU
Hydrophobicities = 0.30953653 and 0.87591947
Contact between ALA and CYS
Hydrophobicities = 0.30953653 and 0
Contact between ALA and GLY
Hydrophobicities = 0.30953653 and 0.46477639
Contact between ALA and TYR
Hydrophobicities = 0.30953653 and 0.21646225
Contact between SER and GLU
Hydrophobicities = 0.52365422 and 0.87591947
Contact between SER and PHE
Hydrophobicities = 0.52365422 and 0.0814021
Contact between SER and LYS
Hydrophobicities = 0.52365422 and 1
Contact between SER and GLY
Hydrophobicities = 0.52365422 and 0.46477639
Contact between ILE and PHE
Hydrophobicities = 0.06280283 and 0.0814021
Contact between ASN and GLY
Hydrophobicities = 0.67819213 and 0.46477639
Contact between ASN and ASP
Hydrophobicities = 0.67819213 and 0.75367063
Contact between ASN and SER
Hydrophobicities = 0.67819213 and 0.52365422
Contact between ASN and GLU
Hydrophobicities = 0.67819213 and 0.87591947
Contact between ASN and LYS
Hydrophobicities = 0.67819213 and 1
Contact between ASN and TYR
Hydrophobicities = 0.67819213 and 0.21646225
Contact between PHE and PHE
Hydrophobicities = 0.0814021 and 0.0814021
Contact between ALA and ASN
Hydrophobicities = 0.30953653 and 0.67819213
Contact between GLN and ASN
Hydrophobicities = 0.72278272 and 0.67819213
Contact between GLN and TYR
Hydrophobicities = 0.72278272 and 0.21646225
Contact between GLN and ASP
Hydrophobicities = 0.72278272 and 0.75367063
Contact between GLN and ASP
Hydrophobicities = 0.72278272 and 0.75367063
Contact between ARG and PHE
Hydrophobicities = 0.72002943 and 0.0814021
Contact between ARG and LEU
Hydrophobicities = 0.72002943 and 0.10211201
Contact between ARG and ASN
Hydrophobicities = 0.72002943 and 0.67819213
Contact between ARG and TYR
Hydrophobicities = 0.72002943 and 0.21646225
Contact between GLN and PHE
Hydrophobicities = 0.72278272 and 0.0814021
Contact between GLN and TRP
Hydrophobicities = 0.72278272 and 0.14290738
Contact between GLN and CYS
Hydrophobicities = 0.72278272 and 0
Contact between GLN and ASN
Hydrophobicities = 0.72278272 and 0.67819213
Contact between GLN and TYR
Hydrophobicities = 0.72278272 and 0.21646225
Contact between TYR and PHE
Hydrophobicities = 0.21646225 and 0.0814021
Contact between TYR and GLY
Hydrophobicities = 0.21646225 and 0.46477639
Contact between TYR and CYS
Hydrophobicities = 0.21646225 and 0
Contact between PRO and PHE
Hydrophobicities = 0.65123555 and 0.0814021
Contact between SER and ASN
Hydrophobicities = 0.52365422 and 0.67819213
Filename is complex.0_12_28_corrected_H_0001.pdb
Processing complex.0_12_28_corrected_H_0001.pdb
58
Contacts in Chain A: 58 + Contacts in Chain B: 58
Lengths are equal. Proceeding to compare hydrophobicities.
-----------------------------------------------------
Contact between LEU and PHE
Hydrophobicities = 0.10211201 and 0.0814021
Contact between SER and GLU
Hydrophobicities = 0.52365422 and 0.87591947
Contact between SER and ASN
Hydrophobicities = 0.52365422 and 0.67819213
Contact between GLY and VAL
Hydrophobicities = 0.46477639 and 0.10992156
Contact between VAL and GLY
Hydrophobicities = 0.10992156 and 0.46477639
Contact between VAL and PHE
Hydrophobicities = 0.10992156 and 0.0814021
Contact between VAL and GLU
Hydrophobicities = 0.10992156 and 0.87591947
Contact between VAL and ASN
Hydrophobicities = 0.10992156 and 0.67819213
Contact between VAL and LYS
Hydrophobicities = 0.10992156 and 1
Contact between ASN and GLY
Hydrophobicities = 0.67819213 and 0.46477639
Contact between ASN and ALA
Hydrophobicities = 0.67819213 and 0.30953653
Contact between ASN and VAL
Hydrophobicities = 0.67819213 and 0.10992156
Contact between ASN and ASN
Hydrophobicities = 0.67819213 and 0.67819213
Contact between ASN and LEU
Hydrophobicities = 0.67819213 and 0.10211201
Contact between ASN and ILE
Hydrophobicities = 0.67819213 and 0.06280283
Contact between ASN and ASP
Hydrophobicities = 0.67819213 and 0.75367063
Contact between ASN and GLY
Hydrophobicities = 0.67819213 and 0.46477639
Contact between SER and ASP
Hydrophobicities = 0.52365422 and 0.75367063
Contact between LYS and PHE
Hydrophobicities = 1 and 0.0814021
Contact between LYS and GLY
Hydrophobicities = 1 and 0.46477639
Contact between LYS and ASP
Hydrophobicities = 1 and 0.75367063
Contact between VAL and VAL
Hydrophobicities = 0.10992156 and 0.10992156
Contact between SER and ASP
Hydrophobicities = 0.52365422 and 0.75367063
Contact between SER and VAL
Hydrophobicities = 0.52365422 and 0.10992156
Contact between ARG and TYR
Hydrophobicities = 0.72002943 and 0.21646225
Contact between SER and ASN
Hydrophobicities = 0.52365422 and 0.67819213
Contact between ASN and CYS
Hydrophobicities = 0.67819213 and 0
Contact between ASN and ASN
Hydrophobicities = 0.67819213 and 0.67819213
Contact between ASN and TYR
Hydrophobicities = 0.67819213 and 0.21646225
Contact between ALA and GLY
Hydrophobicities = 0.30953653 and 0.46477639
Contact between ALA and TRP
Hydrophobicities = 0.30953653 and 0.14290738
Contact between ALA and CYS
Hydrophobicities = 0.30953653 and 0
Contact between SER and GLY
Hydrophobicities = 0.52365422 and 0.46477639
Contact between SER and GLU
Hydrophobicities = 0.52365422 and 0.87591947
Contact between SER and PHE
Hydrophobicities = 0.52365422 and 0.0814021
Contact between SER and LYS
Hydrophobicities = 0.52365422 and 1
Contact between ILE and PHE
Hydrophobicities = 0.06280283 and 0.0814021
Contact between ASN and GLY
Hydrophobicities = 0.67819213 and 0.46477639
Contact between ASN and TYR
Hydrophobicities = 0.67819213 and 0.21646225
Contact between ASN and ASP
Hydrophobicities = 0.67819213 and 0.75367063
Contact between ASN and ASN
Hydrophobicities = 0.67819213 and 0.67819213
Contact between ASN and LYS
Hydrophobicities = 0.67819213 and 1
Contact between PHE and TYR
Hydrophobicities = 0.0814021 and 0.21646225
Contact between PHE and PHE
Hydrophobicities = 0.0814021 and 0.0814021
Contact between GLN and TYR
Hydrophobicities = 0.72278272 and 0.21646225
Contact between GLN and ASP
Hydrophobicities = 0.72278272 and 0.75367063
Contact between ARG and VAL
Hydrophobicities = 0.72002943 and 0.10992156
Contact between GLN and PHE
Hydrophobicities = 0.72278272 and 0.0814021
Contact between GLN and ASN
Hydrophobicities = 0.72278272 and 0.67819213
Contact between GLN and VAL
Hydrophobicities = 0.72278272 and 0.10992156
Contact between TYR and ASN
Hydrophobicities = 0.21646225 and 0.67819213
Contact between TYR and PHE
Hydrophobicities = 0.21646225 and 0.0814021
Contact between TYR and ASP
Hydrophobicities = 0.21646225 and 0.75367063
Contact between TYR and GLY
Hydrophobicities = 0.21646225 and 0.46477639
Contact between TYR and TRP
Hydrophobicities = 0.21646225 and 0.14290738
Contact between PRO and VAL
Hydrophobicities = 0.65123555 and 0.10992156
Contact between PRO and ASN
Hydrophobicities = 0.65123555 and 0.67819213
Contact between SER and ASN
Hydrophobicities = 0.52365422 and 0.67819213
Filename is complex.0_12_33_corrected_H_0001.pdb
Processing complex.0_12_33_corrected_H_0001.pdb
52
Contacts in Chain A: 52 + Contacts in Chain B: 52
Lengths are equal. Proceeding to compare hydrophobicities.
-----------------------------------------------------
Contact between LEU and PHE
Hydrophobicities = 0.10211201 and 0.0814021
Contact between SER and ASN
Hydrophobicities = 0.52365422 and 0.67819213
Contact between THR and PHE
Hydrophobicities = 0.47798833 and 0.0814021
Contact between VAL and PHE
Hydrophobicities = 0.10992156 and 0.0814021
Contact between VAL and GLY
Hydrophobicities = 0.10992156 and 0.46477639
Contact between VAL and GLU
Hydrophobicities = 0.10992156 and 0.87591947
Contact between VAL and ASN
Hydrophobicities = 0.10992156 and 0.67819213
Contact between ASN and GLY
Hydrophobicities = 0.67819213 and 0.46477639
Contact between ASN and VAL
Hydrophobicities = 0.67819213 and 0.10992156
Contact between ASN and ASN
Hydrophobicities = 0.67819213 and 0.67819213
Contact between ASN and LEU
Hydrophobicities = 0.67819213 and 0.10211201
Contact between ASN and ILE
Hydrophobicities = 0.67819213 and 0.06280283
Contact between LYS and PHE
Hydrophobicities = 1 and 0.0814021
Contact between LYS and TYR
Hydrophobicities = 1 and 0.21646225
Contact between VAL and VAL
Hydrophobicities = 0.10992156 and 0.10992156
Contact between ARG and VAL
Hydrophobicities = 0.72002943 and 0.10992156
Contact between ARG and ASP
Hydrophobicities = 0.72002943 and 0.75367063
Contact between SER and TYR
Hydrophobicities = 0.52365422 and 0.21646225
Contact between ASN and TYR
Hydrophobicities = 0.67819213 and 0.21646225
Contact between ASN and GLU
Hydrophobicities = 0.67819213 and 0.87591947
Contact between ALA and CYS
Hydrophobicities = 0.30953653 and 0
Contact between ALA and GLY
Hydrophobicities = 0.30953653 and 0.46477639
Contact between SER and GLU
Hydrophobicities = 0.52365422 and 0.87591947
Contact between SER and PHE
Hydrophobicities = 0.52365422 and 0.0814021
Contact between ILE and PHE
Hydrophobicities = 0.06280283 and 0.0814021
Contact between ASN and GLY
Hydrophobicities = 0.67819213 and 0.46477639
Contact between ASN and ASP
Hydrophobicities = 0.67819213 and 0.75367063
Contact between ASN and TYR
Hydrophobicities = 0.67819213 and 0.21646225
Contact between ASN and GLU
Hydrophobicities = 0.67819213 and 0.87591947
Contact between ASN and LYS
Hydrophobicities = 0.67819213 and 1
Contact between PHE and PHE
Hydrophobicities = 0.0814021 and 0.0814021
Contact between ALA and ASN
Hydrophobicities = 0.30953653 and 0.67819213
Contact between GLN and TYR
Hydrophobicities = 0.72278272 and 0.21646225
Contact between GLN and ASN
Hydrophobicities = 0.72278272 and 0.67819213
Contact between GLN and ASP
Hydrophobicities = 0.72278272 and 0.75367063
Contact between GLU and ASN
Hydrophobicities = 0.87591947 and 0.67819213
Contact between ARG and PHE
Hydrophobicities = 0.72002943 and 0.0814021
Contact between ARG and TYR
Hydrophobicities = 0.72002943 and 0.21646225
Contact between GLN and PHE
Hydrophobicities = 0.72278272 and 0.0814021
Contact between GLN and ASN
Hydrophobicities = 0.72278272 and 0.67819213
Contact between GLN and ASP
Hydrophobicities = 0.72278272 and 0.75367063
Contact between GLN and TRP
Hydrophobicities = 0.72278272 and 0.14290738
Contact between GLN and CYS
Hydrophobicities = 0.72278272 and 0
Contact between GLN and ASN
Hydrophobicities = 0.72278272 and 0.67819213
Contact between TYR and ASN
Hydrophobicities = 0.21646225 and 0.67819213
Contact between TYR and GLY
Hydrophobicities = 0.21646225 and 0.46477639
Contact between TYR and CYS
Hydrophobicities = 0.21646225 and 0
Contact between PRO and ASN
Hydrophobicities = 0.65123555 and 0.67819213
Contact between PRO and VAL
Hydrophobicities = 0.65123555 and 0.10992156
Contact between PRO and PHE
Hydrophobicities = 0.65123555 and 0.0814021
Contact between SER and VAL
Hydrophobicities = 0.52365422 and 0.10992156
Contact between SER and ASN
Hydrophobicities = 0.52365422 and 0.67819213
Filename is complex.0_12_35_corrected_H_0001.pdb
Processing complex.0_12_35_corrected_H_0001.pdb
54
Contacts in Chain A: 54 + Contacts in Chain B: 54
Lengths are equal. Proceeding to compare hydrophobicities.
-----------------------------------------------------
Contact between LEU and PHE
Hydrophobicities = 0.10211201 and 0.0814021
Contact between SER and ASN
Hydrophobicities = 0.52365422 and 0.67819213
Contact between THR and PHE
Hydrophobicities = 0.47798833 and 0.0814021
Contact between VAL and PHE
Hydrophobicities = 0.10992156 and 0.0814021
Contact between VAL and GLY
Hydrophobicities = 0.10992156 and 0.46477639
Contact between VAL and GLU
Hydrophobicities = 0.10992156 and 0.87591947
Contact between VAL and ASN
Hydrophobicities = 0.10992156 and 0.67819213
Contact between ASN and GLY
Hydrophobicities = 0.67819213 and 0.46477639
Contact between ASN and PHE
Hydrophobicities = 0.67819213 and 0.0814021
Contact between ASN and LEU
Hydrophobicities = 0.67819213 and 0.10211201
Contact between ASN and ASP
Hydrophobicities = 0.67819213 and 0.75367063
Contact between ASN and ALA
Hydrophobicities = 0.67819213 and 0.30953653
Contact between ASN and VAL
Hydrophobicities = 0.67819213 and 0.10992156
Contact between ASN and ASN
Hydrophobicities = 0.67819213 and 0.67819213
Contact between ASN and ILE
Hydrophobicities = 0.67819213 and 0.06280283
Contact between ASN and GLY
Hydrophobicities = 0.67819213 and 0.46477639
Contact between ASN and ASP
Hydrophobicities = 0.67819213 and 0.75367063
Contact between SER and ASP
Hydrophobicities = 0.52365422 and 0.75367063
Contact between LYS and PHE
Hydrophobicities = 1 and 0.0814021
Contact between ARG and VAL
Hydrophobicities = 0.72002943 and 0.10992156
Contact between ASN and CYS
Hydrophobicities = 0.67819213 and 0
Contact between ASN and TYR
Hydrophobicities = 0.67819213 and 0.21646225
Contact between ALA and GLY
Hydrophobicities = 0.30953653 and 0.46477639
Contact between ALA and CYS
Hydrophobicities = 0.30953653 and 0
Contact between SER and GLU
Hydrophobicities = 0.52365422 and 0.87591947
Contact between SER and PHE
Hydrophobicities = 0.52365422 and 0.0814021
Contact between ILE and PHE
Hydrophobicities = 0.06280283 and 0.0814021
Contact between ASN and GLY
Hydrophobicities = 0.67819213 and 0.46477639
Contact between ASN and ASP
Hydrophobicities = 0.67819213 and 0.75367063
Contact between ASN and LYS
Hydrophobicities = 0.67819213 and 1
Contact between ASN and SER
Hydrophobicities = 0.67819213 and 0.52365422
Contact between ASN and GLU
Hydrophobicities = 0.67819213 and 0.87591947
Contact between ASN and TYR
Hydrophobicities = 0.67819213 and 0.21646225
Contact between PHE and PHE
Hydrophobicities = 0.0814021 and 0.0814021
Contact between PHE and TYR
Hydrophobicities = 0.0814021 and 0.21646225
Contact between ALA and ASN
Hydrophobicities = 0.30953653 and 0.67819213
Contact between GLN and TYR
Hydrophobicities = 0.72278272 and 0.21646225
Contact between GLN and ASP
Hydrophobicities = 0.72278272 and 0.75367063
Contact between GLN and ASP
Hydrophobicities = 0.72278272 and 0.75367063
Contact between GLN and LYS
Hydrophobicities = 0.72278272 and 1
Contact between GLN and HIS
Hydrophobicities = 0.72278272 and 0.48907553
Contact between ASN and TYR
Hydrophobicities = 0.67819213 and 0.21646225
Contact between ARG and PHE
Hydrophobicities = 0.72002943 and 0.0814021
Contact between GLN and PHE
Hydrophobicities = 0.72278272 and 0.0814021
Contact between GLN and ASN
Hydrophobicities = 0.72278272 and 0.67819213
Contact between GLN and ASP
Hydrophobicities = 0.72278272 and 0.75367063
Contact between TYR and ASN
Hydrophobicities = 0.21646225 and 0.67819213
Contact between TYR and ASP
Hydrophobicities = 0.21646225 and 0.75367063
Contact between TYR and GLY
Hydrophobicities = 0.21646225 and 0.46477639
Contact between PRO and ASN
Hydrophobicities = 0.65123555 and 0.67819213
Contact between PRO and VAL
Hydrophobicities = 0.65123555 and 0.10992156
Contact between SER and VAL
Hydrophobicities = 0.52365422 and 0.10992156
Contact between SER and ASN
Hydrophobicities = 0.52365422 and 0.67819213
Contact between LEU and ASN
Hydrophobicities = 0.10211201 and 0.67819213
Filename is complex.0_12_47_corrected_H_0001.pdb
Processing complex.0_12_47_corrected_H_0001.pdb
64
Contacts in Chain A: 64 + Contacts in Chain B: 64
Lengths are equal. Proceeding to compare hydrophobicities.
-----------------------------------------------------
Contact between LEU and PHE
Hydrophobicities = 0.10211201 and 0.0814021
Contact between SER and ASN
Hydrophobicities = 0.52365422 and 0.67819213
Contact between THR and PHE
Hydrophobicities = 0.47798833 and 0.0814021
Contact between VAL and PHE
Hydrophobicities = 0.10992156 and 0.0814021
Contact between VAL and GLY
Hydrophobicities = 0.10992156 and 0.46477639
Contact between VAL and ASN
Hydrophobicities = 0.10992156 and 0.67819213
Contact between ASN and GLY
Hydrophobicities = 0.67819213 and 0.46477639
Contact between ASN and ASP
Hydrophobicities = 0.67819213 and 0.75367063
Contact between ASN and VAL
Hydrophobicities = 0.67819213 and 0.10992156
Contact between ASN and LEU
Hydrophobicities = 0.67819213 and 0.10211201
Contact between ASN and ALA
Hydrophobicities = 0.67819213 and 0.30953653
Contact between ASN and ASN
Hydrophobicities = 0.67819213 and 0.67819213
Contact between ASN and ILE
Hydrophobicities = 0.67819213 and 0.06280283
Contact between ASN and GLY
Hydrophobicities = 0.67819213 and 0.46477639
Contact between LYS and PHE
Hydrophobicities = 1 and 0.0814021
Contact between LYS and TYR
Hydrophobicities = 1 and 0.21646225
Contact between LYS and ASP
Hydrophobicities = 1 and 0.75367063
Contact between ARG and VAL
Hydrophobicities = 0.72002943 and 0.10992156
Contact between ARG and ASP
Hydrophobicities = 0.72002943 and 0.75367063
Contact between SER and TYR
Hydrophobicities = 0.52365422 and 0.21646225
Contact between LEU and TYR
Hydrophobicities = 0.10211201 and 0.21646225
Contact between ASN and TYR
Hydrophobicities = 0.67819213 and 0.21646225
Contact between ASN and GLU
Hydrophobicities = 0.67819213 and 0.87591947
Contact between ARG and GLU
Hydrophobicities = 0.72002943 and 0.87591947
Contact between ALA and GLU
Hydrophobicities = 0.30953653 and 0.87591947
Contact between ALA and GLU
Hydrophobicities = 0.30953653 and 0.87591947
Contact between ALA and CYS
Hydrophobicities = 0.30953653 and 0
Contact between ALA and TYR
Hydrophobicities = 0.30953653 and 0.21646225
Contact between SER and GLU
Hydrophobicities = 0.52365422 and 0.87591947
Contact between SER and PHE
Hydrophobicities = 0.52365422 and 0.0814021
Contact between SER and GLY
Hydrophobicities = 0.52365422 and 0.46477639
Contact between SER and ASN
Hydrophobicities = 0.52365422 and 0.67819213
Contact between SER and LYS
Hydrophobicities = 0.52365422 and 1
Contact between ILE and PHE
Hydrophobicities = 0.06280283 and 0.0814021
Contact between ASN and GLY
Hydrophobicities = 0.67819213 and 0.46477639
Contact between ASN and TYR
Hydrophobicities = 0.67819213 and 0.21646225
Contact between ASN and ASP
Hydrophobicities = 0.67819213 and 0.75367063
Contact between ASN and SER
Hydrophobicities = 0.67819213 and 0.52365422
Contact between ASN and GLU
Hydrophobicities = 0.67819213 and 0.87591947
Contact between ASN and LYS
Hydrophobicities = 0.67819213 and 1
Contact between PHE and PHE
Hydrophobicities = 0.0814021 and 0.0814021
Contact between PHE and TYR
Hydrophobicities = 0.0814021 and 0.21646225
Contact between ALA and ASN
Hydrophobicities = 0.30953653 and 0.67819213
Contact between GLN and ASN
Hydrophobicities = 0.72278272 and 0.67819213
Contact between GLN and TYR
Hydrophobicities = 0.72278272 and 0.21646225
Contact between GLN and ASP
Hydrophobicities = 0.72278272 and 0.75367063
Contact between GLN and ASP
Hydrophobicities = 0.72278272 and 0.75367063
Contact between ASN and TYR
Hydrophobicities = 0.67819213 and 0.21646225
Contact between GLU and ASN
Hydrophobicities = 0.87591947 and 0.67819213
Contact between ARG and PHE
Hydrophobicities = 0.72002943 and 0.0814021
Contact between ARG and LEU
Hydrophobicities = 0.72002943 and 0.10211201
Contact between ARG and ASN
Hydrophobicities = 0.72002943 and 0.67819213
Contact between ARG and TYR
Hydrophobicities = 0.72002943 and 0.21646225
Contact between GLN and PHE
Hydrophobicities = 0.72278272 and 0.0814021
Contact between GLN and TRP
Hydrophobicities = 0.72278272 and 0.14290738
Contact between GLN and GLY
Hydrophobicities = 0.72278272 and 0.46477639
Contact between GLN and CYS
Hydrophobicities = 0.72278272 and 0
Contact between GLN and ASN
Hydrophobicities = 0.72278272 and 0.67819213
Contact between TYR and GLY
Hydrophobicities = 0.21646225 and 0.46477639
Contact between TYR and CYS
Hydrophobicities = 0.21646225 and 0
Contact between PRO and PHE
Hydrophobicities = 0.65123555 and 0.0814021
Contact between PRO and ASN
Hydrophobicities = 0.65123555 and 0.67819213
Contact between SER and ASN
Hydrophobicities = 0.52365422 and 0.67819213
Contact between SER and VAL
Hydrophobicities = 0.52365422 and 0.10992156
Filename is complex.0_13_14_corrected_H_0001.pdb
Processing complex.0_13_14_corrected_H_0001.pdb
54
Contacts in Chain A: 54 + Contacts in Chain B: 54
Lengths are equal. Proceeding to compare hydrophobicities.
-----------------------------------------------------
Contact between LEU and PHE
Hydrophobicities = 0.10211201 and 0.0814021
Contact between SER and ASN
Hydrophobicities = 0.52365422 and 0.67819213
Contact between SER and GLU
Hydrophobicities = 0.52365422 and 0.87591947
Contact between THR and PHE
Hydrophobicities = 0.47798833 and 0.0814021
Contact between VAL and PHE
Hydrophobicities = 0.10992156 and 0.0814021
Contact between VAL and GLY
Hydrophobicities = 0.10992156 and 0.46477639
Contact between VAL and GLU
Hydrophobicities = 0.10992156 and 0.87591947
Contact between VAL and ASN
Hydrophobicities = 0.10992156 and 0.67819213
Contact between ASN and GLY
Hydrophobicities = 0.67819213 and 0.46477639
Contact between ASN and ASP
Hydrophobicities = 0.67819213 and 0.75367063
Contact between ASN and VAL
Hydrophobicities = 0.67819213 and 0.10992156
Contact between ASN and ASN
Hydrophobicities = 0.67819213 and 0.67819213
Contact between ASN and LEU
Hydrophobicities = 0.67819213 and 0.10211201
Contact between ASN and ILE
Hydrophobicities = 0.67819213 and 0.06280283
Contact between ASN and PHE
Hydrophobicities = 0.67819213 and 0.0814021
Contact between ASN and ALA
Hydrophobicities = 0.67819213 and 0.30953653
Contact between LYS and PHE
Hydrophobicities = 1 and 0.0814021
Contact between SER and VAL
Hydrophobicities = 0.52365422 and 0.10992156
Contact between ARG and VAL
Hydrophobicities = 0.72002943 and 0.10992156
Contact between ARG and ASP
Hydrophobicities = 0.72002943 and 0.75367063
Contact between ASN and TYR
Hydrophobicities = 0.67819213 and 0.21646225
Contact between ASN and CYS
Hydrophobicities = 0.67819213 and 0
Contact between ASN and ASN
Hydrophobicities = 0.67819213 and 0.67819213
Contact between ALA and CYS
Hydrophobicities = 0.30953653 and 0
Contact between ALA and GLY
Hydrophobicities = 0.30953653 and 0.46477639
Contact between SER and GLU
Hydrophobicities = 0.52365422 and 0.87591947
Contact between SER and PHE
Hydrophobicities = 0.52365422 and 0.0814021
Contact between ILE and PHE
Hydrophobicities = 0.06280283 and 0.0814021
Contact between ASN and GLY
Hydrophobicities = 0.67819213 and 0.46477639
Contact between ASN and ASP
Hydrophobicities = 0.67819213 and 0.75367063
Contact between ASN and SER
Hydrophobicities = 0.67819213 and 0.52365422
Contact between ASN and GLU
Hydrophobicities = 0.67819213 and 0.87591947
Contact between ASN and LYS
Hydrophobicities = 0.67819213 and 1
Contact between ASN and TYR
Hydrophobicities = 0.67819213 and 0.21646225
Contact between PHE and PHE
Hydrophobicities = 0.0814021 and 0.0814021
Contact between ALA and ASN
Hydrophobicities = 0.30953653 and 0.67819213
Contact between GLN and TYR
Hydrophobicities = 0.72278272 and 0.21646225
Contact between GLN and ASP
Hydrophobicities = 0.72278272 and 0.75367063
Contact between GLN and ASP
Hydrophobicities = 0.72278272 and 0.75367063
Contact between ASN and TYR
Hydrophobicities = 0.67819213 and 0.21646225
Contact between ARG and PHE
Hydrophobicities = 0.72002943 and 0.0814021
Contact between GLN and PHE
Hydrophobicities = 0.72278272 and 0.0814021
Contact between GLN and ASN
Hydrophobicities = 0.72278272 and 0.67819213
Contact between GLN and ASN
Hydrophobicities = 0.72278272 and 0.67819213
Contact between TYR and ASN
Hydrophobicities = 0.21646225 and 0.67819213
Contact between TYR and PHE
Hydrophobicities = 0.21646225 and 0.0814021
Contact between TYR and GLY
Hydrophobicities = 0.21646225 and 0.46477639
Contact between TYR and CYS
Hydrophobicities = 0.21646225 and 0
Contact between PRO and ASN
Hydrophobicities = 0.65123555 and 0.67819213
Contact between PRO and VAL
Hydrophobicities = 0.65123555 and 0.10992156
Contact between PRO and PHE
Hydrophobicities = 0.65123555 and 0.0814021
Contact between SER and ASN
Hydrophobicities = 0.52365422 and 0.67819213
Contact between SER and VAL
Hydrophobicities = 0.52365422 and 0.10992156
Contact between LEU and ASN
Hydrophobicities = 0.10211201 and 0.67819213
Filename is complex.0_13_18_corrected_H_0001.pdb
Processing complex.0_13_18_corrected_H_0001.pdb
41
Contacts in Chain A: 41 + Contacts in Chain B: 41
Lengths are equal. Proceeding to compare hydrophobicities.
-----------------------------------------------------
Contact between VAL and PHE
Hydrophobicities = 0.10992156 and 0.0814021
Contact between ASN and PHE
Hydrophobicities = 0.67819213 and 0.0814021
Contact between ASN and ASN
Hydrophobicities = 0.67819213 and 0.67819213
Contact between ASN and GLU
Hydrophobicities = 0.67819213 and 0.87591947
Contact between ASN and GLY
Hydrophobicities = 0.67819213 and 0.46477639
Contact between LYS and PHE
Hydrophobicities = 1 and 0.0814021
Contact between VAL and VAL
Hydrophobicities = 0.10992156 and 0.10992156
Contact between SER and VAL
Hydrophobicities = 0.52365422 and 0.10992156
Contact between ARG and VAL
Hydrophobicities = 0.72002943 and 0.10992156
Contact between ARG and ASP
Hydrophobicities = 0.72002943 and 0.75367063
Contact between SER and ASN
Hydrophobicities = 0.52365422 and 0.67819213
Contact between ASN and CYS
Hydrophobicities = 0.67819213 and 0
Contact between ASN and TYR
Hydrophobicities = 0.67819213 and 0.21646225
Contact between ASN and ASN
Hydrophobicities = 0.67819213 and 0.67819213
Contact between ALA and GLY
Hydrophobicities = 0.30953653 and 0.46477639
Contact between ALA and CYS
Hydrophobicities = 0.30953653 and 0
Contact between SER and PHE
Hydrophobicities = 0.52365422 and 0.0814021
Contact between SER and GLU
Hydrophobicities = 0.52365422 and 0.87591947
Contact between ASN and ASP
Hydrophobicities = 0.67819213 and 0.75367063
Contact between ASN and GLY
Hydrophobicities = 0.67819213 and 0.46477639
Contact between ALA and ASN
Hydrophobicities = 0.30953653 and 0.67819213
Contact between GLN and ASP
Hydrophobicities = 0.72278272 and 0.75367063
Contact between GLN and TYR
Hydrophobicities = 0.72278272 and 0.21646225
Contact between GLU and TYR
Hydrophobicities = 0.87591947 and 0.21646225
Contact between ARG and PHE
Hydrophobicities = 0.72002943 and 0.0814021
Contact between ARG and VAL
Hydrophobicities = 0.72002943 and 0.10992156
Contact between ARG and TYR
Hydrophobicities = 0.72002943 and 0.21646225
Contact between GLN and PHE
Hydrophobicities = 0.72278272 and 0.0814021
Contact between GLN and ASN
Hydrophobicities = 0.72278272 and 0.67819213
Contact between GLN and VAL
Hydrophobicities = 0.72278272 and 0.10992156
Contact between GLN and ASP
Hydrophobicities = 0.72278272 and 0.75367063
Contact between TYR and ASN
Hydrophobicities = 0.21646225 and 0.67819213
Contact between TYR and PHE
Hydrophobicities = 0.21646225 and 0.0814021
Contact between TYR and ASP
Hydrophobicities = 0.21646225 and 0.75367063
Contact between TYR and GLY
Hydrophobicities = 0.21646225 and 0.46477639
Contact between TYR and TRP
Hydrophobicities = 0.21646225 and 0.14290738
Contact between PRO and VAL
Hydrophobicities = 0.65123555 and 0.10992156
Contact between PRO and ASN
Hydrophobicities = 0.65123555 and 0.67819213
Contact between SER and VAL
Hydrophobicities = 0.52365422 and 0.10992156
Contact between SER and ASN
Hydrophobicities = 0.52365422 and 0.67819213
Contact between LEU and ASN
Hydrophobicities = 0.10211201 and 0.67819213
Filename is complex.0_13_26_corrected_H_0001.pdb
Processing complex.0_13_26_corrected_H_0001.pdb
47
Contacts in Chain A: 47 + Contacts in Chain B: 47
Lengths are equal. Proceeding to compare hydrophobicities.
-----------------------------------------------------
Contact between LEU and PHE
Hydrophobicities = 0.10211201 and 0.0814021
Contact between THR and PHE
Hydrophobicities = 0.47798833 and 0.0814021
Contact between VAL and PHE
Hydrophobicities = 0.10992156 and 0.0814021
Contact between VAL and GLY
Hydrophobicities = 0.10992156 and 0.46477639
Contact between VAL and GLU
Hydrophobicities = 0.10992156 and 0.87591947
Contact between VAL and ASN
Hydrophobicities = 0.10992156 and 0.67819213
Contact between ASN and GLY
Hydrophobicities = 0.67819213 and 0.46477639
Contact between ASN and ASN
Hydrophobicities = 0.67819213 and 0.67819213
Contact between ASN and VAL
Hydrophobicities = 0.67819213 and 0.10992156
Contact between SER and ASP
Hydrophobicities = 0.52365422 and 0.75367063
Contact between LYS and PHE
Hydrophobicities = 1 and 0.0814021
Contact between LYS and GLY
Hydrophobicities = 1 and 0.46477639
Contact between LYS and TYR
Hydrophobicities = 1 and 0.21646225
Contact between LYS and ASP
Hydrophobicities = 1 and 0.75367063
Contact between ARG and TYR
Hydrophobicities = 0.72002943 and 0.21646225
Contact between ARG and VAL
Hydrophobicities = 0.72002943 and 0.10992156
Contact between ARG and ASP
Hydrophobicities = 0.72002943 and 0.75367063
Contact between ASN and CYS
Hydrophobicities = 0.67819213 and 0
Contact between ASN and TYR
Hydrophobicities = 0.67819213 and 0.21646225
Contact between ASN and ASN
Hydrophobicities = 0.67819213 and 0.67819213
Contact between ALA and CYS
Hydrophobicities = 0.30953653 and 0
Contact between ALA and GLY
Hydrophobicities = 0.30953653 and 0.46477639
Contact between SER and GLU
Hydrophobicities = 0.52365422 and 0.87591947
Contact between SER and PHE
Hydrophobicities = 0.52365422 and 0.0814021
Contact between ILE and PHE
Hydrophobicities = 0.06280283 and 0.0814021
Contact between ASN and GLY
Hydrophobicities = 0.67819213 and 0.46477639
Contact between ASN and TYR
Hydrophobicities = 0.67819213 and 0.21646225
Contact between ASN and ASP
Hydrophobicities = 0.67819213 and 0.75367063
Contact between ASN and ASN
Hydrophobicities = 0.67819213 and 0.67819213
Contact between ASN and LYS
Hydrophobicities = 0.67819213 and 1
Contact between PHE and TYR
Hydrophobicities = 0.0814021 and 0.21646225
Contact between PHE and PHE
Hydrophobicities = 0.0814021 and 0.0814021
Contact between GLN and TYR
Hydrophobicities = 0.72278272 and 0.21646225
Contact between GLN and ASN
Hydrophobicities = 0.72278272 and 0.67819213
Contact between GLN and ASP
Hydrophobicities = 0.72278272 and 0.75367063
Contact between ASN and TYR
Hydrophobicities = 0.67819213 and 0.21646225
Contact between ARG and PHE
Hydrophobicities = 0.72002943 and 0.0814021
Contact between GLN and PHE
Hydrophobicities = 0.72278272 and 0.0814021
Contact between GLN and ASN
Hydrophobicities = 0.72278272 and 0.67819213
Contact between GLN and ASP
Hydrophobicities = 0.72278272 and 0.75367063
Contact between TYR and ASN
Hydrophobicities = 0.21646225 and 0.67819213
Contact between TYR and GLY
Hydrophobicities = 0.21646225 and 0.46477639
Contact between TYR and ASP
Hydrophobicities = 0.21646225 and 0.75367063
Contact between PRO and VAL
Hydrophobicities = 0.65123555 and 0.10992156
Contact between PRO and ASN
Hydrophobicities = 0.65123555 and 0.67819213
Contact between SER and VAL
Hydrophobicities = 0.52365422 and 0.10992156
Contact between SER and ASN
Hydrophobicities = 0.52365422 and 0.67819213
Filename is complex.0_13_31_corrected_H_0001.pdb
Processing complex.0_13_31_corrected_H_0001.pdb
54
Contacts in Chain A: 54 + Contacts in Chain B: 54
Lengths are equal. Proceeding to compare hydrophobicities.
-----------------------------------------------------
Contact between LEU and PHE
Hydrophobicities = 0.10211201 and 0.0814021
Contact between SER and ASN
Hydrophobicities = 0.52365422 and 0.67819213
Contact between THR and PHE
Hydrophobicities = 0.47798833 and 0.0814021
Contact between VAL and PHE
Hydrophobicities = 0.10992156 and 0.0814021
Contact between VAL and GLY
Hydrophobicities = 0.10992156 and 0.46477639
Contact between VAL and GLU
Hydrophobicities = 0.10992156 and 0.87591947
Contact between VAL and ASN
Hydrophobicities = 0.10992156 and 0.67819213
Contact between ASN and GLY
Hydrophobicities = 0.67819213 and 0.46477639
Contact between ASN and VAL
Hydrophobicities = 0.67819213 and 0.10992156
Contact between ASN and ASN
Hydrophobicities = 0.67819213 and 0.67819213
Contact between ASN and ILE
Hydrophobicities = 0.67819213 and 0.06280283
Contact between SER and ASP
Hydrophobicities = 0.52365422 and 0.75367063
Contact between LYS and PHE
Hydrophobicities = 1 and 0.0814021
Contact between LYS and TYR
Hydrophobicities = 1 and 0.21646225
Contact between ARG and VAL
Hydrophobicities = 0.72002943 and 0.10992156
Contact between ASN and CYS
Hydrophobicities = 0.67819213 and 0
Contact between ASN and TYR
Hydrophobicities = 0.67819213 and 0.21646225
Contact between ALA and GLY
Hydrophobicities = 0.30953653 and 0.46477639
Contact between ALA and CYS
Hydrophobicities = 0.30953653 and 0
Contact between SER and GLU
Hydrophobicities = 0.52365422 and 0.87591947
Contact between SER and PHE
Hydrophobicities = 0.52365422 and 0.0814021
Contact between ILE and PHE
Hydrophobicities = 0.06280283 and 0.0814021
Contact between ASN and GLY
Hydrophobicities = 0.67819213 and 0.46477639
Contact between ASN and TYR
Hydrophobicities = 0.67819213 and 0.21646225
Contact between ASN and ASP
Hydrophobicities = 0.67819213 and 0.75367063
Contact between ASN and SER
Hydrophobicities = 0.67819213 and 0.52365422
Contact between ASN and GLU
Hydrophobicities = 0.67819213 and 0.87591947
Contact between ASN and LYS
Hydrophobicities = 0.67819213 and 1
Contact between PHE and TYR
Hydrophobicities = 0.0814021 and 0.21646225
Contact between PHE and PHE
Hydrophobicities = 0.0814021 and 0.0814021
Contact between ALA and ASN
Hydrophobicities = 0.30953653 and 0.67819213
Contact between GLN and TYR
Hydrophobicities = 0.72278272 and 0.21646225
Contact between GLN and ASP
Hydrophobicities = 0.72278272 and 0.75367063
Contact between GLN and ASP
Hydrophobicities = 0.72278272 and 0.75367063
Contact between GLN and HIS
Hydrophobicities = 0.72278272 and 0.48907553
Contact between GLN and LYS
Hydrophobicities = 0.72278272 and 1
Contact between ASN and TYR
Hydrophobicities = 0.67819213 and 0.21646225
Contact between ARG and PHE
Hydrophobicities = 0.72002943 and 0.0814021
Contact between ARG and LEU
Hydrophobicities = 0.72002943 and 0.10211201
Contact between GLN and PHE
Hydrophobicities = 0.72278272 and 0.0814021
Contact between GLN and ASN
Hydrophobicities = 0.72278272 and 0.67819213
Contact between GLN and ASP
Hydrophobicities = 0.72278272 and 0.75367063
Contact between GLN and TRP
Hydrophobicities = 0.72278272 and 0.14290738
Contact between GLN and CYS
Hydrophobicities = 0.72278272 and 0
Contact between GLN and GLY
Hydrophobicities = 0.72278272 and 0.46477639
Contact between TYR and ASN
Hydrophobicities = 0.21646225 and 0.67819213
Contact between TYR and GLY
Hydrophobicities = 0.21646225 and 0.46477639
Contact between TYR and ASP
Hydrophobicities = 0.21646225 and 0.75367063
Contact between TYR and CYS
Hydrophobicities = 0.21646225 and 0
Contact between PRO and ASN
Hydrophobicities = 0.65123555 and 0.67819213
Contact between PRO and VAL
Hydrophobicities = 0.65123555 and 0.10992156
Contact between PRO and PHE
Hydrophobicities = 0.65123555 and 0.0814021
Contact between SER and VAL
Hydrophobicities = 0.52365422 and 0.10992156
Contact between SER and ASN
Hydrophobicities = 0.52365422 and 0.67819213
Filename is complex.0_13_34_corrected_H_0001.pdb
Processing complex.0_13_34_corrected_H_0001.pdb
52
Contacts in Chain A: 52 + Contacts in Chain B: 52
Lengths are equal. Proceeding to compare hydrophobicities.
-----------------------------------------------------
Contact between LEU and PHE
Hydrophobicities = 0.10211201 and 0.0814021
Contact between SER and ASN
Hydrophobicities = 0.52365422 and 0.67819213
Contact between VAL and PHE
Hydrophobicities = 0.10992156 and 0.0814021
Contact between VAL and GLY
Hydrophobicities = 0.10992156 and 0.46477639
Contact between VAL and ASN
Hydrophobicities = 0.10992156 and 0.67819213
Contact between ASN and GLY
Hydrophobicities = 0.67819213 and 0.46477639
Contact between ASN and PHE
Hydrophobicities = 0.67819213 and 0.0814021
Contact between ASN and ASP
Hydrophobicities = 0.67819213 and 0.75367063
Contact between ASN and LEU
Hydrophobicities = 0.67819213 and 0.10211201
Contact between ASN and VAL
Hydrophobicities = 0.67819213 and 0.10992156
Contact between ASN and ASN
Hydrophobicities = 0.67819213 and 0.67819213
Contact between ASN and ILE
Hydrophobicities = 0.67819213 and 0.06280283
Contact between ASN and GLY
Hydrophobicities = 0.67819213 and 0.46477639
Contact between ASN and ASP
Hydrophobicities = 0.67819213 and 0.75367063
Contact between SER and PHE
Hydrophobicities = 0.52365422 and 0.0814021
Contact between SER and ASP
Hydrophobicities = 0.52365422 and 0.75367063
Contact between LYS and PHE
Hydrophobicities = 1 and 0.0814021
Contact between LYS and TYR
Hydrophobicities = 1 and 0.21646225
Contact between ASN and CYS
Hydrophobicities = 0.67819213 and 0
Contact between ASN and TYR
Hydrophobicities = 0.67819213 and 0.21646225
Contact between ASN and ASN
Hydrophobicities = 0.67819213 and 0.67819213
Contact between ALA and GLY
Hydrophobicities = 0.30953653 and 0.46477639
Contact between ALA and CYS
Hydrophobicities = 0.30953653 and 0
Contact between SER and GLU
Hydrophobicities = 0.52365422 and 0.87591947
Contact between SER and PHE
Hydrophobicities = 0.52365422 and 0.0814021
Contact between SER and LYS
Hydrophobicities = 0.52365422 and 1
Contact between ILE and PHE
Hydrophobicities = 0.06280283 and 0.0814021
Contact between ASN and GLY
Hydrophobicities = 0.67819213 and 0.46477639
Contact between ASN and ASP
Hydrophobicities = 0.67819213 and 0.75367063
Contact between ASN and LYS
Hydrophobicities = 0.67819213 and 1
Contact between ASN and TYR
Hydrophobicities = 0.67819213 and 0.21646225
Contact between PHE and PHE
Hydrophobicities = 0.0814021 and 0.0814021
Contact between PHE and TYR
Hydrophobicities = 0.0814021 and 0.21646225
Contact between ALA and ASN
Hydrophobicities = 0.30953653 and 0.67819213
Contact between GLN and TYR
Hydrophobicities = 0.72278272 and 0.21646225
Contact between GLN and ASP
Hydrophobicities = 0.72278272 and 0.75367063
Contact between GLN and HIS
Hydrophobicities = 0.72278272 and 0.48907553
Contact between GLN and ASP
Hydrophobicities = 0.72278272 and 0.75367063
Contact between GLN and LYS
Hydrophobicities = 0.72278272 and 1
Contact between ASN and TYR
Hydrophobicities = 0.67819213 and 0.21646225
Contact between ARG and PHE
Hydrophobicities = 0.72002943 and 0.0814021
Contact between GLN and PHE
Hydrophobicities = 0.72278272 and 0.0814021
Contact between GLN and ASN
Hydrophobicities = 0.72278272 and 0.67819213
Contact between GLN and ASP
Hydrophobicities = 0.72278272 and 0.75367063
Contact between TYR and ASN
Hydrophobicities = 0.21646225 and 0.67819213
Contact between TYR and ASP
Hydrophobicities = 0.21646225 and 0.75367063
Contact between TYR and GLY
Hydrophobicities = 0.21646225 and 0.46477639
Contact between PRO and ASN
Hydrophobicities = 0.65123555 and 0.67819213
Contact between PRO and VAL
Hydrophobicities = 0.65123555 and 0.10992156
Contact between SER and VAL
Hydrophobicities = 0.52365422 and 0.10992156
Contact between SER and ASN
Hydrophobicities = 0.52365422 and 0.67819213
Contact between LEU and ASN
Hydrophobicities = 0.10211201 and 0.67819213
Filename is complex.0_13_3_corrected_H_0001.pdb
Processing complex.0_13_3_corrected_H_0001.pdb
54
Contacts in Chain A: 54 + Contacts in Chain B: 54
Lengths are equal. Proceeding to compare hydrophobicities.
-----------------------------------------------------
Contact between LEU and PHE
Hydrophobicities = 0.10211201 and 0.0814021
Contact between SER and ASN
Hydrophobicities = 0.52365422 and 0.67819213
Contact between THR and PHE
Hydrophobicities = 0.47798833 and 0.0814021
Contact between VAL and PHE
Hydrophobicities = 0.10992156 and 0.0814021
Contact between VAL and GLY
Hydrophobicities = 0.10992156 and 0.46477639
Contact between VAL and ASN
Hydrophobicities = 0.10992156 and 0.67819213
Contact between ASN and GLY
Hydrophobicities = 0.67819213 and 0.46477639
Contact between ASN and VAL
Hydrophobicities = 0.67819213 and 0.10992156
Contact between ASN and ASN
Hydrophobicities = 0.67819213 and 0.67819213
Contact between ASN and ILE
Hydrophobicities = 0.67819213 and 0.06280283
Contact between SER and ASP
Hydrophobicities = 0.52365422 and 0.75367063
Contact between LYS and PHE
Hydrophobicities = 1 and 0.0814021
Contact between LYS and TYR
Hydrophobicities = 1 and 0.21646225
Contact between SER and VAL
Hydrophobicities = 0.52365422 and 0.10992156
Contact between ARG and VAL
Hydrophobicities = 0.72002943 and 0.10992156
Contact between ARG and ASP
Hydrophobicities = 0.72002943 and 0.75367063
Contact between ARG and THR
Hydrophobicities = 0.72002943 and 0.47798833
Contact between ASN and CYS
Hydrophobicities = 0.67819213 and 0
Contact between ASN and TYR
Hydrophobicities = 0.67819213 and 0.21646225
Contact between ASN and ASN
Hydrophobicities = 0.67819213 and 0.67819213
Contact between ALA and CYS
Hydrophobicities = 0.30953653 and 0
Contact between ALA and GLY
Hydrophobicities = 0.30953653 and 0.46477639
Contact between SER and PHE
Hydrophobicities = 0.52365422 and 0.0814021
Contact between SER and GLU
Hydrophobicities = 0.52365422 and 0.87591947
Contact between ILE and PHE
Hydrophobicities = 0.06280283 and 0.0814021
Contact between ASN and GLY
Hydrophobicities = 0.67819213 and 0.46477639
Contact between ASN and ASP
Hydrophobicities = 0.67819213 and 0.75367063
Contact between ASN and ASN
Hydrophobicities = 0.67819213 and 0.67819213
Contact between ASN and LYS
Hydrophobicities = 0.67819213 and 1
Contact between ASN and TYR
Hydrophobicities = 0.67819213 and 0.21646225
Contact between PHE and TYR
Hydrophobicities = 0.0814021 and 0.21646225
Contact between PHE and PHE
Hydrophobicities = 0.0814021 and 0.0814021
Contact between ALA and ASN
Hydrophobicities = 0.30953653 and 0.67819213
Contact between GLN and ASN
Hydrophobicities = 0.72278272 and 0.67819213
Contact between GLN and TYR
Hydrophobicities = 0.72278272 and 0.21646225
Contact between GLN and ASP
Hydrophobicities = 0.72278272 and 0.75367063
Contact between GLN and ASP
Hydrophobicities = 0.72278272 and 0.75367063
Contact between ASN and TYR
Hydrophobicities = 0.67819213 and 0.21646225
Contact between GLU and TYR
Hydrophobicities = 0.87591947 and 0.21646225
Contact between ARG and PHE
Hydrophobicities = 0.72002943 and 0.0814021
Contact between ARG and TYR
Hydrophobicities = 0.72002943 and 0.21646225
Contact between GLN and PHE
Hydrophobicities = 0.72278272 and 0.0814021
Contact between GLN and ASN
Hydrophobicities = 0.72278272 and 0.67819213
Contact between GLN and ASP
Hydrophobicities = 0.72278272 and 0.75367063
Contact between TYR and ASN
Hydrophobicities = 0.21646225 and 0.67819213
Contact between TYR and VAL
Hydrophobicities = 0.21646225 and 0.10992156
Contact between TYR and PHE
Hydrophobicities = 0.21646225 and 0.0814021
Contact between TYR and ASP
Hydrophobicities = 0.21646225 and 0.75367063
Contact between TYR and GLY
Hydrophobicities = 0.21646225 and 0.46477639
Contact between TYR and TRP
Hydrophobicities = 0.21646225 and 0.14290738
Contact between PRO and VAL
Hydrophobicities = 0.65123555 and 0.10992156
Contact between PRO and ASN
Hydrophobicities = 0.65123555 and 0.67819213
Contact between SER and VAL
Hydrophobicities = 0.52365422 and 0.10992156
Contact between SER and ASN
Hydrophobicities = 0.52365422 and 0.67819213
Filename is complex.0_13_44_corrected_H_0001.pdb
Processing complex.0_13_44_corrected_H_0001.pdb
