RANKING IS [1, 1, 3, 2]
WEIGHTS ARE [0.35294118 0.35294118 0.11764706 0.17647059]
Cross-Validation R² scores: [0.43534511 0.4214287  0.25222082 0.54808478 0.21983803]
Mean CV R² score: 0.3753834891138516
BEGINNING TRAINING
DONE TRAINING
DONE PREDICTING
Test MAE: 0.1937159972037856
Test MSE: 0.07621260319206402
Test R²: 0.21827527646416578
                                  pdb_file  actual_DockQ  prediction
0      complex.0_0_14_corrected_H_0001_T30         0.030    0.105210
1      complex.0_0_16_corrected_H_0001_T30         0.044    0.109591
2      complex.0_0_24_corrected_H_0001_T30         0.029    0.095616
3      complex.0_0_25_corrected_H_0001_T30         0.048    0.113769
4      complex.0_0_31_corrected_H_0001_T30         0.043    0.109789
...                                    ...           ...         ...
21301  complex.9752_1_corrected_H_0001_T54         0.071    0.110333
21302  complex.9768_3_corrected_H_0001_T54         0.026    0.126945
21303  complex.9780_3_corrected_H_0001_T54         0.067    0.105518
21304  complex.9780_5_corrected_H_0001_T54         0.072    0.114857
21305  complex.9964_5_corrected_H_0001_T54         0.156    0.120807

[21306 rows x 3 columns]
